ARM GAS  C:\Users\ADMINI~1\AppData\Local\Temp\ccW14mzX.s 			page 1


   1              		.cpu cortex-m0
   2              		.fpu softvfp
   3              		.eabi_attribute 20, 1
   4              		.eabi_attribute 21, 1
   5              		.eabi_attribute 23, 3
   6              		.eabi_attribute 24, 1
   7              		.eabi_attribute 25, 1
   8              		.eabi_attribute 26, 1
   9              		.eabi_attribute 30, 4
  10              		.eabi_attribute 34, 0
  11              		.eabi_attribute 18, 4
  12              		.code	16
  13              		.file	"debug.c"
  14              		.text
  15              	.Ltext0:
  16              		.cfi_sections	.debug_frame
  17              		.section	.text.ShowValue,"ax",%progbits
  18              		.align	1
  19              		.global	ShowValue
  20              		.code	16
  21              		.thumb_func
  22              		.type	ShowValue, %function
  23              	ShowValue:
  24              	.LFB37:
  25              		.file 1 ".\\debug.c"
   1:.\debug.c     **** /*******************************************************************************
   2:.\debug.c     **** * File Name: debug.c
   3:.\debug.c     **** *
   4:.\debug.c     **** * Version: 1.0
   5:.\debug.c     **** *
   6:.\debug.c     **** * Description:
   7:.\debug.c     **** *  This file contains functions for printf functionality.
   8:.\debug.c     **** *
   9:.\debug.c     **** * Hardware Dependency:
  10:.\debug.c     **** *  CY8CKIT-042 BLE
  11:.\debug.c     **** * 
  12:.\debug.c     **** ********************************************************************************
  13:.\debug.c     **** * Copyright 2015, Cypress Semiconductor Corporation.  All rights reserved.
  14:.\debug.c     **** * You may use this file only in accordance with the license, terms, conditions,
  15:.\debug.c     **** * disclaimers, and limitations in the end user license agreement accompanying
  16:.\debug.c     **** * the software package with which this file was provided.
  17:.\debug.c     **** *******************************************************************************/
  18:.\debug.c     **** 
  19:.\debug.c     **** 
  20:.\debug.c     **** #include <project.h>
  21:.\debug.c     **** #include <stdio.h>
  22:.\debug.c     **** #include "common.h"
  23:.\debug.c     **** #include <OTAMandatory.h>
  24:.\debug.c     **** 
  25:.\debug.c     **** #if (DEBUG_UART_ENABLED == ENABLED)
  26:.\debug.c     **** 
  27:.\debug.c     **** #if defined(__ARMCC_VERSION)
  28:.\debug.c     ****     
  29:.\debug.c     **** /* For MDK/RVDS compiler revise fputc function for printf functionality */
  30:.\debug.c     **** struct __FILE 
  31:.\debug.c     **** {
  32:.\debug.c     ****     int handle;  
ARM GAS  C:\Users\ADMINI~1\AppData\Local\Temp\ccW14mzX.s 			page 2


  33:.\debug.c     **** };
  34:.\debug.c     **** 
  35:.\debug.c     **** enum 
  36:.\debug.c     **** {
  37:.\debug.c     ****     STDIN_HANDLE,
  38:.\debug.c     ****     STDOUT_HANDLE,
  39:.\debug.c     ****     STDERR_HANDLE
  40:.\debug.c     **** };
  41:.\debug.c     **** 
  42:.\debug.c     **** FILE __stdin = {STDIN_HANDLE};
  43:.\debug.c     **** FILE __stdout = {STDOUT_HANDLE};
  44:.\debug.c     **** FILE __stderr = {STDERR_HANDLE};
  45:.\debug.c     **** 
  46:.\debug.c     **** int fputc(int ch, FILE *file) 
  47:.\debug.c     **** {
  48:.\debug.c     ****     int ret = EOF;
  49:.\debug.c     **** 
  50:.\debug.c     ****     switch( file->handle )
  51:.\debug.c     ****     {
  52:.\debug.c     ****         case STDOUT_HANDLE:
  53:.\debug.c     ****             UART_DEB_UartPutChar(ch);
  54:.\debug.c     ****             ret = ch ;
  55:.\debug.c     ****             break ;
  56:.\debug.c     **** 
  57:.\debug.c     ****         case STDERR_HANDLE:
  58:.\debug.c     ****             ret = ch ;
  59:.\debug.c     ****             break ;
  60:.\debug.c     **** 
  61:.\debug.c     ****         default:
  62:.\debug.c     ****             file = file;
  63:.\debug.c     ****             break ;
  64:.\debug.c     ****     }
  65:.\debug.c     ****     return ret ;
  66:.\debug.c     **** }
  67:.\debug.c     **** 
  68:.\debug.c     **** #elif defined (__ICCARM__)      /* IAR */
  69:.\debug.c     **** 
  70:.\debug.c     **** /* For IAR compiler revise __write() function for printf functionality */
  71:.\debug.c     **** size_t __write(int handle, const unsigned char * buffer, size_t size)
  72:.\debug.c     **** {
  73:.\debug.c     ****     size_t nChars = 0;
  74:.\debug.c     **** 
  75:.\debug.c     ****     if (buffer == 0)
  76:.\debug.c     ****     {
  77:.\debug.c     ****         /*
  78:.\debug.c     ****          * This means that we should flush internal buffers.  Since we
  79:.\debug.c     ****          * don't we just return.  (Remember, "handle" == -1 means that all
  80:.\debug.c     ****          * handles should be flushed.)
  81:.\debug.c     ****          */
  82:.\debug.c     ****         return (0);
  83:.\debug.c     ****     }
  84:.\debug.c     **** 
  85:.\debug.c     ****     for (/* Empty */; size != 0; --size)
  86:.\debug.c     ****     {
  87:.\debug.c     ****         UART_DEB_UartPutChar(*buffer++);
  88:.\debug.c     ****         ++nChars;
  89:.\debug.c     ****     }
ARM GAS  C:\Users\ADMINI~1\AppData\Local\Temp\ccW14mzX.s 			page 3


  90:.\debug.c     **** 
  91:.\debug.c     ****     return (nChars);
  92:.\debug.c     **** }
  93:.\debug.c     **** 
  94:.\debug.c     **** #else  /* (__GNUC__)  GCC */
  95:.\debug.c     **** 
  96:.\debug.c     **** /* For GCC compiler revise _write() function for printf functionality */
  97:.\debug.c     **** int _write(int file, char *ptr, int len)
  98:.\debug.c     **** {
  99:.\debug.c     ****     int i;
 100:.\debug.c     ****     file = file;
 101:.\debug.c     ****     for (i = 0; i < len; i++)
 102:.\debug.c     ****     {
 103:.\debug.c     ****         UART_DEB_UartPutChar(*ptr++);
 104:.\debug.c     ****     }
 105:.\debug.c     ****     return len;
 106:.\debug.c     **** }
 107:.\debug.c     **** 
 108:.\debug.c     **** 
 109:.\debug.c     **** #endif  /* (__ARMCC_VERSION) */   
 110:.\debug.c     **** 
 111:.\debug.c     **** #endif /* DEBUG_UART_ENABLED == ENABLED */
 112:.\debug.c     **** 
 113:.\debug.c     **** void ShowValue(CYBLE_GATT_VALUE_T *value)
 114:.\debug.c     **** {
  26              		.loc 1 114 0
  27              		.cfi_startproc
  28              	.LVL0:
 115:.\debug.c     **** //    int16 i;
 116:.\debug.c     **** //    
 117:.\debug.c     **** //    for(i = 0; i < value->len; i++)
 118:.\debug.c     **** //    {
 119:.\debug.c     **** //        DBG_PRINTF("%2.2x ", value->val[i]);
 120:.\debug.c     **** //    }
 121:.\debug.c     **** //    DBG_PRINTF("\r\n");
 122:.\debug.c     **** }
  29              		.loc 1 122 0
  30              		@ sp needed
  31 0000 7047     		bx	lr
  32              		.cfi_endproc
  33              	.LFE37:
  34              		.size	ShowValue, .-ShowValue
  35              		.section	.text.Set32ByPtr,"ax",%progbits
  36              		.align	1
  37              		.global	Set32ByPtr
  38              		.code	16
  39              		.thumb_func
  40              		.type	Set32ByPtr, %function
  41              	Set32ByPtr:
  42              	.LFB38:
 123:.\debug.c     **** 
 124:.\debug.c     **** 
 125:.\debug.c     **** void Set32ByPtr(uint8 ptr[], uint32 value)
 126:.\debug.c     **** {
  43              		.loc 1 126 0
  44              		.cfi_startproc
  45              	.LVL1:
ARM GAS  C:\Users\ADMINI~1\AppData\Local\Temp\ccW14mzX.s 			page 4


 127:.\debug.c     **** //    ptr[0u] = (uint8) value;
 128:.\debug.c     **** //    ptr[1u] = (uint8) (value >> 8u);    
 129:.\debug.c     **** //    ptr[2u] = (uint8) (value >> 16u);    
 130:.\debug.c     **** //    ptr[3u] = (uint8) (value >> 24u);
 131:.\debug.c     **** }
  46              		.loc 1 131 0
  47              		@ sp needed
  48 0000 7047     		bx	lr
  49              		.cfi_endproc
  50              	.LFE38:
  51              		.size	Set32ByPtr, .-Set32ByPtr
  52              		.section	.text.ShowError,"ax",%progbits
  53              		.align	1
  54              		.global	ShowError
  55              		.code	16
  56              		.thumb_func
  57              		.type	ShowError, %function
  58              	ShowError:
  59              	.LFB39:
 132:.\debug.c     **** 
 133:.\debug.c     **** 
 134:.\debug.c     **** /*******************************************************************************
 135:.\debug.c     **** * Function Name: ShowError()
 136:.\debug.c     **** ********************************************************************************
 137:.\debug.c     **** *
 138:.\debug.c     **** * Summary:
 139:.\debug.c     **** *   Shows error condition: Turn On all leds - white colour will indicate error.
 140:.\debug.c     **** *
 141:.\debug.c     **** *******************************************************************************/
 142:.\debug.c     **** void ShowError(void)
 143:.\debug.c     **** {
  60              		.loc 1 143 0
  61              		.cfi_startproc
 144:.\debug.c     **** //    Disconnect_LED_Write(LED_ON);
 145:.\debug.c     **** //    Advertising_LED_Write(LED_ON);
 146:.\debug.c     **** //    LowPower_LED_Write(LED_ON);
 147:.\debug.c     **** //    /* Halt CPU in Debug mode */
 148:.\debug.c     **** //    CYASSERT(0u != 0u);
 149:.\debug.c     **** }
  62              		.loc 1 149 0
  63              		@ sp needed
  64 0000 7047     		bx	lr
  65              		.cfi_endproc
  66              	.LFE39:
  67              		.size	ShowError, .-ShowError
  68              		.text
  69              	.Letext0:
  70              		.file 2 "Generated_Source\\PSoC4/cytypes.h"
  71              		.file 3 "./..\\BLE_OTA_FixedStack_Bootloader01.cydsn\\Generated_Source\\PSoC4\\CyBle_StackGatt.h"
  72              		.section	.debug_info,"",%progbits
  73              	.Ldebug_info0:
  74 0000 55010000 		.4byte	0x155
  75 0004 0400     		.2byte	0x4
  76 0006 00000000 		.4byte	.Ldebug_abbrev0
  77 000a 04       		.byte	0x4
  78 000b 01       		.uleb128 0x1
  79 000c 36000000 		.4byte	.LASF21
ARM GAS  C:\Users\ADMINI~1\AppData\Local\Temp\ccW14mzX.s 			page 5


  80 0010 01       		.byte	0x1
  81 0011 22000000 		.4byte	.LASF22
  82 0015 D6000000 		.4byte	.LASF23
  83 0019 00000000 		.4byte	.Ldebug_ranges0+0
  84 001d 00000000 		.4byte	0
  85 0021 00000000 		.4byte	.Ldebug_line0
  86 0025 02       		.uleb128 0x2
  87 0026 01       		.byte	0x1
  88 0027 06       		.byte	0x6
  89 0028 9E010000 		.4byte	.LASF0
  90 002c 02       		.uleb128 0x2
  91 002d 01       		.byte	0x1
  92 002e 08       		.byte	0x8
  93 002f 61010000 		.4byte	.LASF1
  94 0033 02       		.uleb128 0x2
  95 0034 02       		.byte	0x2
  96 0035 05       		.byte	0x5
  97 0036 87010000 		.4byte	.LASF2
  98 003a 02       		.uleb128 0x2
  99 003b 02       		.byte	0x2
 100 003c 07       		.byte	0x7
 101 003d 31010000 		.4byte	.LASF3
 102 0041 02       		.uleb128 0x2
 103 0042 04       		.byte	0x4
 104 0043 05       		.byte	0x5
 105 0044 7E010000 		.4byte	.LASF4
 106 0048 02       		.uleb128 0x2
 107 0049 04       		.byte	0x4
 108 004a 07       		.byte	0x7
 109 004b C4000000 		.4byte	.LASF5
 110 004f 02       		.uleb128 0x2
 111 0050 08       		.byte	0x8
 112 0051 05       		.byte	0x5
 113 0052 00000000 		.4byte	.LASF6
 114 0056 02       		.uleb128 0x2
 115 0057 08       		.byte	0x8
 116 0058 07       		.byte	0x7
 117 0059 4A010000 		.4byte	.LASF7
 118 005d 03       		.uleb128 0x3
 119 005e 04       		.byte	0x4
 120 005f 05       		.byte	0x5
 121 0060 696E7400 		.ascii	"int\000"
 122 0064 02       		.uleb128 0x2
 123 0065 04       		.byte	0x4
 124 0066 07       		.byte	0x7
 125 0067 15000000 		.4byte	.LASF8
 126 006b 04       		.uleb128 0x4
 127 006c 98010000 		.4byte	.LASF9
 128 0070 02       		.byte	0x2
 129 0071 9801     		.2byte	0x198
 130 0073 2C000000 		.4byte	0x2c
 131 0077 04       		.uleb128 0x4
 132 0078 C5010000 		.4byte	.LASF10
 133 007c 02       		.byte	0x2
 134 007d 9901     		.2byte	0x199
 135 007f 3A000000 		.4byte	0x3a
 136 0083 04       		.uleb128 0x4
ARM GAS  C:\Users\ADMINI~1\AppData\Local\Temp\ccW14mzX.s 			page 6


 137 0084 0E000000 		.4byte	.LASF11
 138 0088 02       		.byte	0x2
 139 0089 9A01     		.2byte	0x19a
 140 008b 48000000 		.4byte	0x48
 141 008f 02       		.uleb128 0x2
 142 0090 04       		.byte	0x4
 143 0091 04       		.byte	0x4
 144 0092 44010000 		.4byte	.LASF12
 145 0096 02       		.uleb128 0x2
 146 0097 08       		.byte	0x8
 147 0098 04       		.byte	0x4
 148 0099 91010000 		.4byte	.LASF13
 149 009d 02       		.uleb128 0x2
 150 009e 01       		.byte	0x1
 151 009f 08       		.byte	0x8
 152 00a0 6F010000 		.4byte	.LASF14
 153 00a4 02       		.uleb128 0x2
 154 00a5 04       		.byte	0x4
 155 00a6 07       		.byte	0x7
 156 00a7 DF010000 		.4byte	.LASF15
 157 00ab 05       		.uleb128 0x5
 158 00ac 04       		.byte	0x4
 159 00ad 6B000000 		.4byte	0x6b
 160 00b1 06       		.uleb128 0x6
 161 00b2 08       		.byte	0x8
 162 00b3 03       		.byte	0x3
 163 00b4 C701     		.2byte	0x1c7
 164 00b6 E2000000 		.4byte	0xe2
 165 00ba 07       		.uleb128 0x7
 166 00bb 76616C00 		.ascii	"val\000"
 167 00bf 03       		.byte	0x3
 168 00c0 CA01     		.2byte	0x1ca
 169 00c2 AB000000 		.4byte	0xab
 170 00c6 00       		.byte	0
 171 00c7 07       		.uleb128 0x7
 172 00c8 6C656E00 		.ascii	"len\000"
 173 00cc 03       		.byte	0x3
 174 00cd CD01     		.2byte	0x1cd
 175 00cf 77000000 		.4byte	0x77
 176 00d3 04       		.byte	0x4
 177 00d4 08       		.uleb128 0x8
 178 00d5 74010000 		.4byte	.LASF16
 179 00d9 03       		.byte	0x3
 180 00da D401     		.2byte	0x1d4
 181 00dc 77000000 		.4byte	0x77
 182 00e0 06       		.byte	0x6
 183 00e1 00       		.byte	0
 184 00e2 04       		.uleb128 0x4
 185 00e3 CC010000 		.4byte	.LASF17
 186 00e7 03       		.byte	0x3
 187 00e8 D601     		.2byte	0x1d6
 188 00ea B1000000 		.4byte	0xb1
 189 00ee 05       		.uleb128 0x5
 190 00ef 04       		.byte	0x4
 191 00f0 E2000000 		.4byte	0xe2
 192 00f4 09       		.uleb128 0x9
 193 00f5 AA010000 		.4byte	.LASF18
ARM GAS  C:\Users\ADMINI~1\AppData\Local\Temp\ccW14mzX.s 			page 7


 194 00f9 01       		.byte	0x1
 195 00fa 71       		.byte	0x71
 196 00fb 00000000 		.4byte	.LFB37
 197 00ff 02000000 		.4byte	.LFE37-.LFB37
 198 0103 01       		.uleb128 0x1
 199 0104 9C       		.byte	0x9c
 200 0105 17010000 		.4byte	0x117
 201 0109 0A       		.uleb128 0xa
 202 010a B4010000 		.4byte	.LASF20
 203 010e 01       		.byte	0x1
 204 010f 71       		.byte	0x71
 205 0110 EE000000 		.4byte	0xee
 206 0114 01       		.uleb128 0x1
 207 0115 50       		.byte	0x50
 208 0116 00       		.byte	0
 209 0117 09       		.uleb128 0x9
 210 0118 BA010000 		.4byte	.LASF19
 211 011c 01       		.byte	0x1
 212 011d 7D       		.byte	0x7d
 213 011e 00000000 		.4byte	.LFB38
 214 0122 02000000 		.4byte	.LFE38-.LFB38
 215 0126 01       		.uleb128 0x1
 216 0127 9C       		.byte	0x9c
 217 0128 47010000 		.4byte	0x147
 218 012c 0B       		.uleb128 0xb
 219 012d 70747200 		.ascii	"ptr\000"
 220 0131 01       		.byte	0x1
 221 0132 7D       		.byte	0x7d
 222 0133 AB000000 		.4byte	0xab
 223 0137 01       		.uleb128 0x1
 224 0138 50       		.byte	0x50
 225 0139 0A       		.uleb128 0xa
 226 013a B4010000 		.4byte	.LASF20
 227 013e 01       		.byte	0x1
 228 013f 7D       		.byte	0x7d
 229 0140 83000000 		.4byte	0x83
 230 0144 01       		.uleb128 0x1
 231 0145 51       		.byte	0x51
 232 0146 00       		.byte	0
 233 0147 0C       		.uleb128 0xc
 234 0148 2C000000 		.4byte	.LASF24
 235 014c 01       		.byte	0x1
 236 014d 8E       		.byte	0x8e
 237 014e 00000000 		.4byte	.LFB39
 238 0152 02000000 		.4byte	.LFE39-.LFB39
 239 0156 01       		.uleb128 0x1
 240 0157 9C       		.byte	0x9c
 241 0158 00       		.byte	0
 242              		.section	.debug_abbrev,"",%progbits
 243              	.Ldebug_abbrev0:
 244 0000 01       		.uleb128 0x1
 245 0001 11       		.uleb128 0x11
 246 0002 01       		.byte	0x1
 247 0003 25       		.uleb128 0x25
 248 0004 0E       		.uleb128 0xe
 249 0005 13       		.uleb128 0x13
 250 0006 0B       		.uleb128 0xb
ARM GAS  C:\Users\ADMINI~1\AppData\Local\Temp\ccW14mzX.s 			page 8


 251 0007 03       		.uleb128 0x3
 252 0008 0E       		.uleb128 0xe
 253 0009 1B       		.uleb128 0x1b
 254 000a 0E       		.uleb128 0xe
 255 000b 55       		.uleb128 0x55
 256 000c 17       		.uleb128 0x17
 257 000d 11       		.uleb128 0x11
 258 000e 01       		.uleb128 0x1
 259 000f 10       		.uleb128 0x10
 260 0010 17       		.uleb128 0x17
 261 0011 00       		.byte	0
 262 0012 00       		.byte	0
 263 0013 02       		.uleb128 0x2
 264 0014 24       		.uleb128 0x24
 265 0015 00       		.byte	0
 266 0016 0B       		.uleb128 0xb
 267 0017 0B       		.uleb128 0xb
 268 0018 3E       		.uleb128 0x3e
 269 0019 0B       		.uleb128 0xb
 270 001a 03       		.uleb128 0x3
 271 001b 0E       		.uleb128 0xe
 272 001c 00       		.byte	0
 273 001d 00       		.byte	0
 274 001e 03       		.uleb128 0x3
 275 001f 24       		.uleb128 0x24
 276 0020 00       		.byte	0
 277 0021 0B       		.uleb128 0xb
 278 0022 0B       		.uleb128 0xb
 279 0023 3E       		.uleb128 0x3e
 280 0024 0B       		.uleb128 0xb
 281 0025 03       		.uleb128 0x3
 282 0026 08       		.uleb128 0x8
 283 0027 00       		.byte	0
 284 0028 00       		.byte	0
 285 0029 04       		.uleb128 0x4
 286 002a 16       		.uleb128 0x16
 287 002b 00       		.byte	0
 288 002c 03       		.uleb128 0x3
 289 002d 0E       		.uleb128 0xe
 290 002e 3A       		.uleb128 0x3a
 291 002f 0B       		.uleb128 0xb
 292 0030 3B       		.uleb128 0x3b
 293 0031 05       		.uleb128 0x5
 294 0032 49       		.uleb128 0x49
 295 0033 13       		.uleb128 0x13
 296 0034 00       		.byte	0
 297 0035 00       		.byte	0
 298 0036 05       		.uleb128 0x5
 299 0037 0F       		.uleb128 0xf
 300 0038 00       		.byte	0
 301 0039 0B       		.uleb128 0xb
 302 003a 0B       		.uleb128 0xb
 303 003b 49       		.uleb128 0x49
 304 003c 13       		.uleb128 0x13
 305 003d 00       		.byte	0
 306 003e 00       		.byte	0
 307 003f 06       		.uleb128 0x6
ARM GAS  C:\Users\ADMINI~1\AppData\Local\Temp\ccW14mzX.s 			page 9


 308 0040 13       		.uleb128 0x13
 309 0041 01       		.byte	0x1
 310 0042 0B       		.uleb128 0xb
 311 0043 0B       		.uleb128 0xb
 312 0044 3A       		.uleb128 0x3a
 313 0045 0B       		.uleb128 0xb
 314 0046 3B       		.uleb128 0x3b
 315 0047 05       		.uleb128 0x5
 316 0048 01       		.uleb128 0x1
 317 0049 13       		.uleb128 0x13
 318 004a 00       		.byte	0
 319 004b 00       		.byte	0
 320 004c 07       		.uleb128 0x7
 321 004d 0D       		.uleb128 0xd
 322 004e 00       		.byte	0
 323 004f 03       		.uleb128 0x3
 324 0050 08       		.uleb128 0x8
 325 0051 3A       		.uleb128 0x3a
 326 0052 0B       		.uleb128 0xb
 327 0053 3B       		.uleb128 0x3b
 328 0054 05       		.uleb128 0x5
 329 0055 49       		.uleb128 0x49
 330 0056 13       		.uleb128 0x13
 331 0057 38       		.uleb128 0x38
 332 0058 0B       		.uleb128 0xb
 333 0059 00       		.byte	0
 334 005a 00       		.byte	0
 335 005b 08       		.uleb128 0x8
 336 005c 0D       		.uleb128 0xd
 337 005d 00       		.byte	0
 338 005e 03       		.uleb128 0x3
 339 005f 0E       		.uleb128 0xe
 340 0060 3A       		.uleb128 0x3a
 341 0061 0B       		.uleb128 0xb
 342 0062 3B       		.uleb128 0x3b
 343 0063 05       		.uleb128 0x5
 344 0064 49       		.uleb128 0x49
 345 0065 13       		.uleb128 0x13
 346 0066 38       		.uleb128 0x38
 347 0067 0B       		.uleb128 0xb
 348 0068 00       		.byte	0
 349 0069 00       		.byte	0
 350 006a 09       		.uleb128 0x9
 351 006b 2E       		.uleb128 0x2e
 352 006c 01       		.byte	0x1
 353 006d 3F       		.uleb128 0x3f
 354 006e 19       		.uleb128 0x19
 355 006f 03       		.uleb128 0x3
 356 0070 0E       		.uleb128 0xe
 357 0071 3A       		.uleb128 0x3a
 358 0072 0B       		.uleb128 0xb
 359 0073 3B       		.uleb128 0x3b
 360 0074 0B       		.uleb128 0xb
 361 0075 27       		.uleb128 0x27
 362 0076 19       		.uleb128 0x19
 363 0077 11       		.uleb128 0x11
 364 0078 01       		.uleb128 0x1
ARM GAS  C:\Users\ADMINI~1\AppData\Local\Temp\ccW14mzX.s 			page 10


 365 0079 12       		.uleb128 0x12
 366 007a 06       		.uleb128 0x6
 367 007b 40       		.uleb128 0x40
 368 007c 18       		.uleb128 0x18
 369 007d 9742     		.uleb128 0x2117
 370 007f 19       		.uleb128 0x19
 371 0080 01       		.uleb128 0x1
 372 0081 13       		.uleb128 0x13
 373 0082 00       		.byte	0
 374 0083 00       		.byte	0
 375 0084 0A       		.uleb128 0xa
 376 0085 05       		.uleb128 0x5
 377 0086 00       		.byte	0
 378 0087 03       		.uleb128 0x3
 379 0088 0E       		.uleb128 0xe
 380 0089 3A       		.uleb128 0x3a
 381 008a 0B       		.uleb128 0xb
 382 008b 3B       		.uleb128 0x3b
 383 008c 0B       		.uleb128 0xb
 384 008d 49       		.uleb128 0x49
 385 008e 13       		.uleb128 0x13
 386 008f 02       		.uleb128 0x2
 387 0090 18       		.uleb128 0x18
 388 0091 00       		.byte	0
 389 0092 00       		.byte	0
 390 0093 0B       		.uleb128 0xb
 391 0094 05       		.uleb128 0x5
 392 0095 00       		.byte	0
 393 0096 03       		.uleb128 0x3
 394 0097 08       		.uleb128 0x8
 395 0098 3A       		.uleb128 0x3a
 396 0099 0B       		.uleb128 0xb
 397 009a 3B       		.uleb128 0x3b
 398 009b 0B       		.uleb128 0xb
 399 009c 49       		.uleb128 0x49
 400 009d 13       		.uleb128 0x13
 401 009e 02       		.uleb128 0x2
 402 009f 18       		.uleb128 0x18
 403 00a0 00       		.byte	0
 404 00a1 00       		.byte	0
 405 00a2 0C       		.uleb128 0xc
 406 00a3 2E       		.uleb128 0x2e
 407 00a4 00       		.byte	0
 408 00a5 3F       		.uleb128 0x3f
 409 00a6 19       		.uleb128 0x19
 410 00a7 03       		.uleb128 0x3
 411 00a8 0E       		.uleb128 0xe
 412 00a9 3A       		.uleb128 0x3a
 413 00aa 0B       		.uleb128 0xb
 414 00ab 3B       		.uleb128 0x3b
 415 00ac 0B       		.uleb128 0xb
 416 00ad 27       		.uleb128 0x27
 417 00ae 19       		.uleb128 0x19
 418 00af 11       		.uleb128 0x11
 419 00b0 01       		.uleb128 0x1
 420 00b1 12       		.uleb128 0x12
 421 00b2 06       		.uleb128 0x6
ARM GAS  C:\Users\ADMINI~1\AppData\Local\Temp\ccW14mzX.s 			page 11


 422 00b3 40       		.uleb128 0x40
 423 00b4 18       		.uleb128 0x18
 424 00b5 9742     		.uleb128 0x2117
 425 00b7 19       		.uleb128 0x19
 426 00b8 00       		.byte	0
 427 00b9 00       		.byte	0
 428 00ba 00       		.byte	0
 429              		.section	.debug_aranges,"",%progbits
 430 0000 2C000000 		.4byte	0x2c
 431 0004 0200     		.2byte	0x2
 432 0006 00000000 		.4byte	.Ldebug_info0
 433 000a 04       		.byte	0x4
 434 000b 00       		.byte	0
 435 000c 0000     		.2byte	0
 436 000e 0000     		.2byte	0
 437 0010 00000000 		.4byte	.LFB37
 438 0014 02000000 		.4byte	.LFE37-.LFB37
 439 0018 00000000 		.4byte	.LFB38
 440 001c 02000000 		.4byte	.LFE38-.LFB38
 441 0020 00000000 		.4byte	.LFB39
 442 0024 02000000 		.4byte	.LFE39-.LFB39
 443 0028 00000000 		.4byte	0
 444 002c 00000000 		.4byte	0
 445              		.section	.debug_ranges,"",%progbits
 446              	.Ldebug_ranges0:
 447 0000 00000000 		.4byte	.LFB37
 448 0004 02000000 		.4byte	.LFE37
 449 0008 00000000 		.4byte	.LFB38
 450 000c 02000000 		.4byte	.LFE38
 451 0010 00000000 		.4byte	.LFB39
 452 0014 02000000 		.4byte	.LFE39
 453 0018 00000000 		.4byte	0
 454 001c 00000000 		.4byte	0
 455              		.section	.debug_line,"",%progbits
 456              	.Ldebug_line0:
 457 0000 D4000000 		.section	.debug_str,"MS",%progbits,1
 457      02009B00 
 457      00000201 
 457      FB0E0D00 
 457      01010101 
 458              	.LASF6:
 459 0000 6C6F6E67 		.ascii	"long long int\000"
 459      206C6F6E 
 459      6720696E 
 459      7400
 460              	.LASF11:
 461 000e 75696E74 		.ascii	"uint32\000"
 461      333200
 462              	.LASF8:
 463 0015 756E7369 		.ascii	"unsigned int\000"
 463      676E6564 
 463      20696E74 
 463      00
 464              	.LASF22:
 465 0022 2E5C6465 		.ascii	".\\debug.c\000"
 465      6275672E 
 465      6300
ARM GAS  C:\Users\ADMINI~1\AppData\Local\Temp\ccW14mzX.s 			page 12


 466              	.LASF24:
 467 002c 53686F77 		.ascii	"ShowError\000"
 467      4572726F 
 467      7200
 468              	.LASF21:
 469 0036 474E5520 		.ascii	"GNU C 4.9.3 20150303 (release) [ARM/embedded-4_9-br"
 469      4320342E 
 469      392E3320 
 469      32303135 
 469      30333033 
 470 0069 616E6368 		.ascii	"anch revision 221220] -mcpu=cortex-m0 -mthumb -g -O"
 470      20726576 
 470      6973696F 
 470      6E203232 
 470      31323230 
 471 009c 73202D66 		.ascii	"s -ffunction-sections -ffat-lto-objects\000"
 471      66756E63 
 471      74696F6E 
 471      2D736563 
 471      74696F6E 
 472              	.LASF5:
 473 00c4 6C6F6E67 		.ascii	"long unsigned int\000"
 473      20756E73 
 473      69676E65 
 473      6420696E 
 473      7400
 474              	.LASF23:
 475 00d6 433A5C44 		.ascii	"C:\\Dropbox\\Projects\\George Posture Correction Pr"
 475      726F7062 
 475      6F785C50 
 475      726F6A65 
 475      6374735C 
 476 0106 6F6A6563 		.ascii	"oject\\BackBone\\BackBone_Bootloadable.cydsn\000"
 476      745C4261 
 476      636B426F 
 476      6E655C42 
 476      61636B42 
 477              	.LASF3:
 478 0131 73686F72 		.ascii	"short unsigned int\000"
 478      7420756E 
 478      7369676E 
 478      65642069 
 478      6E7400
 479              	.LASF12:
 480 0144 666C6F61 		.ascii	"float\000"
 480      7400
 481              	.LASF7:
 482 014a 6C6F6E67 		.ascii	"long long unsigned int\000"
 482      206C6F6E 
 482      6720756E 
 482      7369676E 
 482      65642069 
 483              	.LASF1:
 484 0161 756E7369 		.ascii	"unsigned char\000"
 484      676E6564 
 484      20636861 
 484      7200
ARM GAS  C:\Users\ADMINI~1\AppData\Local\Temp\ccW14mzX.s 			page 13


 485              	.LASF14:
 486 016f 63686172 		.ascii	"char\000"
 486      00
 487              	.LASF16:
 488 0174 61637475 		.ascii	"actualLen\000"
 488      616C4C65 
 488      6E00
 489              	.LASF4:
 490 017e 6C6F6E67 		.ascii	"long int\000"
 490      20696E74 
 490      00
 491              	.LASF2:
 492 0187 73686F72 		.ascii	"short int\000"
 492      7420696E 
 492      7400
 493              	.LASF13:
 494 0191 646F7562 		.ascii	"double\000"
 494      6C6500
 495              	.LASF9:
 496 0198 75696E74 		.ascii	"uint8\000"
 496      3800
 497              	.LASF0:
 498 019e 7369676E 		.ascii	"signed char\000"
 498      65642063 
 498      68617200 
 499              	.LASF18:
 500 01aa 53686F77 		.ascii	"ShowValue\000"
 500      56616C75 
 500      6500
 501              	.LASF20:
 502 01b4 76616C75 		.ascii	"value\000"
 502      6500
 503              	.LASF19:
 504 01ba 53657433 		.ascii	"Set32ByPtr\000"
 504      32427950 
 504      747200
 505              	.LASF10:
 506 01c5 75696E74 		.ascii	"uint16\000"
 506      313600
 507              	.LASF17:
 508 01cc 4359424C 		.ascii	"CYBLE_GATT_VALUE_T\000"
 508      455F4741 
 508      54545F56 
 508      414C5545 
 508      5F5400
 509              	.LASF15:
 510 01df 73697A65 		.ascii	"sizetype\000"
 510      74797065 
 510      00
 511              		.ident	"GCC: (GNU Tools for ARM Embedded Processors) 4.9.3 20150303 (release) [ARM/embedded-4_9-br
