ARM GAS  C:\Users\ADMINI~1\AppData\Local\Temp\ccoFokdY.s 			page 1


   1              		.cpu cortex-m0
   2              		.fpu softvfp
   3              		.eabi_attribute 20, 1
   4              		.eabi_attribute 21, 1
   5              		.eabi_attribute 23, 3
   6              		.eabi_attribute 24, 1
   7              		.eabi_attribute 25, 1
   8              		.eabi_attribute 26, 1
   9              		.eabi_attribute 30, 4
  10              		.eabi_attribute 34, 0
  11              		.eabi_attribute 18, 4
  12              		.code	16
  13              		.file	"inv_mems_base_driver_20609.c"
  14              		.text
  15              	.Ltext0:
  16              		.cfi_sections	.debug_frame
  17              	.Letext0:
  18              		.section	.debug_line,"",%progbits
  19              	.Ldebug_line0:
  20              		.section	.debug_str,"MS",%progbits,1
  21              	.LASF0:
  22 0000 433A5C44 		.ascii	"C:\\Dropbox\\Projects\\George Posture Correction Pr"
  22      726F7062 
  22      6F785C50 
  22      726F6A65 
  22      6374735C 
  23 0030 6F6A6563 		.ascii	"oject\\BackBone\\BackBone_Bootloadable.cydsn\000"
  23      745C4261 
  23      636B426F 
  23      6E655C42 
  23      61636B42 
  24              	.LASF1:
  25 005b 2E5C3230 		.ascii	".\\20648_driver\\drivers\\inv_mems_base_driver_2060"
  25      3634385F 
  25      64726976 
  25      65725C64 
  25      72697665 
  26 008b 392E6300 		.ascii	"9.c\000"
  27              	.LASF2:
  28 008f 474E5520 		.ascii	"GNU C 4.9.3 20150303 (release) [ARM/embedded-4_9-br"
  28      4320342E 
  28      392E3320 
  28      32303135 
  28      30333033 
  29 00c2 616E6368 		.ascii	"anch revision 221220] -mcpu=cortex-m0 -mthumb -g -O"
  29      20726576 
  29      6973696F 
  29      6E203232 
  29      31323230 
  30 00f5 73202D66 		.ascii	"s -ffunction-sections -ffat-lto-objects\000"
  30      66756E63 
  30      74696F6E 
  30      2D736563 
  30      74696F6E 
  31              		.ident	"GCC: (GNU Tools for ARM Embedded Processors) 4.9.3 20150303 (release) [ARM/embedded-4_9-br
