ARM GAS  C:\Users\ADMINI~1\AppData\Local\Temp\ccvQ6Ggr.s 			page 1


   1              		.cpu cortex-m0
   2              		.fpu softvfp
   3              		.eabi_attribute 20, 1
   4              		.eabi_attribute 21, 1
   5              		.eabi_attribute 23, 3
   6              		.eabi_attribute 24, 1
   7              		.eabi_attribute 25, 1
   8              		.eabi_attribute 26, 1
   9              		.eabi_attribute 30, 4
  10              		.eabi_attribute 34, 0
  11              		.eabi_attribute 18, 4
  12              		.code	16
  13              		.file	"inv_mems_load_firmware.c"
  14              		.text
  15              	.Ltext0:
  16              		.cfi_sections	.debug_frame
  17              		.section	.text.inv_mems_firmware_load,"ax",%progbits
  18              		.align	1
  19              		.global	inv_mems_firmware_load
  20              		.code	16
  21              		.thumb_func
  22              		.type	inv_mems_firmware_load, %function
  23              	inv_mems_firmware_load:
  24              	.LFB0:
  25              		.file 1 ".\\20648_driver\\drivers\\inv_mems_load_firmware.c"
   1:.\20648_driver\drivers/inv_mems_load_firmware.c **** /*
   2:.\20648_driver\drivers/inv_mems_load_firmware.c **** * _________________________________________________________________________________________________
   3:.\20648_driver\drivers/inv_mems_load_firmware.c **** * Copyright © 2014-2015 InvenSense Inc. Portions Copyright © 2014-2015 Movea. All rights reserved.
   4:.\20648_driver\drivers/inv_mems_load_firmware.c **** * This software, related documentation and any modifications thereto (collectively “Software”) is s
   5:.\20648_driver\drivers/inv_mems_load_firmware.c **** * to InvenSense and its licensors' intellectual property rights under U.S. and international copyri
   6:.\20648_driver\drivers/inv_mems_load_firmware.c **** * other intellectual property rights laws.
   7:.\20648_driver\drivers/inv_mems_load_firmware.c **** * InvenSense and its licensors retain all intellectual property and proprietary rights in and to th
   8:.\20648_driver\drivers/inv_mems_load_firmware.c **** * and any use, reproduction, disclosure or distribution of the Software without an express license
   9:.\20648_driver\drivers/inv_mems_load_firmware.c **** * agreement from InvenSense is strictly prohibited.
  10:.\20648_driver\drivers/inv_mems_load_firmware.c **** * _________________________________________________________________________________________________
  11:.\20648_driver\drivers/inv_mems_load_firmware.c **** */
  12:.\20648_driver\drivers/inv_mems_load_firmware.c **** 
  13:.\20648_driver\drivers/inv_mems_load_firmware.c **** #include ".\20648_driver\drivers\inv_mems_load_firmware.h"
  14:.\20648_driver\drivers/inv_mems_load_firmware.c **** #include ".\20648_driver\drivers\inv_mems_hw_config.h"
  15:.\20648_driver\drivers/inv_mems_load_firmware.c **** #include ".\20648_driver\drivers\inv_mems_defines.h"
  16:.\20648_driver\drivers/inv_mems_load_firmware.c **** #ifndef MEMS_20609
  17:.\20648_driver\drivers/inv_mems_load_firmware.c **** #include ".\20648_driver\drivers\inv_mems_base_driver.h"
  18:.\20648_driver\drivers/inv_mems_load_firmware.c **** #else
  19:.\20648_driver\drivers/inv_mems_load_firmware.c **** #include "driver/inv_mems_base_driver_20609.h"
  20:.\20648_driver\drivers/inv_mems_load_firmware.c **** #endif
  21:.\20648_driver\drivers/inv_mems_load_firmware.c **** #include ".\20648_driver\drivers\inv_mems_transport.h"
  22:.\20648_driver\drivers/inv_mems_load_firmware.c **** #include ".\20648_driver\dmp3\inv_mems_interface_mapping.h"
  23:.\20648_driver\drivers/inv_mems_load_firmware.c **** 
  24:.\20648_driver\drivers/inv_mems_load_firmware.c **** #include ".\20648_driver\invn\invn_types.h"
  25:.\20648_driver\drivers/inv_mems_load_firmware.c **** 
  26:.\20648_driver\drivers/inv_mems_load_firmware.c **** 
  27:.\20648_driver\drivers/inv_mems_load_firmware.c **** inv_error_t inv_mems_firmware_load(const unsigned char *data_start, unsigned short size_start, unsi
  28:.\20648_driver\drivers/inv_mems_load_firmware.c **** { 
  26              		.loc 1 28 0
  27              		.cfi_startproc
  28              	.LVL0:
  29 0000 F0B5     		push	{r4, r5, r6, r7, lr}
ARM GAS  C:\Users\ADMINI~1\AppData\Local\Temp\ccvQ6Ggr.s 			page 2


  30              		.cfi_def_cfa_offset 20
  31              		.cfi_offset 4, -20
  32              		.cfi_offset 5, -16
  33              		.cfi_offset 6, -12
  34              		.cfi_offset 7, -8
  35              		.cfi_offset 14, -4
  36 0002 0D1C     		mov	r5, r1
  37 0004 171C     		mov	r7, r2
  29:.\20648_driver\drivers/inv_mems_load_firmware.c ****     int write_size;
  30:.\20648_driver\drivers/inv_mems_load_firmware.c ****     int result;
  31:.\20648_driver\drivers/inv_mems_load_firmware.c ****     unsigned short memaddr;
  32:.\20648_driver\drivers/inv_mems_load_firmware.c ****     const unsigned char *data;
  33:.\20648_driver\drivers/inv_mems_load_firmware.c ****     unsigned short size;
  34:.\20648_driver\drivers/inv_mems_load_firmware.c **** #if (MEMS_CHIP == HW_ICM20648 || MEMS_CHIP == HW_ICM20609)
  35:.\20648_driver\drivers/inv_mems_load_firmware.c ****     unsigned char data_cmp[INV_MAX_SERIAL_READ+1];
  36:.\20648_driver\drivers/inv_mems_load_firmware.c **** #else
  37:.\20648_driver\drivers/inv_mems_load_firmware.c ****     unsigned char data_cmp[INV_MAX_SERIAL_READ];
  38:.\20648_driver\drivers/inv_mems_load_firmware.c **** #endif
  39:.\20648_driver\drivers/inv_mems_load_firmware.c ****     int flag = 0;
  40:.\20648_driver\drivers/inv_mems_load_firmware.c ****     memset (data_cmp , 0 , (INV_MAX_SERIAL_READ + 1));
  41:.\20648_driver\drivers/inv_mems_load_firmware.c ****     // Write DMP memory
  42:.\20648_driver\drivers/inv_mems_load_firmware.c ****     data = data_start;
  43:.\20648_driver\drivers/inv_mems_load_firmware.c ****     size = size_start;
  38              		.loc 1 43 0
  39 0006 2E1C     		mov	r6, r5
  28:.\20648_driver\drivers/inv_mems_load_firmware.c ****     int write_size;
  40              		.loc 1 28 0
  41 0008 8BB0     		sub	sp, sp, #44
  42              		.cfi_def_cfa_offset 64
  28:.\20648_driver\drivers/inv_mems_load_firmware.c ****     int write_size;
  43              		.loc 1 28 0
  44 000a 0290     		str	r0, [sp, #8]
  40:.\20648_driver\drivers/inv_mems_load_firmware.c ****     // Write DMP memory
  45              		.loc 1 40 0
  46 000c 0021     		mov	r1, #0
  47              	.LVL1:
  48 000e 05A8     		add	r0, sp, #20
  49              	.LVL2:
  50 0010 1122     		mov	r2, #17
  51              	.LVL3:
  52 0012 FFF7FEFF 		bl	memset
  53              	.LVL4:
  42:.\20648_driver\drivers/inv_mems_load_firmware.c ****     size = size_start;
  54              		.loc 1 42 0
  55 0016 029B     		ldr	r3, [sp, #8]
  44:.\20648_driver\drivers/inv_mems_load_firmware.c ****     memaddr = load_addr;
  56              		.loc 1 44 0
  57 0018 0197     		str	r7, [sp, #4]
  42:.\20648_driver\drivers/inv_mems_load_firmware.c ****     size = size_start;
  58              		.loc 1 42 0
  59 001a 0393     		str	r3, [sp, #12]
  60              	.LVL5:
  61              	.L2:
  45:.\20648_driver\drivers/inv_mems_load_firmware.c ****     while (size > 0) {
  62              		.loc 1 45 0
  63 001c 002E     		cmp	r6, #0
  64 001e 3ED0     		beq	.L7
ARM GAS  C:\Users\ADMINI~1\AppData\Local\Temp\ccvQ6Ggr.s 			page 3


  46:.\20648_driver\drivers/inv_mems_load_firmware.c ****         write_size = min(size, INV_MAX_SERIAL_WRITE);
  65              		.loc 1 46 0
  66 0020 1024     		mov	r4, #16
  67 0022 0F2E     		cmp	r6, #15
  68 0024 00D8     		bhi	.L3
  69              		.loc 1 46 0 is_stmt 0 discriminator 1
  70 0026 341C     		mov	r4, r6
  71              	.L3:
  72              	.LVL6:
  47:.\20648_driver\drivers/inv_mems_load_firmware.c ****         if ((memaddr & 0xff) + write_size > 0x100) {
  73              		.loc 1 47 0 is_stmt 1 discriminator 4
  74 0028 6B46     		mov	r3, sp
  75 002a 8022     		mov	r2, #128
  76 002c 1B79     		ldrb	r3, [r3, #4]
  77 002e 5200     		lsl	r2, r2, #1
  78 0030 1B19     		add	r3, r3, r4
  79 0032 9342     		cmp	r3, r2
  80 0034 01DD     		ble	.L4
  48:.\20648_driver\drivers/inv_mems_load_firmware.c ****             // Moved across a bank
  49:.\20648_driver\drivers/inv_mems_load_firmware.c ****             write_size = (memaddr & 0xff) + write_size - 0x100;
  81              		.loc 1 49 0
  82 0036 5C1E     		sub	r4, r3, #1
  83              	.LVL7:
  84 0038 FF3C     		sub	r4, r4, #255
  85              	.LVL8:
  86              	.L4:
  50:.\20648_driver\drivers/inv_mems_load_firmware.c ****         }
  51:.\20648_driver\drivers/inv_mems_load_firmware.c ****         result = inv_write_mems(memaddr, write_size, (unsigned char *)data);
  87              		.loc 1 51 0
  88 003a 0198     		ldr	r0, [sp, #4]
  89 003c 211C     		mov	r1, r4
  90 003e 039A     		ldr	r2, [sp, #12]
  91 0040 FFF7FEFF 		bl	inv_write_mems
  92              	.LVL9:
  52:.\20648_driver\drivers/inv_mems_load_firmware.c ****         if (result)  
  93              		.loc 1 52 0
  94 0044 0028     		cmp	r0, #0
  95 0046 30D1     		bne	.L5
  53:.\20648_driver\drivers/inv_mems_load_firmware.c ****             return result;
  54:.\20648_driver\drivers/inv_mems_load_firmware.c ****         data += write_size;
  96              		.loc 1 54 0
  97 0048 039B     		ldr	r3, [sp, #12]
  98 004a 1B19     		add	r3, r3, r4
  99 004c 0393     		str	r3, [sp, #12]
 100              	.LVL10:
  55:.\20648_driver\drivers/inv_mems_load_firmware.c ****         size -= write_size;
  56:.\20648_driver\drivers/inv_mems_load_firmware.c ****         memaddr += write_size;
 101              		.loc 1 56 0
 102 004e 019B     		ldr	r3, [sp, #4]
 103              	.LVL11:
  55:.\20648_driver\drivers/inv_mems_load_firmware.c ****         size -= write_size;
 104              		.loc 1 55 0
 105 0050 A4B2     		uxth	r4, r4
 106              	.LVL12:
 107 0052 361B     		sub	r6, r6, r4
 108              	.LVL13:
 109              		.loc 1 56 0
ARM GAS  C:\Users\ADMINI~1\AppData\Local\Temp\ccvQ6Ggr.s 			page 4


 110 0054 E418     		add	r4, r4, r3
 111 0056 A3B2     		uxth	r3, r4
  55:.\20648_driver\drivers/inv_mems_load_firmware.c ****         size -= write_size;
 112              		.loc 1 55 0
 113 0058 B6B2     		uxth	r6, r6
 114              	.LVL14:
 115              		.loc 1 56 0
 116 005a 0193     		str	r3, [sp, #4]
 117              	.LVL15:
 118 005c DEE7     		b	.L2
 119              	.LVL16:
 120              	.L10:
  57:.\20648_driver\drivers/inv_mems_load_firmware.c ****     }
  58:.\20648_driver\drivers/inv_mems_load_firmware.c ****     //memcmp(data_cmp, data, write_size);
  59:.\20648_driver\drivers/inv_mems_load_firmware.c ****     // Verify DMP memory
  60:.\20648_driver\drivers/inv_mems_load_firmware.c **** 
  61:.\20648_driver\drivers/inv_mems_load_firmware.c ****     data = data_start;
  62:.\20648_driver\drivers/inv_mems_load_firmware.c ****     size = size_start;
  63:.\20648_driver\drivers/inv_mems_load_firmware.c ****     memaddr = load_addr;
  64:.\20648_driver\drivers/inv_mems_load_firmware.c ****     while (size > 0) {
  65:.\20648_driver\drivers/inv_mems_load_firmware.c ****         write_size = min(size, INV_MAX_SERIAL_READ);
 121              		.loc 1 65 0
 122 005e 1024     		mov	r4, #16
 123 0060 0F2D     		cmp	r5, #15
 124 0062 00D8     		bhi	.L8
 125              		.loc 1 65 0 is_stmt 0 discriminator 1
 126 0064 2C1C     		mov	r4, r5
 127              	.L8:
 128              	.LVL17:
  66:.\20648_driver\drivers/inv_mems_load_firmware.c ****         if ((memaddr & 0xff) + write_size > 0x100) {
 129              		.loc 1 66 0 is_stmt 1 discriminator 4
 130 0066 8022     		mov	r2, #128
 131 0068 FBB2     		uxtb	r3, r7
 132 006a 1B19     		add	r3, r3, r4
 133 006c 5200     		lsl	r2, r2, #1
 134 006e 9342     		cmp	r3, r2
 135 0070 01DD     		ble	.L9
  67:.\20648_driver\drivers/inv_mems_load_firmware.c ****             // Moved across a bank
  68:.\20648_driver\drivers/inv_mems_load_firmware.c ****             write_size = (memaddr & 0xff) + write_size - 0x100;
 136              		.loc 1 68 0
 137 0072 5C1E     		sub	r4, r3, #1
 138              	.LVL18:
 139 0074 FF3C     		sub	r4, r4, #255
 140              	.LVL19:
 141              	.L9:
  69:.\20648_driver\drivers/inv_mems_load_firmware.c ****         }
  70:.\20648_driver\drivers/inv_mems_load_firmware.c ****         result = inv_read_mems(memaddr, write_size, data_cmp);
 142              		.loc 1 70 0
 143 0076 211C     		mov	r1, r4
 144 0078 05AA     		add	r2, sp, #20
 145 007a 381C     		mov	r0, r7
 146 007c FFF7FEFF 		bl	inv_read_mems
 147              	.LVL20:
  71:.\20648_driver\drivers/inv_mems_load_firmware.c ****         if (result)
  72:.\20648_driver\drivers/inv_mems_load_firmware.c ****             flag++; // Error, DMP not written correctly
  73:.\20648_driver\drivers/inv_mems_load_firmware.c ****         if (memcmp(data_cmp, data, write_size))
 148              		.loc 1 73 0
ARM GAS  C:\Users\ADMINI~1\AppData\Local\Temp\ccvQ6Ggr.s 			page 5


 149 0080 05A8     		add	r0, sp, #20
 150 0082 0299     		ldr	r1, [sp, #8]
 151 0084 221C     		mov	r2, r4
 152 0086 FFF7FEFF 		bl	memcmp
 153              	.LVL21:
 154 008a 0028     		cmp	r0, #0
 155 008c 0BD1     		bne	.L14
  74:.\20648_driver\drivers/inv_mems_load_firmware.c ****             return -1;
  75:.\20648_driver\drivers/inv_mems_load_firmware.c ****         data += write_size;
 156              		.loc 1 75 0
 157 008e 029B     		ldr	r3, [sp, #8]
 158 0090 1B19     		add	r3, r3, r4
  76:.\20648_driver\drivers/inv_mems_load_firmware.c ****         size -= write_size;
 159              		.loc 1 76 0
 160 0092 A4B2     		uxth	r4, r4
 161              	.LVL22:
 162 0094 2D1B     		sub	r5, r5, r4
 163              	.LVL23:
  77:.\20648_driver\drivers/inv_mems_load_firmware.c ****         memaddr += write_size;
 164              		.loc 1 77 0
 165 0096 E719     		add	r7, r4, r7
 166              	.LVL24:
  75:.\20648_driver\drivers/inv_mems_load_firmware.c ****         size -= write_size;
 167              		.loc 1 75 0
 168 0098 0293     		str	r3, [sp, #8]
 169              	.LVL25:
  76:.\20648_driver\drivers/inv_mems_load_firmware.c ****         size -= write_size;
 170              		.loc 1 76 0
 171 009a ADB2     		uxth	r5, r5
 172              	.LVL26:
 173              		.loc 1 77 0
 174 009c BFB2     		uxth	r7, r7
 175              	.LVL27:
 176              	.L7:
  64:.\20648_driver\drivers/inv_mems_load_firmware.c ****         write_size = min(size, INV_MAX_SERIAL_READ);
 177              		.loc 1 64 0
 178 009e 002D     		cmp	r5, #0
 179 00a0 DDD1     		bne	.L10
  78:.\20648_driver\drivers/inv_mems_load_firmware.c ****     }
  79:.\20648_driver\drivers/inv_mems_load_firmware.c ****     
  80:.\20648_driver\drivers/inv_mems_load_firmware.c **** 
  81:.\20648_driver\drivers/inv_mems_load_firmware.c **** #if defined(WIN32)   
  82:.\20648_driver\drivers/inv_mems_load_firmware.c ****     if(!flag)
  83:.\20648_driver\drivers/inv_mems_load_firmware.c ****       inv_log("DMP Firmware was updated successfully..\r\n");
  84:.\20648_driver\drivers/inv_mems_load_firmware.c **** #endif
  85:.\20648_driver\drivers/inv_mems_load_firmware.c **** 
  86:.\20648_driver\drivers/inv_mems_load_firmware.c ****     return INV_SUCCESS;
 180              		.loc 1 86 0
 181 00a2 281C     		mov	r0, r5
 182 00a4 01E0     		b	.L5
 183              	.LVL28:
 184              	.L14:
  74:.\20648_driver\drivers/inv_mems_load_firmware.c ****         data += write_size;
 185              		.loc 1 74 0
 186 00a6 0120     		mov	r0, #1
 187 00a8 4042     		neg	r0, r0
 188              	.LVL29:
ARM GAS  C:\Users\ADMINI~1\AppData\Local\Temp\ccvQ6Ggr.s 			page 6


 189              	.L5:
  87:.\20648_driver\drivers/inv_mems_load_firmware.c **** }
 190              		.loc 1 87 0
 191 00aa 0BB0     		add	sp, sp, #44
 192              		@ sp needed
 193 00ac F0BD     		pop	{r4, r5, r6, r7, pc}
 194              		.cfi_endproc
 195              	.LFE0:
 196              		.size	inv_mems_firmware_load, .-inv_mems_firmware_load
 197              		.text
 198              	.Letext0:
 199              		.file 2 "c:\\program files (x86)\\cypress\\psoc creator\\3.3\\psoc creator\\import\\gnu\\arm\\4.9.
 200              		.file 3 "./.\\20648_driver\\common\\mltypes.h"
 201              		.file 4 "./.\\20648_driver\\drivers\\inv_mems_transport.h"
 202              		.file 5 "c:\\program files (x86)\\cypress\\psoc creator\\3.3\\psoc creator\\import\\gnu\\arm\\4.9.
 203              		.section	.debug_info,"",%progbits
 204              	.Ldebug_info0:
 205 0000 59020000 		.4byte	0x259
 206 0004 0400     		.2byte	0x4
 207 0006 00000000 		.4byte	.Ldebug_abbrev0
 208 000a 04       		.byte	0x4
 209 000b 01       		.uleb128 0x1
 210 000c 07000000 		.4byte	.LASF27
 211 0010 01       		.byte	0x1
 212 0011 E4010000 		.4byte	.LASF28
 213 0015 A8000000 		.4byte	.LASF29
 214 0019 00000000 		.4byte	.Ldebug_ranges0+0
 215 001d 00000000 		.4byte	0
 216 0021 00000000 		.4byte	.Ldebug_line0
 217 0025 02       		.uleb128 0x2
 218 0026 04       		.byte	0x4
 219 0027 05       		.byte	0x5
 220 0028 696E7400 		.ascii	"int\000"
 221 002c 03       		.uleb128 0x3
 222 002d 00000000 		.4byte	.LASF11
 223 0031 02       		.byte	0x2
 224 0032 D4       		.byte	0xd4
 225 0033 37000000 		.4byte	0x37
 226 0037 04       		.uleb128 0x4
 227 0038 04       		.byte	0x4
 228 0039 07       		.byte	0x7
 229 003a AE010000 		.4byte	.LASF0
 230 003e 04       		.uleb128 0x4
 231 003f 01       		.byte	0x1
 232 0040 06       		.byte	0x6
 233 0041 49010000 		.4byte	.LASF1
 234 0045 04       		.uleb128 0x4
 235 0046 01       		.byte	0x1
 236 0047 08       		.byte	0x8
 237 0048 14020000 		.4byte	.LASF2
 238 004c 04       		.uleb128 0x4
 239 004d 02       		.byte	0x2
 240 004e 05       		.byte	0x5
 241 004f 3E020000 		.4byte	.LASF3
 242 0053 04       		.uleb128 0x4
 243 0054 02       		.byte	0x2
 244 0055 07       		.byte	0x7
ARM GAS  C:\Users\ADMINI~1\AppData\Local\Temp\ccvQ6Ggr.s 			page 7


 245 0056 63010000 		.4byte	.LASF4
 246 005a 04       		.uleb128 0x4
 247 005b 04       		.byte	0x4
 248 005c 05       		.byte	0x5
 249 005d 48020000 		.4byte	.LASF5
 250 0061 04       		.uleb128 0x4
 251 0062 04       		.byte	0x4
 252 0063 07       		.byte	0x7
 253 0064 88010000 		.4byte	.LASF6
 254 0068 04       		.uleb128 0x4
 255 0069 08       		.byte	0x8
 256 006a 05       		.byte	0x5
 257 006b 2B020000 		.4byte	.LASF7
 258 006f 04       		.uleb128 0x4
 259 0070 08       		.byte	0x8
 260 0071 07       		.byte	0x7
 261 0072 C6010000 		.4byte	.LASF8
 262 0076 04       		.uleb128 0x4
 263 0077 04       		.byte	0x4
 264 0078 07       		.byte	0x7
 265 0079 22020000 		.4byte	.LASF9
 266 007d 05       		.uleb128 0x5
 267 007e 04       		.byte	0x4
 268 007f 06       		.uleb128 0x6
 269 0080 04       		.byte	0x4
 270 0081 45000000 		.4byte	0x45
 271 0085 04       		.uleb128 0x4
 272 0086 01       		.byte	0x1
 273 0087 08       		.byte	0x8
 274 0088 39020000 		.4byte	.LASF10
 275 008c 06       		.uleb128 0x6
 276 008d 04       		.byte	0x4
 277 008e 92000000 		.4byte	0x92
 278 0092 07       		.uleb128 0x7
 279 0093 03       		.uleb128 0x3
 280 0094 9C000000 		.4byte	.LASF12
 281 0098 03       		.byte	0x3
 282 0099 24       		.byte	0x24
 283 009a 25000000 		.4byte	0x25
 284 009e 08       		.uleb128 0x8
 285 009f 69020000 		.4byte	.LASF30
 286 00a3 01       		.byte	0x1
 287 00a4 1B       		.byte	0x1b
 288 00a5 93000000 		.4byte	0x93
 289 00a9 00000000 		.4byte	.LFB0
 290 00ad AE000000 		.4byte	.LFE0-.LFB0
 291 00b1 01       		.uleb128 0x1
 292 00b2 9C       		.byte	0x9c
 293 00b3 CB010000 		.4byte	0x1cb
 294 00b7 09       		.uleb128 0x9
 295 00b8 31010000 		.4byte	.LASF13
 296 00bc 01       		.byte	0x1
 297 00bd 1B       		.byte	0x1b
 298 00be CB010000 		.4byte	0x1cb
 299 00c2 00000000 		.4byte	.LLST0
 300 00c6 09       		.uleb128 0x9
 301 00c7 76010000 		.4byte	.LASF14
ARM GAS  C:\Users\ADMINI~1\AppData\Local\Temp\ccvQ6Ggr.s 			page 8


 302 00cb 01       		.byte	0x1
 303 00cc 1B       		.byte	0x1b
 304 00cd 53000000 		.4byte	0x53
 305 00d1 2D000000 		.4byte	.LLST1
 306 00d5 09       		.uleb128 0x9
 307 00d6 51020000 		.4byte	.LASF15
 308 00da 01       		.byte	0x1
 309 00db 1B       		.byte	0x1b
 310 00dc 53000000 		.4byte	0x53
 311 00e0 4E000000 		.4byte	.LLST2
 312 00e4 0A       		.uleb128 0xa
 313 00e5 BB010000 		.4byte	.LASF16
 314 00e9 01       		.byte	0x1
 315 00ea 1D       		.byte	0x1d
 316 00eb 25000000 		.4byte	0x25
 317 00ef 6F000000 		.4byte	.LLST3
 318 00f3 0A       		.uleb128 0xa
 319 00f4 DD010000 		.4byte	.LASF17
 320 00f8 01       		.byte	0x1
 321 00f9 1E       		.byte	0x1e
 322 00fa 25000000 		.4byte	0x25
 323 00fe AE000000 		.4byte	.LLST4
 324 0102 0A       		.uleb128 0xa
 325 0103 3C010000 		.4byte	.LASF18
 326 0107 01       		.byte	0x1
 327 0108 1F       		.byte	0x1f
 328 0109 53000000 		.4byte	0x53
 329 010d C1000000 		.4byte	.LLST5
 330 0111 0A       		.uleb128 0xa
 331 0112 44010000 		.4byte	.LASF19
 332 0116 01       		.byte	0x1
 333 0117 20       		.byte	0x20
 334 0118 CB010000 		.4byte	0x1cb
 335 011c F6000000 		.4byte	.LLST6
 336 0120 0A       		.uleb128 0xa
 337 0121 55010000 		.4byte	.LASF20
 338 0125 01       		.byte	0x1
 339 0126 21       		.byte	0x21
 340 0127 53000000 		.4byte	0x53
 341 012b 50010000 		.4byte	.LLST7
 342 012f 0B       		.uleb128 0xb
 343 0130 5A010000 		.4byte	.LASF21
 344 0134 01       		.byte	0x1
 345 0135 23       		.byte	0x23
 346 0136 D6010000 		.4byte	0x1d6
 347 013a 02       		.uleb128 0x2
 348 013b 91       		.byte	0x91
 349 013c 54       		.sleb128 -44
 350 013d 0A       		.uleb128 0xa
 351 013e 9A010000 		.4byte	.LASF22
 352 0142 01       		.byte	0x1
 353 0143 27       		.byte	0x27
 354 0144 25000000 		.4byte	0x25
 355 0148 8F010000 		.4byte	.LLST8
 356 014c 0C       		.uleb128 0xc
 357 014d 16000000 		.4byte	.LVL4
 358 0151 E6010000 		.4byte	0x1e6
ARM GAS  C:\Users\ADMINI~1\AppData\Local\Temp\ccvQ6Ggr.s 			page 9


 359 0155 6A010000 		.4byte	0x16a
 360 0159 0D       		.uleb128 0xd
 361 015a 01       		.uleb128 0x1
 362 015b 52       		.byte	0x52
 363 015c 01       		.uleb128 0x1
 364 015d 41       		.byte	0x41
 365 015e 0D       		.uleb128 0xd
 366 015f 01       		.uleb128 0x1
 367 0160 51       		.byte	0x51
 368 0161 01       		.uleb128 0x1
 369 0162 30       		.byte	0x30
 370 0163 0D       		.uleb128 0xd
 371 0164 01       		.uleb128 0x1
 372 0165 50       		.byte	0x50
 373 0166 02       		.uleb128 0x2
 374 0167 91       		.byte	0x91
 375 0168 54       		.sleb128 -44
 376 0169 00       		.byte	0
 377 016a 0C       		.uleb128 0xc
 378 016b 44000000 		.4byte	.LVL9
 379 016f 03020000 		.4byte	0x203
 380 0173 8D010000 		.4byte	0x18d
 381 0177 0D       		.uleb128 0xd
 382 0178 01       		.uleb128 0x1
 383 0179 52       		.byte	0x52
 384 017a 03       		.uleb128 0x3
 385 017b 91       		.byte	0x91
 386 017c 4C       		.sleb128 -52
 387 017d 06       		.byte	0x6
 388 017e 0D       		.uleb128 0xd
 389 017f 01       		.uleb128 0x1
 390 0180 51       		.byte	0x51
 391 0181 02       		.uleb128 0x2
 392 0182 74       		.byte	0x74
 393 0183 00       		.sleb128 0
 394 0184 0D       		.uleb128 0xd
 395 0185 01       		.uleb128 0x1
 396 0186 50       		.byte	0x50
 397 0187 04       		.uleb128 0x4
 398 0188 91       		.byte	0x91
 399 0189 44       		.sleb128 -60
 400 018a 94       		.byte	0x94
 401 018b 02       		.byte	0x2
 402 018c 00       		.byte	0
 403 018d 0C       		.uleb128 0xc
 404 018e 80000000 		.4byte	.LVL20
 405 0192 22020000 		.4byte	0x222
 406 0196 AD010000 		.4byte	0x1ad
 407 019a 0D       		.uleb128 0xd
 408 019b 01       		.uleb128 0x1
 409 019c 52       		.byte	0x52
 410 019d 02       		.uleb128 0x2
 411 019e 91       		.byte	0x91
 412 019f 54       		.sleb128 -44
 413 01a0 0D       		.uleb128 0xd
 414 01a1 01       		.uleb128 0x1
 415 01a2 51       		.byte	0x51
ARM GAS  C:\Users\ADMINI~1\AppData\Local\Temp\ccvQ6Ggr.s 			page 10


 416 01a3 02       		.uleb128 0x2
 417 01a4 74       		.byte	0x74
 418 01a5 00       		.sleb128 0
 419 01a6 0D       		.uleb128 0xd
 420 01a7 01       		.uleb128 0x1
 421 01a8 50       		.byte	0x50
 422 01a9 02       		.uleb128 0x2
 423 01aa 77       		.byte	0x77
 424 01ab 00       		.sleb128 0
 425 01ac 00       		.byte	0
 426 01ad 0E       		.uleb128 0xe
 427 01ae 8A000000 		.4byte	.LVL21
 428 01b2 41020000 		.4byte	0x241
 429 01b6 0D       		.uleb128 0xd
 430 01b7 01       		.uleb128 0x1
 431 01b8 52       		.byte	0x52
 432 01b9 02       		.uleb128 0x2
 433 01ba 74       		.byte	0x74
 434 01bb 00       		.sleb128 0
 435 01bc 0D       		.uleb128 0xd
 436 01bd 01       		.uleb128 0x1
 437 01be 51       		.byte	0x51
 438 01bf 03       		.uleb128 0x3
 439 01c0 91       		.byte	0x91
 440 01c1 48       		.sleb128 -56
 441 01c2 06       		.byte	0x6
 442 01c3 0D       		.uleb128 0xd
 443 01c4 01       		.uleb128 0x1
 444 01c5 50       		.byte	0x50
 445 01c6 02       		.uleb128 0x2
 446 01c7 91       		.byte	0x91
 447 01c8 54       		.sleb128 -44
 448 01c9 00       		.byte	0
 449 01ca 00       		.byte	0
 450 01cb 06       		.uleb128 0x6
 451 01cc 04       		.byte	0x4
 452 01cd D1010000 		.4byte	0x1d1
 453 01d1 0F       		.uleb128 0xf
 454 01d2 45000000 		.4byte	0x45
 455 01d6 10       		.uleb128 0x10
 456 01d7 45000000 		.4byte	0x45
 457 01db E6010000 		.4byte	0x1e6
 458 01df 11       		.uleb128 0x11
 459 01e0 76000000 		.4byte	0x76
 460 01e4 10       		.byte	0x10
 461 01e5 00       		.byte	0
 462 01e6 12       		.uleb128 0x12
 463 01e7 81010000 		.4byte	.LASF25
 464 01eb 7D000000 		.4byte	0x7d
 465 01ef 03020000 		.4byte	0x203
 466 01f3 13       		.uleb128 0x13
 467 01f4 7D000000 		.4byte	0x7d
 468 01f8 13       		.uleb128 0x13
 469 01f9 25000000 		.4byte	0x25
 470 01fd 13       		.uleb128 0x13
 471 01fe 76000000 		.4byte	0x76
 472 0202 00       		.byte	0
ARM GAS  C:\Users\ADMINI~1\AppData\Local\Temp\ccvQ6Ggr.s 			page 11


 473 0203 14       		.uleb128 0x14
 474 0204 9F010000 		.4byte	.LASF23
 475 0208 04       		.byte	0x4
 476 0209 1F       		.byte	0x1f
 477 020a 93000000 		.4byte	0x93
 478 020e 22020000 		.4byte	0x222
 479 0212 13       		.uleb128 0x13
 480 0213 53000000 		.4byte	0x53
 481 0217 13       		.uleb128 0x13
 482 0218 37000000 		.4byte	0x37
 483 021c 13       		.uleb128 0x13
 484 021d CB010000 		.4byte	0x1cb
 485 0221 00       		.byte	0
 486 0222 14       		.uleb128 0x14
 487 0223 5B020000 		.4byte	.LASF24
 488 0227 04       		.byte	0x4
 489 0228 28       		.byte	0x28
 490 0229 93000000 		.4byte	0x93
 491 022d 41020000 		.4byte	0x241
 492 0231 13       		.uleb128 0x13
 493 0232 53000000 		.4byte	0x53
 494 0236 13       		.uleb128 0x13
 495 0237 37000000 		.4byte	0x37
 496 023b 13       		.uleb128 0x13
 497 023c 7F000000 		.4byte	0x7f
 498 0240 00       		.byte	0
 499 0241 15       		.uleb128 0x15
 500 0242 95000000 		.4byte	.LASF26
 501 0246 05       		.byte	0x5
 502 0247 16       		.byte	0x16
 503 0248 25000000 		.4byte	0x25
 504 024c 13       		.uleb128 0x13
 505 024d 8C000000 		.4byte	0x8c
 506 0251 13       		.uleb128 0x13
 507 0252 8C000000 		.4byte	0x8c
 508 0256 13       		.uleb128 0x13
 509 0257 2C000000 		.4byte	0x2c
 510 025b 00       		.byte	0
 511 025c 00       		.byte	0
 512              		.section	.debug_abbrev,"",%progbits
 513              	.Ldebug_abbrev0:
 514 0000 01       		.uleb128 0x1
 515 0001 11       		.uleb128 0x11
 516 0002 01       		.byte	0x1
 517 0003 25       		.uleb128 0x25
 518 0004 0E       		.uleb128 0xe
 519 0005 13       		.uleb128 0x13
 520 0006 0B       		.uleb128 0xb
 521 0007 03       		.uleb128 0x3
 522 0008 0E       		.uleb128 0xe
 523 0009 1B       		.uleb128 0x1b
 524 000a 0E       		.uleb128 0xe
 525 000b 55       		.uleb128 0x55
 526 000c 17       		.uleb128 0x17
 527 000d 11       		.uleb128 0x11
 528 000e 01       		.uleb128 0x1
 529 000f 10       		.uleb128 0x10
ARM GAS  C:\Users\ADMINI~1\AppData\Local\Temp\ccvQ6Ggr.s 			page 12


 530 0010 17       		.uleb128 0x17
 531 0011 00       		.byte	0
 532 0012 00       		.byte	0
 533 0013 02       		.uleb128 0x2
 534 0014 24       		.uleb128 0x24
 535 0015 00       		.byte	0
 536 0016 0B       		.uleb128 0xb
 537 0017 0B       		.uleb128 0xb
 538 0018 3E       		.uleb128 0x3e
 539 0019 0B       		.uleb128 0xb
 540 001a 03       		.uleb128 0x3
 541 001b 08       		.uleb128 0x8
 542 001c 00       		.byte	0
 543 001d 00       		.byte	0
 544 001e 03       		.uleb128 0x3
 545 001f 16       		.uleb128 0x16
 546 0020 00       		.byte	0
 547 0021 03       		.uleb128 0x3
 548 0022 0E       		.uleb128 0xe
 549 0023 3A       		.uleb128 0x3a
 550 0024 0B       		.uleb128 0xb
 551 0025 3B       		.uleb128 0x3b
 552 0026 0B       		.uleb128 0xb
 553 0027 49       		.uleb128 0x49
 554 0028 13       		.uleb128 0x13
 555 0029 00       		.byte	0
 556 002a 00       		.byte	0
 557 002b 04       		.uleb128 0x4
 558 002c 24       		.uleb128 0x24
 559 002d 00       		.byte	0
 560 002e 0B       		.uleb128 0xb
 561 002f 0B       		.uleb128 0xb
 562 0030 3E       		.uleb128 0x3e
 563 0031 0B       		.uleb128 0xb
 564 0032 03       		.uleb128 0x3
 565 0033 0E       		.uleb128 0xe
 566 0034 00       		.byte	0
 567 0035 00       		.byte	0
 568 0036 05       		.uleb128 0x5
 569 0037 0F       		.uleb128 0xf
 570 0038 00       		.byte	0
 571 0039 0B       		.uleb128 0xb
 572 003a 0B       		.uleb128 0xb
 573 003b 00       		.byte	0
 574 003c 00       		.byte	0
 575 003d 06       		.uleb128 0x6
 576 003e 0F       		.uleb128 0xf
 577 003f 00       		.byte	0
 578 0040 0B       		.uleb128 0xb
 579 0041 0B       		.uleb128 0xb
 580 0042 49       		.uleb128 0x49
 581 0043 13       		.uleb128 0x13
 582 0044 00       		.byte	0
 583 0045 00       		.byte	0
 584 0046 07       		.uleb128 0x7
 585 0047 26       		.uleb128 0x26
 586 0048 00       		.byte	0
ARM GAS  C:\Users\ADMINI~1\AppData\Local\Temp\ccvQ6Ggr.s 			page 13


 587 0049 00       		.byte	0
 588 004a 00       		.byte	0
 589 004b 08       		.uleb128 0x8
 590 004c 2E       		.uleb128 0x2e
 591 004d 01       		.byte	0x1
 592 004e 3F       		.uleb128 0x3f
 593 004f 19       		.uleb128 0x19
 594 0050 03       		.uleb128 0x3
 595 0051 0E       		.uleb128 0xe
 596 0052 3A       		.uleb128 0x3a
 597 0053 0B       		.uleb128 0xb
 598 0054 3B       		.uleb128 0x3b
 599 0055 0B       		.uleb128 0xb
 600 0056 27       		.uleb128 0x27
 601 0057 19       		.uleb128 0x19
 602 0058 49       		.uleb128 0x49
 603 0059 13       		.uleb128 0x13
 604 005a 11       		.uleb128 0x11
 605 005b 01       		.uleb128 0x1
 606 005c 12       		.uleb128 0x12
 607 005d 06       		.uleb128 0x6
 608 005e 40       		.uleb128 0x40
 609 005f 18       		.uleb128 0x18
 610 0060 9742     		.uleb128 0x2117
 611 0062 19       		.uleb128 0x19
 612 0063 01       		.uleb128 0x1
 613 0064 13       		.uleb128 0x13
 614 0065 00       		.byte	0
 615 0066 00       		.byte	0
 616 0067 09       		.uleb128 0x9
 617 0068 05       		.uleb128 0x5
 618 0069 00       		.byte	0
 619 006a 03       		.uleb128 0x3
 620 006b 0E       		.uleb128 0xe
 621 006c 3A       		.uleb128 0x3a
 622 006d 0B       		.uleb128 0xb
 623 006e 3B       		.uleb128 0x3b
 624 006f 0B       		.uleb128 0xb
 625 0070 49       		.uleb128 0x49
 626 0071 13       		.uleb128 0x13
 627 0072 02       		.uleb128 0x2
 628 0073 17       		.uleb128 0x17
 629 0074 00       		.byte	0
 630 0075 00       		.byte	0
 631 0076 0A       		.uleb128 0xa
 632 0077 34       		.uleb128 0x34
 633 0078 00       		.byte	0
 634 0079 03       		.uleb128 0x3
 635 007a 0E       		.uleb128 0xe
 636 007b 3A       		.uleb128 0x3a
 637 007c 0B       		.uleb128 0xb
 638 007d 3B       		.uleb128 0x3b
 639 007e 0B       		.uleb128 0xb
 640 007f 49       		.uleb128 0x49
 641 0080 13       		.uleb128 0x13
 642 0081 02       		.uleb128 0x2
 643 0082 17       		.uleb128 0x17
ARM GAS  C:\Users\ADMINI~1\AppData\Local\Temp\ccvQ6Ggr.s 			page 14


 644 0083 00       		.byte	0
 645 0084 00       		.byte	0
 646 0085 0B       		.uleb128 0xb
 647 0086 34       		.uleb128 0x34
 648 0087 00       		.byte	0
 649 0088 03       		.uleb128 0x3
 650 0089 0E       		.uleb128 0xe
 651 008a 3A       		.uleb128 0x3a
 652 008b 0B       		.uleb128 0xb
 653 008c 3B       		.uleb128 0x3b
 654 008d 0B       		.uleb128 0xb
 655 008e 49       		.uleb128 0x49
 656 008f 13       		.uleb128 0x13
 657 0090 02       		.uleb128 0x2
 658 0091 18       		.uleb128 0x18
 659 0092 00       		.byte	0
 660 0093 00       		.byte	0
 661 0094 0C       		.uleb128 0xc
 662 0095 898201   		.uleb128 0x4109
 663 0098 01       		.byte	0x1
 664 0099 11       		.uleb128 0x11
 665 009a 01       		.uleb128 0x1
 666 009b 31       		.uleb128 0x31
 667 009c 13       		.uleb128 0x13
 668 009d 01       		.uleb128 0x1
 669 009e 13       		.uleb128 0x13
 670 009f 00       		.byte	0
 671 00a0 00       		.byte	0
 672 00a1 0D       		.uleb128 0xd
 673 00a2 8A8201   		.uleb128 0x410a
 674 00a5 00       		.byte	0
 675 00a6 02       		.uleb128 0x2
 676 00a7 18       		.uleb128 0x18
 677 00a8 9142     		.uleb128 0x2111
 678 00aa 18       		.uleb128 0x18
 679 00ab 00       		.byte	0
 680 00ac 00       		.byte	0
 681 00ad 0E       		.uleb128 0xe
 682 00ae 898201   		.uleb128 0x4109
 683 00b1 01       		.byte	0x1
 684 00b2 11       		.uleb128 0x11
 685 00b3 01       		.uleb128 0x1
 686 00b4 31       		.uleb128 0x31
 687 00b5 13       		.uleb128 0x13
 688 00b6 00       		.byte	0
 689 00b7 00       		.byte	0
 690 00b8 0F       		.uleb128 0xf
 691 00b9 26       		.uleb128 0x26
 692 00ba 00       		.byte	0
 693 00bb 49       		.uleb128 0x49
 694 00bc 13       		.uleb128 0x13
 695 00bd 00       		.byte	0
 696 00be 00       		.byte	0
 697 00bf 10       		.uleb128 0x10
 698 00c0 01       		.uleb128 0x1
 699 00c1 01       		.byte	0x1
 700 00c2 49       		.uleb128 0x49
ARM GAS  C:\Users\ADMINI~1\AppData\Local\Temp\ccvQ6Ggr.s 			page 15


 701 00c3 13       		.uleb128 0x13
 702 00c4 01       		.uleb128 0x1
 703 00c5 13       		.uleb128 0x13
 704 00c6 00       		.byte	0
 705 00c7 00       		.byte	0
 706 00c8 11       		.uleb128 0x11
 707 00c9 21       		.uleb128 0x21
 708 00ca 00       		.byte	0
 709 00cb 49       		.uleb128 0x49
 710 00cc 13       		.uleb128 0x13
 711 00cd 2F       		.uleb128 0x2f
 712 00ce 0B       		.uleb128 0xb
 713 00cf 00       		.byte	0
 714 00d0 00       		.byte	0
 715 00d1 12       		.uleb128 0x12
 716 00d2 2E       		.uleb128 0x2e
 717 00d3 01       		.byte	0x1
 718 00d4 3F       		.uleb128 0x3f
 719 00d5 19       		.uleb128 0x19
 720 00d6 03       		.uleb128 0x3
 721 00d7 0E       		.uleb128 0xe
 722 00d8 27       		.uleb128 0x27
 723 00d9 19       		.uleb128 0x19
 724 00da 49       		.uleb128 0x49
 725 00db 13       		.uleb128 0x13
 726 00dc 34       		.uleb128 0x34
 727 00dd 19       		.uleb128 0x19
 728 00de 3C       		.uleb128 0x3c
 729 00df 19       		.uleb128 0x19
 730 00e0 01       		.uleb128 0x1
 731 00e1 13       		.uleb128 0x13
 732 00e2 00       		.byte	0
 733 00e3 00       		.byte	0
 734 00e4 13       		.uleb128 0x13
 735 00e5 05       		.uleb128 0x5
 736 00e6 00       		.byte	0
 737 00e7 49       		.uleb128 0x49
 738 00e8 13       		.uleb128 0x13
 739 00e9 00       		.byte	0
 740 00ea 00       		.byte	0
 741 00eb 14       		.uleb128 0x14
 742 00ec 2E       		.uleb128 0x2e
 743 00ed 01       		.byte	0x1
 744 00ee 3F       		.uleb128 0x3f
 745 00ef 19       		.uleb128 0x19
 746 00f0 03       		.uleb128 0x3
 747 00f1 0E       		.uleb128 0xe
 748 00f2 3A       		.uleb128 0x3a
 749 00f3 0B       		.uleb128 0xb
 750 00f4 3B       		.uleb128 0x3b
 751 00f5 0B       		.uleb128 0xb
 752 00f6 27       		.uleb128 0x27
 753 00f7 19       		.uleb128 0x19
 754 00f8 49       		.uleb128 0x49
 755 00f9 13       		.uleb128 0x13
 756 00fa 3C       		.uleb128 0x3c
 757 00fb 19       		.uleb128 0x19
ARM GAS  C:\Users\ADMINI~1\AppData\Local\Temp\ccvQ6Ggr.s 			page 16


 758 00fc 01       		.uleb128 0x1
 759 00fd 13       		.uleb128 0x13
 760 00fe 00       		.byte	0
 761 00ff 00       		.byte	0
 762 0100 15       		.uleb128 0x15
 763 0101 2E       		.uleb128 0x2e
 764 0102 01       		.byte	0x1
 765 0103 3F       		.uleb128 0x3f
 766 0104 19       		.uleb128 0x19
 767 0105 03       		.uleb128 0x3
 768 0106 0E       		.uleb128 0xe
 769 0107 3A       		.uleb128 0x3a
 770 0108 0B       		.uleb128 0xb
 771 0109 3B       		.uleb128 0x3b
 772 010a 0B       		.uleb128 0xb
 773 010b 27       		.uleb128 0x27
 774 010c 19       		.uleb128 0x19
 775 010d 49       		.uleb128 0x49
 776 010e 13       		.uleb128 0x13
 777 010f 3C       		.uleb128 0x3c
 778 0110 19       		.uleb128 0x19
 779 0111 00       		.byte	0
 780 0112 00       		.byte	0
 781 0113 00       		.byte	0
 782              		.section	.debug_loc,"",%progbits
 783              	.Ldebug_loc0:
 784              	.LLST0:
 785 0000 00000000 		.4byte	.LVL0
 786 0004 10000000 		.4byte	.LVL2
 787 0008 0100     		.2byte	0x1
 788 000a 50       		.byte	0x50
 789 000b 10000000 		.4byte	.LVL2
 790 000f 5E000000 		.4byte	.LVL16
 791 0013 0200     		.2byte	0x2
 792 0015 91       		.byte	0x91
 793 0016 48       		.sleb128 -56
 794 0017 5E000000 		.4byte	.LVL16
 795 001b AE000000 		.4byte	.LFE0
 796 001f 0400     		.2byte	0x4
 797 0021 F3       		.byte	0xf3
 798 0022 01       		.uleb128 0x1
 799 0023 50       		.byte	0x50
 800 0024 9F       		.byte	0x9f
 801 0025 00000000 		.4byte	0
 802 0029 00000000 		.4byte	0
 803              	.LLST1:
 804 002d 00000000 		.4byte	.LVL0
 805 0031 0E000000 		.4byte	.LVL1
 806 0035 0100     		.2byte	0x1
 807 0037 51       		.byte	0x51
 808 0038 0E000000 		.4byte	.LVL1
 809 003c AE000000 		.4byte	.LFE0
 810 0040 0400     		.2byte	0x4
 811 0042 F3       		.byte	0xf3
 812 0043 01       		.uleb128 0x1
 813 0044 51       		.byte	0x51
 814 0045 9F       		.byte	0x9f
ARM GAS  C:\Users\ADMINI~1\AppData\Local\Temp\ccvQ6Ggr.s 			page 17


 815 0046 00000000 		.4byte	0
 816 004a 00000000 		.4byte	0
 817              	.LLST2:
 818 004e 00000000 		.4byte	.LVL0
 819 0052 12000000 		.4byte	.LVL3
 820 0056 0100     		.2byte	0x1
 821 0058 52       		.byte	0x52
 822 0059 12000000 		.4byte	.LVL3
 823 005d AE000000 		.4byte	.LFE0
 824 0061 0400     		.2byte	0x4
 825 0063 F3       		.byte	0xf3
 826 0064 01       		.uleb128 0x1
 827 0065 52       		.byte	0x52
 828 0066 9F       		.byte	0x9f
 829 0067 00000000 		.4byte	0
 830 006b 00000000 		.4byte	0
 831              	.LLST3:
 832 006f 28000000 		.4byte	.LVL6
 833 0073 38000000 		.4byte	.LVL7
 834 0077 0100     		.2byte	0x1
 835 0079 54       		.byte	0x54
 836 007a 3A000000 		.4byte	.LVL8
 837 007e 52000000 		.4byte	.LVL12
 838 0082 0100     		.2byte	0x1
 839 0084 54       		.byte	0x54
 840 0085 66000000 		.4byte	.LVL17
 841 0089 74000000 		.4byte	.LVL18
 842 008d 0100     		.2byte	0x1
 843 008f 54       		.byte	0x54
 844 0090 76000000 		.4byte	.LVL19
 845 0094 94000000 		.4byte	.LVL22
 846 0098 0100     		.2byte	0x1
 847 009a 54       		.byte	0x54
 848 009b A6000000 		.4byte	.LVL28
 849 009f AA000000 		.4byte	.LVL29
 850 00a3 0100     		.2byte	0x1
 851 00a5 54       		.byte	0x54
 852 00a6 00000000 		.4byte	0
 853 00aa 00000000 		.4byte	0
 854              	.LLST4:
 855 00ae 44000000 		.4byte	.LVL9
 856 00b2 5E000000 		.4byte	.LVL16
 857 00b6 0100     		.2byte	0x1
 858 00b8 50       		.byte	0x50
 859 00b9 00000000 		.4byte	0
 860 00bd 00000000 		.4byte	0
 861              	.LLST5:
 862 00c1 16000000 		.4byte	.LVL4
 863 00c5 1C000000 		.4byte	.LVL5
 864 00c9 0100     		.2byte	0x1
 865 00cb 57       		.byte	0x57
 866 00cc 1C000000 		.4byte	.LVL5
 867 00d0 5E000000 		.4byte	.LVL16
 868 00d4 0200     		.2byte	0x2
 869 00d6 91       		.byte	0x91
 870 00d7 44       		.sleb128 -60
 871 00d8 5E000000 		.4byte	.LVL16
ARM GAS  C:\Users\ADMINI~1\AppData\Local\Temp\ccvQ6Ggr.s 			page 18


 872 00dc 98000000 		.4byte	.LVL24
 873 00e0 0100     		.2byte	0x1
 874 00e2 57       		.byte	0x57
 875 00e3 9E000000 		.4byte	.LVL27
 876 00e7 AA000000 		.4byte	.LVL29
 877 00eb 0100     		.2byte	0x1
 878 00ed 57       		.byte	0x57
 879 00ee 00000000 		.4byte	0
 880 00f2 00000000 		.4byte	0
 881              	.LLST6:
 882 00f6 16000000 		.4byte	.LVL4
 883 00fa 1C000000 		.4byte	.LVL5
 884 00fe 0200     		.2byte	0x2
 885 0100 91       		.byte	0x91
 886 0101 48       		.sleb128 -56
 887 0102 1C000000 		.4byte	.LVL5
 888 0106 4E000000 		.4byte	.LVL10
 889 010a 0200     		.2byte	0x2
 890 010c 91       		.byte	0x91
 891 010d 4C       		.sleb128 -52
 892 010e 4E000000 		.4byte	.LVL10
 893 0112 50000000 		.4byte	.LVL11
 894 0116 0100     		.2byte	0x1
 895 0118 53       		.byte	0x53
 896 0119 50000000 		.4byte	.LVL11
 897 011d 5E000000 		.4byte	.LVL16
 898 0121 0200     		.2byte	0x2
 899 0123 91       		.byte	0x91
 900 0124 4C       		.sleb128 -52
 901 0125 5E000000 		.4byte	.LVL16
 902 0129 9A000000 		.4byte	.LVL25
 903 012d 0200     		.2byte	0x2
 904 012f 91       		.byte	0x91
 905 0130 48       		.sleb128 -56
 906 0131 9A000000 		.4byte	.LVL25
 907 0135 9E000000 		.4byte	.LVL27
 908 0139 0100     		.2byte	0x1
 909 013b 53       		.byte	0x53
 910 013c 9E000000 		.4byte	.LVL27
 911 0140 AA000000 		.4byte	.LVL29
 912 0144 0200     		.2byte	0x2
 913 0146 91       		.byte	0x91
 914 0147 48       		.sleb128 -56
 915 0148 00000000 		.4byte	0
 916 014c 00000000 		.4byte	0
 917              	.LLST7:
 918 0150 16000000 		.4byte	.LVL4
 919 0154 1C000000 		.4byte	.LVL5
 920 0158 0100     		.2byte	0x1
 921 015a 55       		.byte	0x55
 922 015b 1C000000 		.4byte	.LVL5
 923 015f 54000000 		.4byte	.LVL13
 924 0163 0100     		.2byte	0x1
 925 0165 56       		.byte	0x56
 926 0166 5A000000 		.4byte	.LVL14
 927 016a 5E000000 		.4byte	.LVL16
 928 016e 0100     		.2byte	0x1
ARM GAS  C:\Users\ADMINI~1\AppData\Local\Temp\ccvQ6Ggr.s 			page 19


 929 0170 56       		.byte	0x56
 930 0171 5E000000 		.4byte	.LVL16
 931 0175 96000000 		.4byte	.LVL23
 932 0179 0100     		.2byte	0x1
 933 017b 55       		.byte	0x55
 934 017c 9C000000 		.4byte	.LVL26
 935 0180 AA000000 		.4byte	.LVL29
 936 0184 0100     		.2byte	0x1
 937 0186 55       		.byte	0x55
 938 0187 00000000 		.4byte	0
 939 018b 00000000 		.4byte	0
 940              	.LLST8:
 941 018f 00000000 		.4byte	.LVL0
 942 0193 5E000000 		.4byte	.LVL16
 943 0197 0200     		.2byte	0x2
 944 0199 30       		.byte	0x30
 945 019a 9F       		.byte	0x9f
 946 019b 00000000 		.4byte	0
 947 019f 00000000 		.4byte	0
 948              		.section	.debug_aranges,"",%progbits
 949 0000 1C000000 		.4byte	0x1c
 950 0004 0200     		.2byte	0x2
 951 0006 00000000 		.4byte	.Ldebug_info0
 952 000a 04       		.byte	0x4
 953 000b 00       		.byte	0
 954 000c 0000     		.2byte	0
 955 000e 0000     		.2byte	0
 956 0010 00000000 		.4byte	.LFB0
 957 0014 AE000000 		.4byte	.LFE0-.LFB0
 958 0018 00000000 		.4byte	0
 959 001c 00000000 		.4byte	0
 960              		.section	.debug_ranges,"",%progbits
 961              	.Ldebug_ranges0:
 962 0000 00000000 		.4byte	.LFB0
 963 0004 AE000000 		.4byte	.LFE0
 964 0008 00000000 		.4byte	0
 965 000c 00000000 		.4byte	0
 966              		.section	.debug_line,"",%progbits
 967              	.Ldebug_line0:
 968 0000 EF010000 		.section	.debug_str,"MS",%progbits,1
 968      02009201 
 968      00000201 
 968      FB0E0D00 
 968      01010101 
 969              	.LASF11:
 970 0000 73697A65 		.ascii	"size_t\000"
 970      5F7400
 971              	.LASF27:
 972 0007 474E5520 		.ascii	"GNU C 4.9.3 20150303 (release) [ARM/embedded-4_9-br"
 972      4320342E 
 972      392E3320 
 972      32303135 
 972      30333033 
 973 003a 616E6368 		.ascii	"anch revision 221220] -mcpu=cortex-m0 -mthumb -g -O"
 973      20726576 
 973      6973696F 
 973      6E203232 
ARM GAS  C:\Users\ADMINI~1\AppData\Local\Temp\ccvQ6Ggr.s 			page 20


 973      31323230 
 974 006d 73202D66 		.ascii	"s -ffunction-sections -ffat-lto-objects\000"
 974      66756E63 
 974      74696F6E 
 974      2D736563 
 974      74696F6E 
 975              	.LASF26:
 976 0095 6D656D63 		.ascii	"memcmp\000"
 976      6D7000
 977              	.LASF12:
 978 009c 696E765F 		.ascii	"inv_error_t\000"
 978      6572726F 
 978      725F7400 
 979              	.LASF29:
 980 00a8 433A5C55 		.ascii	"C:\\Users\\Administrator\\Desktop\\Temp\\BackBone.c"
 980      73657273 
 980      5C41646D 
 980      696E6973 
 980      74726174 
 981 00d6 7977726B 		.ascii	"ywrk.Archive_modified\\BackBone.cywrk.Archive 09302"
 981      2E417263 
 981      68697665 
 981      5F6D6F64 
 981      69666965 
 982 0108 3031365C 		.ascii	"016\\BackBone\\BackBone_Bootloadable.cydsn\000"
 982      4261636B 
 982      426F6E65 
 982      5C426163 
 982      6B426F6E 
 983              	.LASF13:
 984 0131 64617461 		.ascii	"data_start\000"
 984      5F737461 
 984      727400
 985              	.LASF18:
 986 013c 6D656D61 		.ascii	"memaddr\000"
 986      64647200 
 987              	.LASF19:
 988 0144 64617461 		.ascii	"data\000"
 988      00
 989              	.LASF1:
 990 0149 7369676E 		.ascii	"signed char\000"
 990      65642063 
 990      68617200 
 991              	.LASF20:
 992 0155 73697A65 		.ascii	"size\000"
 992      00
 993              	.LASF21:
 994 015a 64617461 		.ascii	"data_cmp\000"
 994      5F636D70 
 994      00
 995              	.LASF4:
 996 0163 73686F72 		.ascii	"short unsigned int\000"
 996      7420756E 
 996      7369676E 
 996      65642069 
 996      6E7400
 997              	.LASF14:
ARM GAS  C:\Users\ADMINI~1\AppData\Local\Temp\ccvQ6Ggr.s 			page 21


 998 0176 73697A65 		.ascii	"size_start\000"
 998      5F737461 
 998      727400
 999              	.LASF25:
 1000 0181 6D656D73 		.ascii	"memset\000"
 1000      657400
 1001              	.LASF6:
 1002 0188 6C6F6E67 		.ascii	"long unsigned int\000"
 1002      20756E73 
 1002      69676E65 
 1002      6420696E 
 1002      7400
 1003              	.LASF22:
 1004 019a 666C6167 		.ascii	"flag\000"
 1004      00
 1005              	.LASF23:
 1006 019f 696E765F 		.ascii	"inv_write_mems\000"
 1006      77726974 
 1006      655F6D65 
 1006      6D7300
 1007              	.LASF0:
 1008 01ae 756E7369 		.ascii	"unsigned int\000"
 1008      676E6564 
 1008      20696E74 
 1008      00
 1009              	.LASF16:
 1010 01bb 77726974 		.ascii	"write_size\000"
 1010      655F7369 
 1010      7A6500
 1011              	.LASF8:
 1012 01c6 6C6F6E67 		.ascii	"long long unsigned int\000"
 1012      206C6F6E 
 1012      6720756E 
 1012      7369676E 
 1012      65642069 
 1013              	.LASF17:
 1014 01dd 72657375 		.ascii	"result\000"
 1014      6C7400
 1015              	.LASF28:
 1016 01e4 2E5C3230 		.ascii	".\\20648_driver\\drivers\\inv_mems_load_firmware.c\000"
 1016      3634385F 
 1016      64726976 
 1016      65725C64 
 1016      72697665 
 1017              	.LASF2:
 1018 0214 756E7369 		.ascii	"unsigned char\000"
 1018      676E6564 
 1018      20636861 
 1018      7200
 1019              	.LASF9:
 1020 0222 73697A65 		.ascii	"sizetype\000"
 1020      74797065 
 1020      00
 1021              	.LASF7:
 1022 022b 6C6F6E67 		.ascii	"long long int\000"
 1022      206C6F6E 
 1022      6720696E 
ARM GAS  C:\Users\ADMINI~1\AppData\Local\Temp\ccvQ6Ggr.s 			page 22


 1022      7400
 1023              	.LASF10:
 1024 0239 63686172 		.ascii	"char\000"
 1024      00
 1025              	.LASF3:
 1026 023e 73686F72 		.ascii	"short int\000"
 1026      7420696E 
 1026      7400
 1027              	.LASF5:
 1028 0248 6C6F6E67 		.ascii	"long int\000"
 1028      20696E74 
 1028      00
 1029              	.LASF15:
 1030 0251 6C6F6164 		.ascii	"load_addr\000"
 1030      5F616464 
 1030      7200
 1031              	.LASF24:
 1032 025b 696E765F 		.ascii	"inv_read_mems\000"
 1032      72656164 
 1032      5F6D656D 
 1032      7300
 1033              	.LASF30:
 1034 0269 696E765F 		.ascii	"inv_mems_firmware_load\000"
 1034      6D656D73 
 1034      5F666972 
 1034      6D776172 
 1034      655F6C6F 
 1035              		.ident	"GCC: (GNU Tools for ARM Embedded Processors) 4.9.3 20150303 (release) [ARM/embedded-4_9-br
