ARM GAS  C:\Users\ADMINI~1\AppData\Local\Temp\ccWc32vS.s 			page 1


   1              		.cpu cortex-m0
   2              		.fpu softvfp
   3              		.eabi_attribute 20, 1
   4              		.eabi_attribute 21, 1
   5              		.eabi_attribute 23, 3
   6              		.eabi_attribute 24, 1
   7              		.eabi_attribute 25, 1
   8              		.eabi_attribute 26, 1
   9              		.eabi_attribute 30, 4
  10              		.eabi_attribute 34, 0
  11              		.eabi_attribute 18, 4
  12              		.code	16
  13              		.file	"inv_mems_base_control_20609.c"
  14              		.text
  15              	.Ltext0:
  16              		.cfi_sections	.debug_frame
  17              	.Letext0:
  18              		.section	.debug_line,"",%progbits
  19              	.Ldebug_line0:
  20              		.section	.debug_str,"MS",%progbits,1
  21              	.LASF0:
  22 0000 2E5C3230 		.ascii	".\\20648_driver\\drivers\\inv_mems_base_control_206"
  22      3634385F 
  22      64726976 
  22      65725C64 
  22      72697665 
  23 0030 30392E63 		.ascii	"09.c\000"
  23      00
  24              	.LASF1:
  25 0035 433A5C55 		.ascii	"C:\\Users\\Administrator\\Desktop\\Temp\\BackBone.c"
  25      73657273 
  25      5C41646D 
  25      696E6973 
  25      74726174 
  26 0063 7977726B 		.ascii	"ywrk.Archive_modified\\BackBone.cywrk.Archive 09302"
  26      2E417263 
  26      68697665 
  26      5F6D6F64 
  26      69666965 
  27 0095 3031365C 		.ascii	"016\\BackBone\\BackBone_Bootloadable.cydsn\000"
  27      4261636B 
  27      426F6E65 
  27      5C426163 
  27      6B426F6E 
  28              	.LASF2:
  29 00be 474E5520 		.ascii	"GNU C 4.9.3 20150303 (release) [ARM/embedded-4_9-br"
  29      4320342E 
  29      392E3320 
  29      32303135 
  29      30333033 
  30 00f1 616E6368 		.ascii	"anch revision 221220] -mcpu=cortex-m0 -mthumb -g -O"
  30      20726576 
  30      6973696F 
  30      6E203232 
  30      31323230 
  31 0124 73202D66 		.ascii	"s -ffunction-sections -ffat-lto-objects\000"
  31      66756E63 
ARM GAS  C:\Users\ADMINI~1\AppData\Local\Temp\ccWc32vS.s 			page 2


  31      74696F6E 
  31      2D736563 
  31      74696F6E 
  32              		.ident	"GCC: (GNU Tools for ARM Embedded Processors) 4.9.3 20150303 (release) [ARM/embedded-4_9-br
