ARM GAS  C:\Users\ADMINI~1\AppData\Local\Temp\ccrOf4a6.s 			page 1


   1              		.cpu cortex-m0
   2              		.fpu softvfp
   3              		.eabi_attribute 20, 1
   4              		.eabi_attribute 21, 1
   5              		.eabi_attribute 23, 3
   6              		.eabi_attribute 24, 1
   7              		.eabi_attribute 25, 1
   8              		.eabi_attribute 26, 1
   9              		.eabi_attribute 30, 4
  10              		.eabi_attribute 34, 0
  11              		.eabi_attribute 18, 4
  12              		.code	16
  13              		.file	"MotorPWM_PM.c"
  14              		.text
  15              	.Ltext0:
  16              		.cfi_sections	.debug_frame
  17              		.section	.text.MotorPWM_SaveConfig,"ax",%progbits
  18              		.align	1
  19              		.global	MotorPWM_SaveConfig
  20              		.code	16
  21              		.thumb_func
  22              		.type	MotorPWM_SaveConfig, %function
  23              	MotorPWM_SaveConfig:
  24              	.LFB2:
  25              		.file 1 ".\\Generated_Source\\PSoC4\\MotorPWM_PM.c"
   1:.\Generated_Source\PSoC4/MotorPWM_PM.c **** /*******************************************************************************
   2:.\Generated_Source\PSoC4/MotorPWM_PM.c **** * File Name: MotorPWM_PM.c
   3:.\Generated_Source\PSoC4/MotorPWM_PM.c **** * Version 3.30
   4:.\Generated_Source\PSoC4/MotorPWM_PM.c **** *
   5:.\Generated_Source\PSoC4/MotorPWM_PM.c **** * Description:
   6:.\Generated_Source\PSoC4/MotorPWM_PM.c **** *  This file provides the power management source code to API for the
   7:.\Generated_Source\PSoC4/MotorPWM_PM.c **** *  PWM.
   8:.\Generated_Source\PSoC4/MotorPWM_PM.c **** *
   9:.\Generated_Source\PSoC4/MotorPWM_PM.c **** * Note:
  10:.\Generated_Source\PSoC4/MotorPWM_PM.c **** *
  11:.\Generated_Source\PSoC4/MotorPWM_PM.c **** ********************************************************************************
  12:.\Generated_Source\PSoC4/MotorPWM_PM.c **** * Copyright 2008-2014, Cypress Semiconductor Corporation.  All rights reserved.
  13:.\Generated_Source\PSoC4/MotorPWM_PM.c **** * You may use this file only in accordance with the license, terms, conditions,
  14:.\Generated_Source\PSoC4/MotorPWM_PM.c **** * disclaimers, and limitations in the end user license agreement accompanying
  15:.\Generated_Source\PSoC4/MotorPWM_PM.c **** * the software package with which this file was provided.
  16:.\Generated_Source\PSoC4/MotorPWM_PM.c **** *******************************************************************************/
  17:.\Generated_Source\PSoC4/MotorPWM_PM.c **** 
  18:.\Generated_Source\PSoC4/MotorPWM_PM.c **** #include "MotorPWM.h"
  19:.\Generated_Source\PSoC4/MotorPWM_PM.c **** 
  20:.\Generated_Source\PSoC4/MotorPWM_PM.c **** static MotorPWM_backupStruct MotorPWM_backup;
  21:.\Generated_Source\PSoC4/MotorPWM_PM.c **** 
  22:.\Generated_Source\PSoC4/MotorPWM_PM.c **** 
  23:.\Generated_Source\PSoC4/MotorPWM_PM.c **** /*******************************************************************************
  24:.\Generated_Source\PSoC4/MotorPWM_PM.c **** * Function Name: MotorPWM_SaveConfig
  25:.\Generated_Source\PSoC4/MotorPWM_PM.c **** ********************************************************************************
  26:.\Generated_Source\PSoC4/MotorPWM_PM.c **** *
  27:.\Generated_Source\PSoC4/MotorPWM_PM.c **** * Summary:
  28:.\Generated_Source\PSoC4/MotorPWM_PM.c **** *  Saves the current user configuration of the component.
  29:.\Generated_Source\PSoC4/MotorPWM_PM.c **** *
  30:.\Generated_Source\PSoC4/MotorPWM_PM.c **** * Parameters:
  31:.\Generated_Source\PSoC4/MotorPWM_PM.c **** *  None
  32:.\Generated_Source\PSoC4/MotorPWM_PM.c **** *
ARM GAS  C:\Users\ADMINI~1\AppData\Local\Temp\ccrOf4a6.s 			page 2


  33:.\Generated_Source\PSoC4/MotorPWM_PM.c **** * Return:
  34:.\Generated_Source\PSoC4/MotorPWM_PM.c **** *  None
  35:.\Generated_Source\PSoC4/MotorPWM_PM.c **** *
  36:.\Generated_Source\PSoC4/MotorPWM_PM.c **** * Global variables:
  37:.\Generated_Source\PSoC4/MotorPWM_PM.c **** *  MotorPWM_backup:  Variables of this global structure are modified to
  38:.\Generated_Source\PSoC4/MotorPWM_PM.c **** *  store the values of non retention configuration registers when Sleep() API is
  39:.\Generated_Source\PSoC4/MotorPWM_PM.c **** *  called.
  40:.\Generated_Source\PSoC4/MotorPWM_PM.c **** *
  41:.\Generated_Source\PSoC4/MotorPWM_PM.c **** *******************************************************************************/
  42:.\Generated_Source\PSoC4/MotorPWM_PM.c **** void MotorPWM_SaveConfig(void) 
  43:.\Generated_Source\PSoC4/MotorPWM_PM.c **** {
  26              		.loc 1 43 0
  27              		.cfi_startproc
  28 0000 10B5     		push	{r4, lr}
  29              		.cfi_def_cfa_offset 8
  30              		.cfi_offset 4, -8
  31              		.cfi_offset 14, -4
  44:.\Generated_Source\PSoC4/MotorPWM_PM.c **** 
  45:.\Generated_Source\PSoC4/MotorPWM_PM.c ****     #if(!MotorPWM_UsingFixedFunction)
  46:.\Generated_Source\PSoC4/MotorPWM_PM.c ****         #if(!MotorPWM_PWMModeIsCenterAligned)
  47:.\Generated_Source\PSoC4/MotorPWM_PM.c ****             MotorPWM_backup.PWMPeriod = MotorPWM_ReadPeriod();
  32              		.loc 1 47 0
  33 0002 FFF7FEFF 		bl	MotorPWM_ReadPeriod
  34              	.LVL0:
  35 0006 064C     		ldr	r4, .L2
  48:.\Generated_Source\PSoC4/MotorPWM_PM.c ****         #endif /* (!MotorPWM_PWMModeIsCenterAligned) */
  49:.\Generated_Source\PSoC4/MotorPWM_PM.c ****         MotorPWM_backup.PWMUdb = MotorPWM_ReadCounter();
  50:.\Generated_Source\PSoC4/MotorPWM_PM.c ****         #if (MotorPWM_UseStatus)
  51:.\Generated_Source\PSoC4/MotorPWM_PM.c ****             MotorPWM_backup.InterruptMaskValue = MotorPWM_STATUS_MASK;
  52:.\Generated_Source\PSoC4/MotorPWM_PM.c ****         #endif /* (MotorPWM_UseStatus) */
  53:.\Generated_Source\PSoC4/MotorPWM_PM.c **** 
  54:.\Generated_Source\PSoC4/MotorPWM_PM.c ****         #if(MotorPWM_DeadBandMode == MotorPWM__B_PWM__DBM_256_CLOCKS || \
  55:.\Generated_Source\PSoC4/MotorPWM_PM.c ****             MotorPWM_DeadBandMode == MotorPWM__B_PWM__DBM_2_4_CLOCKS)
  56:.\Generated_Source\PSoC4/MotorPWM_PM.c ****             MotorPWM_backup.PWMdeadBandValue = MotorPWM_ReadDeadTime();
  57:.\Generated_Source\PSoC4/MotorPWM_PM.c ****         #endif /*  deadband count is either 2-4 clocks or 256 clocks */
  58:.\Generated_Source\PSoC4/MotorPWM_PM.c **** 
  59:.\Generated_Source\PSoC4/MotorPWM_PM.c ****         #if(MotorPWM_KillModeMinTime)
  60:.\Generated_Source\PSoC4/MotorPWM_PM.c ****              MotorPWM_backup.PWMKillCounterPeriod = MotorPWM_ReadKillTime();
  61:.\Generated_Source\PSoC4/MotorPWM_PM.c ****         #endif /* (MotorPWM_KillModeMinTime) */
  62:.\Generated_Source\PSoC4/MotorPWM_PM.c **** 
  63:.\Generated_Source\PSoC4/MotorPWM_PM.c ****         #if(MotorPWM_UseControl)
  64:.\Generated_Source\PSoC4/MotorPWM_PM.c ****             MotorPWM_backup.PWMControlRegister = MotorPWM_ReadControlRegister();
  65:.\Generated_Source\PSoC4/MotorPWM_PM.c ****         #endif /* (MotorPWM_UseControl) */
  66:.\Generated_Source\PSoC4/MotorPWM_PM.c ****     #endif  /* (!MotorPWM_UsingFixedFunction) */
  67:.\Generated_Source\PSoC4/MotorPWM_PM.c **** }
  36              		.loc 1 67 0
  37              		@ sp needed
  47:.\Generated_Source\PSoC4/MotorPWM_PM.c ****         #endif /* (!MotorPWM_PWMModeIsCenterAligned) */
  38              		.loc 1 47 0
  39 0008 A080     		strh	r0, [r4, #4]
  49:.\Generated_Source\PSoC4/MotorPWM_PM.c ****         #if (MotorPWM_UseStatus)
  40              		.loc 1 49 0
  41 000a FFF7FEFF 		bl	MotorPWM_ReadCounter
  42              	.LVL1:
  51:.\Generated_Source\PSoC4/MotorPWM_PM.c ****         #endif /* (MotorPWM_UseStatus) */
  43              		.loc 1 51 0
  44 000e 054B     		ldr	r3, .L2+4
ARM GAS  C:\Users\ADMINI~1\AppData\Local\Temp\ccrOf4a6.s 			page 3


  49:.\Generated_Source\PSoC4/MotorPWM_PM.c ****         #if (MotorPWM_UseStatus)
  45              		.loc 1 49 0
  46 0010 6080     		strh	r0, [r4, #2]
  51:.\Generated_Source\PSoC4/MotorPWM_PM.c ****         #endif /* (MotorPWM_UseStatus) */
  47              		.loc 1 51 0
  48 0012 1B78     		ldrb	r3, [r3]
  49 0014 A371     		strb	r3, [r4, #6]
  64:.\Generated_Source\PSoC4/MotorPWM_PM.c ****         #endif /* (MotorPWM_UseControl) */
  50              		.loc 1 64 0
  51 0016 FFF7FEFF 		bl	MotorPWM_ReadControlRegister
  52              	.LVL2:
  53 001a E071     		strb	r0, [r4, #7]
  54              		.loc 1 67 0
  55 001c 10BD     		pop	{r4, pc}
  56              	.L3:
  57 001e C046     		.align	2
  58              	.L2:
  59 0020 00000000 		.word	.LANCHOR0
  60 0024 81000F40 		.word	1074724993
  61              		.cfi_endproc
  62              	.LFE2:
  63              		.size	MotorPWM_SaveConfig, .-MotorPWM_SaveConfig
  64              		.section	.text.MotorPWM_RestoreConfig,"ax",%progbits
  65              		.align	1
  66              		.global	MotorPWM_RestoreConfig
  67              		.code	16
  68              		.thumb_func
  69              		.type	MotorPWM_RestoreConfig, %function
  70              	MotorPWM_RestoreConfig:
  71              	.LFB3:
  68:.\Generated_Source\PSoC4/MotorPWM_PM.c **** 
  69:.\Generated_Source\PSoC4/MotorPWM_PM.c **** 
  70:.\Generated_Source\PSoC4/MotorPWM_PM.c **** /*******************************************************************************
  71:.\Generated_Source\PSoC4/MotorPWM_PM.c **** * Function Name: MotorPWM_RestoreConfig
  72:.\Generated_Source\PSoC4/MotorPWM_PM.c **** ********************************************************************************
  73:.\Generated_Source\PSoC4/MotorPWM_PM.c **** *
  74:.\Generated_Source\PSoC4/MotorPWM_PM.c **** * Summary:
  75:.\Generated_Source\PSoC4/MotorPWM_PM.c **** *  Restores the current user configuration of the component.
  76:.\Generated_Source\PSoC4/MotorPWM_PM.c **** *
  77:.\Generated_Source\PSoC4/MotorPWM_PM.c **** * Parameters:
  78:.\Generated_Source\PSoC4/MotorPWM_PM.c **** *  None
  79:.\Generated_Source\PSoC4/MotorPWM_PM.c **** *
  80:.\Generated_Source\PSoC4/MotorPWM_PM.c **** * Return:
  81:.\Generated_Source\PSoC4/MotorPWM_PM.c **** *  None
  82:.\Generated_Source\PSoC4/MotorPWM_PM.c **** *
  83:.\Generated_Source\PSoC4/MotorPWM_PM.c **** * Global variables:
  84:.\Generated_Source\PSoC4/MotorPWM_PM.c **** *  MotorPWM_backup:  Variables of this global structure are used to
  85:.\Generated_Source\PSoC4/MotorPWM_PM.c **** *  restore the values of non retention registers on wakeup from sleep mode.
  86:.\Generated_Source\PSoC4/MotorPWM_PM.c **** *
  87:.\Generated_Source\PSoC4/MotorPWM_PM.c **** *******************************************************************************/
  88:.\Generated_Source\PSoC4/MotorPWM_PM.c **** void MotorPWM_RestoreConfig(void) 
  89:.\Generated_Source\PSoC4/MotorPWM_PM.c **** {
  72              		.loc 1 89 0
  73              		.cfi_startproc
  74 0000 10B5     		push	{r4, lr}
  75              		.cfi_def_cfa_offset 8
  76              		.cfi_offset 4, -8
ARM GAS  C:\Users\ADMINI~1\AppData\Local\Temp\ccrOf4a6.s 			page 4


  77              		.cfi_offset 14, -4
  90:.\Generated_Source\PSoC4/MotorPWM_PM.c ****         #if(!MotorPWM_UsingFixedFunction)
  91:.\Generated_Source\PSoC4/MotorPWM_PM.c ****             #if(!MotorPWM_PWMModeIsCenterAligned)
  92:.\Generated_Source\PSoC4/MotorPWM_PM.c ****                 MotorPWM_WritePeriod(MotorPWM_backup.PWMPeriod);
  78              		.loc 1 92 0
  79 0002 074C     		ldr	r4, .L5
  93:.\Generated_Source\PSoC4/MotorPWM_PM.c ****             #endif /* (!MotorPWM_PWMModeIsCenterAligned) */
  94:.\Generated_Source\PSoC4/MotorPWM_PM.c **** 
  95:.\Generated_Source\PSoC4/MotorPWM_PM.c ****             MotorPWM_WriteCounter(MotorPWM_backup.PWMUdb);
  96:.\Generated_Source\PSoC4/MotorPWM_PM.c **** 
  97:.\Generated_Source\PSoC4/MotorPWM_PM.c ****             #if (MotorPWM_UseStatus)
  98:.\Generated_Source\PSoC4/MotorPWM_PM.c ****                 MotorPWM_STATUS_MASK = MotorPWM_backup.InterruptMaskValue;
  99:.\Generated_Source\PSoC4/MotorPWM_PM.c ****             #endif /* (MotorPWM_UseStatus) */
 100:.\Generated_Source\PSoC4/MotorPWM_PM.c **** 
 101:.\Generated_Source\PSoC4/MotorPWM_PM.c ****             #if(MotorPWM_DeadBandMode == MotorPWM__B_PWM__DBM_256_CLOCKS || \
 102:.\Generated_Source\PSoC4/MotorPWM_PM.c ****                 MotorPWM_DeadBandMode == MotorPWM__B_PWM__DBM_2_4_CLOCKS)
 103:.\Generated_Source\PSoC4/MotorPWM_PM.c ****                 MotorPWM_WriteDeadTime(MotorPWM_backup.PWMdeadBandValue);
 104:.\Generated_Source\PSoC4/MotorPWM_PM.c ****             #endif /* deadband count is either 2-4 clocks or 256 clocks */
 105:.\Generated_Source\PSoC4/MotorPWM_PM.c **** 
 106:.\Generated_Source\PSoC4/MotorPWM_PM.c ****             #if(MotorPWM_KillModeMinTime)
 107:.\Generated_Source\PSoC4/MotorPWM_PM.c ****                 MotorPWM_WriteKillTime(MotorPWM_backup.PWMKillCounterPeriod);
 108:.\Generated_Source\PSoC4/MotorPWM_PM.c ****             #endif /* (MotorPWM_KillModeMinTime) */
 109:.\Generated_Source\PSoC4/MotorPWM_PM.c **** 
 110:.\Generated_Source\PSoC4/MotorPWM_PM.c ****             #if(MotorPWM_UseControl)
 111:.\Generated_Source\PSoC4/MotorPWM_PM.c ****                 MotorPWM_WriteControlRegister(MotorPWM_backup.PWMControlRegister);
 112:.\Generated_Source\PSoC4/MotorPWM_PM.c ****             #endif /* (MotorPWM_UseControl) */
 113:.\Generated_Source\PSoC4/MotorPWM_PM.c ****         #endif  /* (!MotorPWM_UsingFixedFunction) */
 114:.\Generated_Source\PSoC4/MotorPWM_PM.c ****     }
  80              		.loc 1 114 0
  81              		@ sp needed
  92:.\Generated_Source\PSoC4/MotorPWM_PM.c ****             #endif /* (!MotorPWM_PWMModeIsCenterAligned) */
  82              		.loc 1 92 0
  83 0004 A088     		ldrh	r0, [r4, #4]
  84 0006 FFF7FEFF 		bl	MotorPWM_WritePeriod
  85              	.LVL3:
  95:.\Generated_Source\PSoC4/MotorPWM_PM.c **** 
  86              		.loc 1 95 0
  87 000a 6088     		ldrh	r0, [r4, #2]
  88 000c FFF7FEFF 		bl	MotorPWM_WriteCounter
  89              	.LVL4:
  98:.\Generated_Source\PSoC4/MotorPWM_PM.c ****             #endif /* (MotorPWM_UseStatus) */
  90              		.loc 1 98 0
  91 0010 A279     		ldrb	r2, [r4, #6]
  92 0012 044B     		ldr	r3, .L5+4
  93 0014 1A70     		strb	r2, [r3]
 111:.\Generated_Source\PSoC4/MotorPWM_PM.c ****             #endif /* (MotorPWM_UseControl) */
  94              		.loc 1 111 0
  95 0016 E079     		ldrb	r0, [r4, #7]
  96 0018 FFF7FEFF 		bl	MotorPWM_WriteControlRegister
  97              	.LVL5:
  98              		.loc 1 114 0
  99 001c 10BD     		pop	{r4, pc}
 100              	.L6:
 101 001e C046     		.align	2
 102              	.L5:
 103 0020 00000000 		.word	.LANCHOR0
 104 0024 81000F40 		.word	1074724993
ARM GAS  C:\Users\ADMINI~1\AppData\Local\Temp\ccrOf4a6.s 			page 5


 105              		.cfi_endproc
 106              	.LFE3:
 107              		.size	MotorPWM_RestoreConfig, .-MotorPWM_RestoreConfig
 108              		.section	.text.MotorPWM_Sleep,"ax",%progbits
 109              		.align	1
 110              		.global	MotorPWM_Sleep
 111              		.code	16
 112              		.thumb_func
 113              		.type	MotorPWM_Sleep, %function
 114              	MotorPWM_Sleep:
 115              	.LFB4:
 115:.\Generated_Source\PSoC4/MotorPWM_PM.c **** 
 116:.\Generated_Source\PSoC4/MotorPWM_PM.c **** 
 117:.\Generated_Source\PSoC4/MotorPWM_PM.c **** /*******************************************************************************
 118:.\Generated_Source\PSoC4/MotorPWM_PM.c **** * Function Name: MotorPWM_Sleep
 119:.\Generated_Source\PSoC4/MotorPWM_PM.c **** ********************************************************************************
 120:.\Generated_Source\PSoC4/MotorPWM_PM.c **** *
 121:.\Generated_Source\PSoC4/MotorPWM_PM.c **** * Summary:
 122:.\Generated_Source\PSoC4/MotorPWM_PM.c **** *  Disables block's operation and saves the user configuration. Should be called
 123:.\Generated_Source\PSoC4/MotorPWM_PM.c **** *  just prior to entering sleep.
 124:.\Generated_Source\PSoC4/MotorPWM_PM.c **** *
 125:.\Generated_Source\PSoC4/MotorPWM_PM.c **** * Parameters:
 126:.\Generated_Source\PSoC4/MotorPWM_PM.c **** *  None
 127:.\Generated_Source\PSoC4/MotorPWM_PM.c **** *
 128:.\Generated_Source\PSoC4/MotorPWM_PM.c **** * Return:
 129:.\Generated_Source\PSoC4/MotorPWM_PM.c **** *  None
 130:.\Generated_Source\PSoC4/MotorPWM_PM.c **** *
 131:.\Generated_Source\PSoC4/MotorPWM_PM.c **** * Global variables:
 132:.\Generated_Source\PSoC4/MotorPWM_PM.c **** *  MotorPWM_backup.PWMEnableState:  Is modified depending on the enable
 133:.\Generated_Source\PSoC4/MotorPWM_PM.c **** *  state of the block before entering sleep mode.
 134:.\Generated_Source\PSoC4/MotorPWM_PM.c **** *
 135:.\Generated_Source\PSoC4/MotorPWM_PM.c **** *******************************************************************************/
 136:.\Generated_Source\PSoC4/MotorPWM_PM.c **** void MotorPWM_Sleep(void) 
 137:.\Generated_Source\PSoC4/MotorPWM_PM.c **** {
 116              		.loc 1 137 0
 117              		.cfi_startproc
 118 0000 08B5     		push	{r3, lr}
 119              		.cfi_def_cfa_offset 8
 120              		.cfi_offset 3, -8
 121              		.cfi_offset 14, -4
 138:.\Generated_Source\PSoC4/MotorPWM_PM.c ****     #if(MotorPWM_UseControl)
 139:.\Generated_Source\PSoC4/MotorPWM_PM.c ****         if(MotorPWM_CTRL_ENABLE == (MotorPWM_CONTROL & MotorPWM_CTRL_ENABLE))
 122              		.loc 1 139 0
 123 0002 074B     		ldr	r3, .L12
 124 0004 074A     		ldr	r2, .L12+4
 125 0006 1B78     		ldrb	r3, [r3]
 126 0008 5BB2     		sxtb	r3, r3
 127 000a 002B     		cmp	r3, #0
 128 000c 01DA     		bge	.L8
 140:.\Generated_Source\PSoC4/MotorPWM_PM.c ****         {
 141:.\Generated_Source\PSoC4/MotorPWM_PM.c ****             /*Component is enabled */
 142:.\Generated_Source\PSoC4/MotorPWM_PM.c ****             MotorPWM_backup.PWMEnableState = 1u;
 129              		.loc 1 142 0
 130 000e 0123     		mov	r3, #1
 131 0010 00E0     		b	.L10
 132              	.L8:
 143:.\Generated_Source\PSoC4/MotorPWM_PM.c ****         }
ARM GAS  C:\Users\ADMINI~1\AppData\Local\Temp\ccrOf4a6.s 			page 6


 144:.\Generated_Source\PSoC4/MotorPWM_PM.c ****         else
 145:.\Generated_Source\PSoC4/MotorPWM_PM.c ****         {
 146:.\Generated_Source\PSoC4/MotorPWM_PM.c ****             /* Component is disabled */
 147:.\Generated_Source\PSoC4/MotorPWM_PM.c ****             MotorPWM_backup.PWMEnableState = 0u;
 133              		.loc 1 147 0
 134 0012 0023     		mov	r3, #0
 135              	.L10:
 136 0014 1370     		strb	r3, [r2]
 148:.\Generated_Source\PSoC4/MotorPWM_PM.c ****         }
 149:.\Generated_Source\PSoC4/MotorPWM_PM.c ****     #endif /* (MotorPWM_UseControl) */
 150:.\Generated_Source\PSoC4/MotorPWM_PM.c **** 
 151:.\Generated_Source\PSoC4/MotorPWM_PM.c ****     /* Stop component */
 152:.\Generated_Source\PSoC4/MotorPWM_PM.c ****     MotorPWM_Stop();
 153:.\Generated_Source\PSoC4/MotorPWM_PM.c **** 
 154:.\Generated_Source\PSoC4/MotorPWM_PM.c ****     /* Save registers configuration */
 155:.\Generated_Source\PSoC4/MotorPWM_PM.c ****     MotorPWM_SaveConfig();
 156:.\Generated_Source\PSoC4/MotorPWM_PM.c **** }
 137              		.loc 1 156 0
 138              		@ sp needed
 152:.\Generated_Source\PSoC4/MotorPWM_PM.c **** 
 139              		.loc 1 152 0
 140 0016 FFF7FEFF 		bl	MotorPWM_Stop
 141              	.LVL6:
 155:.\Generated_Source\PSoC4/MotorPWM_PM.c **** }
 142              		.loc 1 155 0
 143 001a FFF7FEFF 		bl	MotorPWM_SaveConfig
 144              	.LVL7:
 145              		.loc 1 156 0
 146 001e 08BD     		pop	{r3, pc}
 147              	.L13:
 148              		.align	2
 149              	.L12:
 150 0020 71000F40 		.word	1074724977
 151 0024 00000000 		.word	.LANCHOR0
 152              		.cfi_endproc
 153              	.LFE4:
 154              		.size	MotorPWM_Sleep, .-MotorPWM_Sleep
 155              		.section	.text.MotorPWM_Wakeup,"ax",%progbits
 156              		.align	1
 157              		.global	MotorPWM_Wakeup
 158              		.code	16
 159              		.thumb_func
 160              		.type	MotorPWM_Wakeup, %function
 161              	MotorPWM_Wakeup:
 162              	.LFB5:
 157:.\Generated_Source\PSoC4/MotorPWM_PM.c **** 
 158:.\Generated_Source\PSoC4/MotorPWM_PM.c **** 
 159:.\Generated_Source\PSoC4/MotorPWM_PM.c **** /*******************************************************************************
 160:.\Generated_Source\PSoC4/MotorPWM_PM.c **** * Function Name: MotorPWM_Wakeup
 161:.\Generated_Source\PSoC4/MotorPWM_PM.c **** ********************************************************************************
 162:.\Generated_Source\PSoC4/MotorPWM_PM.c **** *
 163:.\Generated_Source\PSoC4/MotorPWM_PM.c **** * Summary:
 164:.\Generated_Source\PSoC4/MotorPWM_PM.c **** *  Restores and enables the user configuration. Should be called just after
 165:.\Generated_Source\PSoC4/MotorPWM_PM.c **** *  awaking from sleep.
 166:.\Generated_Source\PSoC4/MotorPWM_PM.c **** *
 167:.\Generated_Source\PSoC4/MotorPWM_PM.c **** * Parameters:
 168:.\Generated_Source\PSoC4/MotorPWM_PM.c **** *  None
ARM GAS  C:\Users\ADMINI~1\AppData\Local\Temp\ccrOf4a6.s 			page 7


 169:.\Generated_Source\PSoC4/MotorPWM_PM.c **** *
 170:.\Generated_Source\PSoC4/MotorPWM_PM.c **** * Return:
 171:.\Generated_Source\PSoC4/MotorPWM_PM.c **** *  None
 172:.\Generated_Source\PSoC4/MotorPWM_PM.c **** *
 173:.\Generated_Source\PSoC4/MotorPWM_PM.c **** * Global variables:
 174:.\Generated_Source\PSoC4/MotorPWM_PM.c **** *  MotorPWM_backup.pwmEnable:  Is used to restore the enable state of
 175:.\Generated_Source\PSoC4/MotorPWM_PM.c **** *  block on wakeup from sleep mode.
 176:.\Generated_Source\PSoC4/MotorPWM_PM.c **** *
 177:.\Generated_Source\PSoC4/MotorPWM_PM.c **** *******************************************************************************/
 178:.\Generated_Source\PSoC4/MotorPWM_PM.c **** void MotorPWM_Wakeup(void) 
 179:.\Generated_Source\PSoC4/MotorPWM_PM.c **** {
 163              		.loc 1 179 0
 164              		.cfi_startproc
 165 0000 08B5     		push	{r3, lr}
 166              		.cfi_def_cfa_offset 8
 167              		.cfi_offset 3, -8
 168              		.cfi_offset 14, -4
 180:.\Generated_Source\PSoC4/MotorPWM_PM.c ****      /* Restore registers values */
 181:.\Generated_Source\PSoC4/MotorPWM_PM.c ****     MotorPWM_RestoreConfig();
 169              		.loc 1 181 0
 170 0002 FFF7FEFF 		bl	MotorPWM_RestoreConfig
 171              	.LVL8:
 182:.\Generated_Source\PSoC4/MotorPWM_PM.c **** 
 183:.\Generated_Source\PSoC4/MotorPWM_PM.c ****     if(MotorPWM_backup.PWMEnableState != 0u)
 172              		.loc 1 183 0
 173 0006 034B     		ldr	r3, .L19
 174 0008 1B78     		ldrb	r3, [r3]
 175 000a 002B     		cmp	r3, #0
 176 000c 01D0     		beq	.L14
 184:.\Generated_Source\PSoC4/MotorPWM_PM.c ****     {
 185:.\Generated_Source\PSoC4/MotorPWM_PM.c ****         /* Enable component's operation */
 186:.\Generated_Source\PSoC4/MotorPWM_PM.c ****         MotorPWM_Enable();
 177              		.loc 1 186 0
 178 000e FFF7FEFF 		bl	MotorPWM_Enable
 179              	.LVL9:
 180              	.L14:
 187:.\Generated_Source\PSoC4/MotorPWM_PM.c ****     } /* Do nothing if component's block was disabled before */
 188:.\Generated_Source\PSoC4/MotorPWM_PM.c **** 
 189:.\Generated_Source\PSoC4/MotorPWM_PM.c **** }
 181              		.loc 1 189 0
 182              		@ sp needed
 183 0012 08BD     		pop	{r3, pc}
 184              	.L20:
 185              		.align	2
 186              	.L19:
 187 0014 00000000 		.word	.LANCHOR0
 188              		.cfi_endproc
 189              	.LFE5:
 190              		.size	MotorPWM_Wakeup, .-MotorPWM_Wakeup
 191              		.bss
 192              		.align	1
 193              		.set	.LANCHOR0,. + 0
 194              		.type	MotorPWM_backup, %object
 195              		.size	MotorPWM_backup, 8
 196              	MotorPWM_backup:
 197 0000 00000000 		.space	8
 197      00000000 
ARM GAS  C:\Users\ADMINI~1\AppData\Local\Temp\ccrOf4a6.s 			page 8


 198              		.text
 199              	.Letext0:
 200              		.file 2 ".\\Generated_Source\\PSoC4\\cytypes.h"
 201              		.file 3 ".\\Generated_Source\\PSoC4\\MotorPWM.h"
 202              		.section	.debug_info,"",%progbits
 203              	.Ldebug_info0:
 204 0000 22020000 		.4byte	0x222
 205 0004 0400     		.2byte	0x4
 206 0006 00000000 		.4byte	.Ldebug_abbrev0
 207 000a 04       		.byte	0x4
 208 000b 01       		.uleb128 0x1
 209 000c 6B000000 		.4byte	.LASF34
 210 0010 01       		.byte	0x1
 211 0011 3A000000 		.4byte	.LASF35
 212 0015 30010000 		.4byte	.LASF36
 213 0019 00000000 		.4byte	.Ldebug_ranges0+0
 214 001d 00000000 		.4byte	0
 215 0021 00000000 		.4byte	.Ldebug_line0
 216 0025 02       		.uleb128 0x2
 217 0026 01       		.byte	0x1
 218 0027 06       		.byte	0x6
 219 0028 1D030000 		.4byte	.LASF0
 220 002c 02       		.uleb128 0x2
 221 002d 01       		.byte	0x1
 222 002e 08       		.byte	0x8
 223 002f E9010000 		.4byte	.LASF1
 224 0033 02       		.uleb128 0x2
 225 0034 02       		.byte	0x2
 226 0035 05       		.byte	0x5
 227 0036 C8020000 		.4byte	.LASF2
 228 003a 02       		.uleb128 0x2
 229 003b 02       		.byte	0x2
 230 003c 07       		.byte	0x7
 231 003d 1D010000 		.4byte	.LASF3
 232 0041 02       		.uleb128 0x2
 233 0042 04       		.byte	0x4
 234 0043 05       		.byte	0x5
 235 0044 14030000 		.4byte	.LASF4
 236 0048 02       		.uleb128 0x2
 237 0049 04       		.byte	0x4
 238 004a 07       		.byte	0x7
 239 004b 06020000 		.4byte	.LASF5
 240 004f 02       		.uleb128 0x2
 241 0050 08       		.byte	0x8
 242 0051 05       		.byte	0x5
 243 0052 A7020000 		.4byte	.LASF6
 244 0056 02       		.uleb128 0x2
 245 0057 08       		.byte	0x8
 246 0058 07       		.byte	0x7
 247 0059 73020000 		.4byte	.LASF7
 248 005d 03       		.uleb128 0x3
 249 005e 04       		.byte	0x4
 250 005f 05       		.byte	0x5
 251 0060 696E7400 		.ascii	"int\000"
 252 0064 02       		.uleb128 0x2
 253 0065 04       		.byte	0x4
 254 0066 07       		.byte	0x7
ARM GAS  C:\Users\ADMINI~1\AppData\Local\Temp\ccrOf4a6.s 			page 9


 255 0067 50020000 		.4byte	.LASF8
 256 006b 04       		.uleb128 0x4
 257 006c 18020000 		.4byte	.LASF9
 258 0070 02       		.byte	0x2
 259 0071 9801     		.2byte	0x198
 260 0073 2C000000 		.4byte	0x2c
 261 0077 04       		.uleb128 0x4
 262 0078 49020000 		.4byte	.LASF10
 263 007c 02       		.byte	0x2
 264 007d 9901     		.2byte	0x199
 265 007f 3A000000 		.4byte	0x3a
 266 0083 02       		.uleb128 0x2
 267 0084 04       		.byte	0x4
 268 0085 04       		.byte	0x4
 269 0086 B9010000 		.4byte	.LASF11
 270 008a 02       		.uleb128 0x2
 271 008b 08       		.byte	0x8
 272 008c 04       		.byte	0x4
 273 008d 32020000 		.4byte	.LASF12
 274 0091 02       		.uleb128 0x2
 275 0092 01       		.byte	0x1
 276 0093 08       		.byte	0x8
 277 0094 B5020000 		.4byte	.LASF13
 278 0098 04       		.uleb128 0x4
 279 0099 99020000 		.4byte	.LASF14
 280 009d 02       		.byte	0x2
 281 009e 4202     		.2byte	0x242
 282 00a0 A4000000 		.4byte	0xa4
 283 00a4 05       		.uleb128 0x5
 284 00a5 6B000000 		.4byte	0x6b
 285 00a9 02       		.uleb128 0x2
 286 00aa 04       		.byte	0x4
 287 00ab 07       		.byte	0x7
 288 00ac 9E020000 		.4byte	.LASF15
 289 00b0 06       		.uleb128 0x6
 290 00b1 08       		.byte	0x8
 291 00b2 03       		.byte	0x3
 292 00b3 6B       		.byte	0x6b
 293 00b4 F5000000 		.4byte	0xf5
 294 00b8 07       		.uleb128 0x7
 295 00b9 F7010000 		.4byte	.LASF16
 296 00bd 03       		.byte	0x3
 297 00be 6E       		.byte	0x6e
 298 00bf 6B000000 		.4byte	0x6b
 299 00c3 00       		.byte	0
 300 00c4 07       		.uleb128 0x7
 301 00c5 33000000 		.4byte	.LASF17
 302 00c9 03       		.byte	0x3
 303 00ca 71       		.byte	0x71
 304 00cb 77000000 		.4byte	0x77
 305 00cf 02       		.byte	0x2
 306 00d0 07       		.uleb128 0x7
 307 00d1 61000000 		.4byte	.LASF18
 308 00d5 03       		.byte	0x3
 309 00d6 73       		.byte	0x73
 310 00d7 77000000 		.4byte	0x77
 311 00db 04       		.byte	0x4
ARM GAS  C:\Users\ADMINI~1\AppData\Local\Temp\ccrOf4a6.s 			page 10


 312 00dc 07       		.uleb128 0x7
 313 00dd 3F030000 		.4byte	.LASF19
 314 00e1 03       		.byte	0x3
 315 00e2 76       		.byte	0x76
 316 00e3 6B000000 		.4byte	0x6b
 317 00e7 06       		.byte	0x6
 318 00e8 07       		.uleb128 0x7
 319 00e9 BF010000 		.4byte	.LASF20
 320 00ed 03       		.byte	0x3
 321 00ee 86       		.byte	0x86
 322 00ef 6B000000 		.4byte	0x6b
 323 00f3 07       		.byte	0x7
 324 00f4 00       		.byte	0
 325 00f5 08       		.uleb128 0x8
 326 00f6 5D020000 		.4byte	.LASF21
 327 00fa 03       		.byte	0x3
 328 00fb 8B       		.byte	0x8b
 329 00fc B0000000 		.4byte	0xb0
 330 0100 09       		.uleb128 0x9
 331 0101 09010000 		.4byte	.LASF22
 332 0105 01       		.byte	0x1
 333 0106 2A       		.byte	0x2a
 334 0107 00000000 		.4byte	.LFB2
 335 010b 28000000 		.4byte	.LFE2-.LFB2
 336 010f 01       		.uleb128 0x1
 337 0110 9C       		.byte	0x9c
 338 0111 31010000 		.4byte	0x131
 339 0115 0A       		.uleb128 0xa
 340 0116 06000000 		.4byte	.LVL0
 341 011a C3010000 		.4byte	0x1c3
 342 011e 0A       		.uleb128 0xa
 343 011f 0E000000 		.4byte	.LVL1
 344 0123 CE010000 		.4byte	0x1ce
 345 0127 0A       		.uleb128 0xa
 346 0128 1A000000 		.4byte	.LVL2
 347 012c D9010000 		.4byte	0x1d9
 348 0130 00       		.byte	0
 349 0131 09       		.uleb128 0x9
 350 0132 D2010000 		.4byte	.LASF23
 351 0136 01       		.byte	0x1
 352 0137 58       		.byte	0x58
 353 0138 00000000 		.4byte	.LFB3
 354 013c 28000000 		.4byte	.LFE3-.LFB3
 355 0140 01       		.uleb128 0x1
 356 0141 9C       		.byte	0x9c
 357 0142 62010000 		.4byte	0x162
 358 0146 0A       		.uleb128 0xa
 359 0147 0A000000 		.4byte	.LVL3
 360 014b E4010000 		.4byte	0x1e4
 361 014f 0A       		.uleb128 0xa
 362 0150 10000000 		.4byte	.LVL4
 363 0154 F5010000 		.4byte	0x1f5
 364 0158 0A       		.uleb128 0xa
 365 0159 1C000000 		.4byte	.LVL5
 366 015d 06020000 		.4byte	0x206
 367 0161 00       		.byte	0
 368 0162 09       		.uleb128 0x9
ARM GAS  C:\Users\ADMINI~1\AppData\Local\Temp\ccrOf4a6.s 			page 11


 369 0163 8A020000 		.4byte	.LASF24
 370 0167 01       		.byte	0x1
 371 0168 88       		.byte	0x88
 372 0169 00000000 		.4byte	.LFB4
 373 016d 28000000 		.4byte	.LFE4-.LFB4
 374 0171 01       		.uleb128 0x1
 375 0172 9C       		.byte	0x9c
 376 0173 8A010000 		.4byte	0x18a
 377 0177 0A       		.uleb128 0xa
 378 0178 1A000000 		.4byte	.LVL6
 379 017c 17020000 		.4byte	0x217
 380 0180 0A       		.uleb128 0xa
 381 0181 1E000000 		.4byte	.LVL7
 382 0185 00010000 		.4byte	0x100
 383 0189 00       		.byte	0
 384 018a 09       		.uleb128 0x9
 385 018b F9000000 		.4byte	.LASF25
 386 018f 01       		.byte	0x1
 387 0190 B2       		.byte	0xb2
 388 0191 00000000 		.4byte	.LFB5
 389 0195 18000000 		.4byte	.LFE5-.LFB5
 390 0199 01       		.uleb128 0x1
 391 019a 9C       		.byte	0x9c
 392 019b B2010000 		.4byte	0x1b2
 393 019f 0A       		.uleb128 0xa
 394 01a0 06000000 		.4byte	.LVL8
 395 01a4 31010000 		.4byte	0x131
 396 01a8 0A       		.uleb128 0xa
 397 01a9 12000000 		.4byte	.LVL9
 398 01ad 1E020000 		.4byte	0x21e
 399 01b1 00       		.byte	0
 400 01b2 0B       		.uleb128 0xb
 401 01b3 E7020000 		.4byte	.LASF37
 402 01b7 01       		.byte	0x1
 403 01b8 14       		.byte	0x14
 404 01b9 F5000000 		.4byte	0xf5
 405 01bd 05       		.uleb128 0x5
 406 01be 03       		.byte	0x3
 407 01bf 00000000 		.4byte	MotorPWM_backup
 408 01c3 0C       		.uleb128 0xc
 409 01c4 1E020000 		.4byte	.LASF26
 410 01c8 03       		.byte	0x3
 411 01c9 C0       		.byte	0xc0
 412 01ca 77000000 		.4byte	0x77
 413 01ce 0C       		.uleb128 0xc
 414 01cf D2020000 		.4byte	.LASF27
 415 01d3 03       		.byte	0x3
 416 01d4 B3       		.byte	0xb3
 417 01d5 77000000 		.4byte	0x77
 418 01d9 0C       		.uleb128 0xc
 419 01da F7020000 		.4byte	.LASF28
 420 01de 03       		.byte	0x3
 421 01df 9D       		.byte	0x9d
 422 01e0 6B000000 		.4byte	0x6b
 423 01e4 0D       		.uleb128 0xd
 424 01e5 1E000000 		.4byte	.LASF29
 425 01e9 03       		.byte	0x3
ARM GAS  C:\Users\ADMINI~1\AppData\Local\Temp\ccrOf4a6.s 			page 12


 426 01ea BE       		.byte	0xbe
 427 01eb F5010000 		.4byte	0x1f5
 428 01ef 0E       		.uleb128 0xe
 429 01f0 77000000 		.4byte	0x77
 430 01f4 00       		.byte	0
 431 01f5 0D       		.uleb128 0xd
 432 01f6 29030000 		.4byte	.LASF30
 433 01fa 03       		.byte	0x3
 434 01fb BA       		.byte	0xba
 435 01fc 06020000 		.4byte	0x206
 436 0200 0E       		.uleb128 0xe
 437 0201 77000000 		.4byte	0x77
 438 0205 00       		.byte	0
 439 0206 0D       		.uleb128 0xd
 440 0207 00000000 		.4byte	.LASF31
 441 020b 03       		.byte	0x3
 442 020c 9E       		.byte	0x9e
 443 020d 17020000 		.4byte	0x217
 444 0211 0E       		.uleb128 0xe
 445 0212 6B000000 		.4byte	0x6b
 446 0216 00       		.byte	0
 447 0217 0F       		.uleb128 0xf
 448 0218 BA020000 		.4byte	.LASF32
 449 021c 03       		.byte	0x3
 450 021d 93       		.byte	0x93
 451 021e 0F       		.uleb128 0xf
 452 021f 39020000 		.4byte	.LASF33
 453 0223 03       		.byte	0x3
 454 0224 DB       		.byte	0xdb
 455 0225 00       		.byte	0
 456              		.section	.debug_abbrev,"",%progbits
 457              	.Ldebug_abbrev0:
 458 0000 01       		.uleb128 0x1
 459 0001 11       		.uleb128 0x11
 460 0002 01       		.byte	0x1
 461 0003 25       		.uleb128 0x25
 462 0004 0E       		.uleb128 0xe
 463 0005 13       		.uleb128 0x13
 464 0006 0B       		.uleb128 0xb
 465 0007 03       		.uleb128 0x3
 466 0008 0E       		.uleb128 0xe
 467 0009 1B       		.uleb128 0x1b
 468 000a 0E       		.uleb128 0xe
 469 000b 55       		.uleb128 0x55
 470 000c 17       		.uleb128 0x17
 471 000d 11       		.uleb128 0x11
 472 000e 01       		.uleb128 0x1
 473 000f 10       		.uleb128 0x10
 474 0010 17       		.uleb128 0x17
 475 0011 00       		.byte	0
 476 0012 00       		.byte	0
 477 0013 02       		.uleb128 0x2
 478 0014 24       		.uleb128 0x24
 479 0015 00       		.byte	0
 480 0016 0B       		.uleb128 0xb
 481 0017 0B       		.uleb128 0xb
 482 0018 3E       		.uleb128 0x3e
ARM GAS  C:\Users\ADMINI~1\AppData\Local\Temp\ccrOf4a6.s 			page 13


 483 0019 0B       		.uleb128 0xb
 484 001a 03       		.uleb128 0x3
 485 001b 0E       		.uleb128 0xe
 486 001c 00       		.byte	0
 487 001d 00       		.byte	0
 488 001e 03       		.uleb128 0x3
 489 001f 24       		.uleb128 0x24
 490 0020 00       		.byte	0
 491 0021 0B       		.uleb128 0xb
 492 0022 0B       		.uleb128 0xb
 493 0023 3E       		.uleb128 0x3e
 494 0024 0B       		.uleb128 0xb
 495 0025 03       		.uleb128 0x3
 496 0026 08       		.uleb128 0x8
 497 0027 00       		.byte	0
 498 0028 00       		.byte	0
 499 0029 04       		.uleb128 0x4
 500 002a 16       		.uleb128 0x16
 501 002b 00       		.byte	0
 502 002c 03       		.uleb128 0x3
 503 002d 0E       		.uleb128 0xe
 504 002e 3A       		.uleb128 0x3a
 505 002f 0B       		.uleb128 0xb
 506 0030 3B       		.uleb128 0x3b
 507 0031 05       		.uleb128 0x5
 508 0032 49       		.uleb128 0x49
 509 0033 13       		.uleb128 0x13
 510 0034 00       		.byte	0
 511 0035 00       		.byte	0
 512 0036 05       		.uleb128 0x5
 513 0037 35       		.uleb128 0x35
 514 0038 00       		.byte	0
 515 0039 49       		.uleb128 0x49
 516 003a 13       		.uleb128 0x13
 517 003b 00       		.byte	0
 518 003c 00       		.byte	0
 519 003d 06       		.uleb128 0x6
 520 003e 13       		.uleb128 0x13
 521 003f 01       		.byte	0x1
 522 0040 0B       		.uleb128 0xb
 523 0041 0B       		.uleb128 0xb
 524 0042 3A       		.uleb128 0x3a
 525 0043 0B       		.uleb128 0xb
 526 0044 3B       		.uleb128 0x3b
 527 0045 0B       		.uleb128 0xb
 528 0046 01       		.uleb128 0x1
 529 0047 13       		.uleb128 0x13
 530 0048 00       		.byte	0
 531 0049 00       		.byte	0
 532 004a 07       		.uleb128 0x7
 533 004b 0D       		.uleb128 0xd
 534 004c 00       		.byte	0
 535 004d 03       		.uleb128 0x3
 536 004e 0E       		.uleb128 0xe
 537 004f 3A       		.uleb128 0x3a
 538 0050 0B       		.uleb128 0xb
 539 0051 3B       		.uleb128 0x3b
ARM GAS  C:\Users\ADMINI~1\AppData\Local\Temp\ccrOf4a6.s 			page 14


 540 0052 0B       		.uleb128 0xb
 541 0053 49       		.uleb128 0x49
 542 0054 13       		.uleb128 0x13
 543 0055 38       		.uleb128 0x38
 544 0056 0B       		.uleb128 0xb
 545 0057 00       		.byte	0
 546 0058 00       		.byte	0
 547 0059 08       		.uleb128 0x8
 548 005a 16       		.uleb128 0x16
 549 005b 00       		.byte	0
 550 005c 03       		.uleb128 0x3
 551 005d 0E       		.uleb128 0xe
 552 005e 3A       		.uleb128 0x3a
 553 005f 0B       		.uleb128 0xb
 554 0060 3B       		.uleb128 0x3b
 555 0061 0B       		.uleb128 0xb
 556 0062 49       		.uleb128 0x49
 557 0063 13       		.uleb128 0x13
 558 0064 00       		.byte	0
 559 0065 00       		.byte	0
 560 0066 09       		.uleb128 0x9
 561 0067 2E       		.uleb128 0x2e
 562 0068 01       		.byte	0x1
 563 0069 3F       		.uleb128 0x3f
 564 006a 19       		.uleb128 0x19
 565 006b 03       		.uleb128 0x3
 566 006c 0E       		.uleb128 0xe
 567 006d 3A       		.uleb128 0x3a
 568 006e 0B       		.uleb128 0xb
 569 006f 3B       		.uleb128 0x3b
 570 0070 0B       		.uleb128 0xb
 571 0071 27       		.uleb128 0x27
 572 0072 19       		.uleb128 0x19
 573 0073 11       		.uleb128 0x11
 574 0074 01       		.uleb128 0x1
 575 0075 12       		.uleb128 0x12
 576 0076 06       		.uleb128 0x6
 577 0077 40       		.uleb128 0x40
 578 0078 18       		.uleb128 0x18
 579 0079 9742     		.uleb128 0x2117
 580 007b 19       		.uleb128 0x19
 581 007c 01       		.uleb128 0x1
 582 007d 13       		.uleb128 0x13
 583 007e 00       		.byte	0
 584 007f 00       		.byte	0
 585 0080 0A       		.uleb128 0xa
 586 0081 898201   		.uleb128 0x4109
 587 0084 00       		.byte	0
 588 0085 11       		.uleb128 0x11
 589 0086 01       		.uleb128 0x1
 590 0087 31       		.uleb128 0x31
 591 0088 13       		.uleb128 0x13
 592 0089 00       		.byte	0
 593 008a 00       		.byte	0
 594 008b 0B       		.uleb128 0xb
 595 008c 34       		.uleb128 0x34
 596 008d 00       		.byte	0
ARM GAS  C:\Users\ADMINI~1\AppData\Local\Temp\ccrOf4a6.s 			page 15


 597 008e 03       		.uleb128 0x3
 598 008f 0E       		.uleb128 0xe
 599 0090 3A       		.uleb128 0x3a
 600 0091 0B       		.uleb128 0xb
 601 0092 3B       		.uleb128 0x3b
 602 0093 0B       		.uleb128 0xb
 603 0094 49       		.uleb128 0x49
 604 0095 13       		.uleb128 0x13
 605 0096 02       		.uleb128 0x2
 606 0097 18       		.uleb128 0x18
 607 0098 00       		.byte	0
 608 0099 00       		.byte	0
 609 009a 0C       		.uleb128 0xc
 610 009b 2E       		.uleb128 0x2e
 611 009c 00       		.byte	0
 612 009d 3F       		.uleb128 0x3f
 613 009e 19       		.uleb128 0x19
 614 009f 03       		.uleb128 0x3
 615 00a0 0E       		.uleb128 0xe
 616 00a1 3A       		.uleb128 0x3a
 617 00a2 0B       		.uleb128 0xb
 618 00a3 3B       		.uleb128 0x3b
 619 00a4 0B       		.uleb128 0xb
 620 00a5 27       		.uleb128 0x27
 621 00a6 19       		.uleb128 0x19
 622 00a7 49       		.uleb128 0x49
 623 00a8 13       		.uleb128 0x13
 624 00a9 3C       		.uleb128 0x3c
 625 00aa 19       		.uleb128 0x19
 626 00ab 00       		.byte	0
 627 00ac 00       		.byte	0
 628 00ad 0D       		.uleb128 0xd
 629 00ae 2E       		.uleb128 0x2e
 630 00af 01       		.byte	0x1
 631 00b0 3F       		.uleb128 0x3f
 632 00b1 19       		.uleb128 0x19
 633 00b2 03       		.uleb128 0x3
 634 00b3 0E       		.uleb128 0xe
 635 00b4 3A       		.uleb128 0x3a
 636 00b5 0B       		.uleb128 0xb
 637 00b6 3B       		.uleb128 0x3b
 638 00b7 0B       		.uleb128 0xb
 639 00b8 27       		.uleb128 0x27
 640 00b9 19       		.uleb128 0x19
 641 00ba 3C       		.uleb128 0x3c
 642 00bb 19       		.uleb128 0x19
 643 00bc 01       		.uleb128 0x1
 644 00bd 13       		.uleb128 0x13
 645 00be 00       		.byte	0
 646 00bf 00       		.byte	0
 647 00c0 0E       		.uleb128 0xe
 648 00c1 05       		.uleb128 0x5
 649 00c2 00       		.byte	0
 650 00c3 49       		.uleb128 0x49
 651 00c4 13       		.uleb128 0x13
 652 00c5 00       		.byte	0
 653 00c6 00       		.byte	0
ARM GAS  C:\Users\ADMINI~1\AppData\Local\Temp\ccrOf4a6.s 			page 16


 654 00c7 0F       		.uleb128 0xf
 655 00c8 2E       		.uleb128 0x2e
 656 00c9 00       		.byte	0
 657 00ca 3F       		.uleb128 0x3f
 658 00cb 19       		.uleb128 0x19
 659 00cc 03       		.uleb128 0x3
 660 00cd 0E       		.uleb128 0xe
 661 00ce 3A       		.uleb128 0x3a
 662 00cf 0B       		.uleb128 0xb
 663 00d0 3B       		.uleb128 0x3b
 664 00d1 0B       		.uleb128 0xb
 665 00d2 27       		.uleb128 0x27
 666 00d3 19       		.uleb128 0x19
 667 00d4 3C       		.uleb128 0x3c
 668 00d5 19       		.uleb128 0x19
 669 00d6 00       		.byte	0
 670 00d7 00       		.byte	0
 671 00d8 00       		.byte	0
 672              		.section	.debug_aranges,"",%progbits
 673 0000 34000000 		.4byte	0x34
 674 0004 0200     		.2byte	0x2
 675 0006 00000000 		.4byte	.Ldebug_info0
 676 000a 04       		.byte	0x4
 677 000b 00       		.byte	0
 678 000c 0000     		.2byte	0
 679 000e 0000     		.2byte	0
 680 0010 00000000 		.4byte	.LFB2
 681 0014 28000000 		.4byte	.LFE2-.LFB2
 682 0018 00000000 		.4byte	.LFB3
 683 001c 28000000 		.4byte	.LFE3-.LFB3
 684 0020 00000000 		.4byte	.LFB4
 685 0024 28000000 		.4byte	.LFE4-.LFB4
 686 0028 00000000 		.4byte	.LFB5
 687 002c 18000000 		.4byte	.LFE5-.LFB5
 688 0030 00000000 		.4byte	0
 689 0034 00000000 		.4byte	0
 690              		.section	.debug_ranges,"",%progbits
 691              	.Ldebug_ranges0:
 692 0000 00000000 		.4byte	.LFB2
 693 0004 28000000 		.4byte	.LFE2
 694 0008 00000000 		.4byte	.LFB3
 695 000c 28000000 		.4byte	.LFE3
 696 0010 00000000 		.4byte	.LFB4
 697 0014 28000000 		.4byte	.LFE4
 698 0018 00000000 		.4byte	.LFB5
 699 001c 18000000 		.4byte	.LFE5
 700 0020 00000000 		.4byte	0
 701 0024 00000000 		.4byte	0
 702              		.section	.debug_line,"",%progbits
 703              	.Ldebug_line0:
 704 0000 C6000000 		.section	.debug_str,"MS",%progbits,1
 704      02005800 
 704      00000201 
 704      FB0E0D00 
 704      01010101 
 705              	.LASF31:
 706 0000 4D6F746F 		.ascii	"MotorPWM_WriteControlRegister\000"
ARM GAS  C:\Users\ADMINI~1\AppData\Local\Temp\ccrOf4a6.s 			page 17


 706      7250574D 
 706      5F577269 
 706      7465436F 
 706      6E74726F 
 707              	.LASF29:
 708 001e 4D6F746F 		.ascii	"MotorPWM_WritePeriod\000"
 708      7250574D 
 708      5F577269 
 708      74655065 
 708      72696F64 
 709              	.LASF17:
 710 0033 50574D55 		.ascii	"PWMUdb\000"
 710      646200
 711              	.LASF35:
 712 003a 2E5C4765 		.ascii	".\\Generated_Source\\PSoC4\\MotorPWM_PM.c\000"
 712      6E657261 
 712      7465645F 
 712      536F7572 
 712      63655C50 
 713              	.LASF18:
 714 0061 50574D50 		.ascii	"PWMPeriod\000"
 714      6572696F 
 714      6400
 715              	.LASF34:
 716 006b 474E5520 		.ascii	"GNU C 4.9.3 20150303 (release) [ARM/embedded-4_9-br"
 716      4320342E 
 716      392E3320 
 716      32303135 
 716      30333033 
 717 009e 616E6368 		.ascii	"anch revision 221220] -mcpu=cortex-m0 -mthumb -g -O"
 717      20726576 
 717      6973696F 
 717      6E203232 
 717      31323230 
 718 00d1 73202D66 		.ascii	"s -ffunction-sections -ffat-lto-objects\000"
 718      66756E63 
 718      74696F6E 
 718      2D736563 
 718      74696F6E 
 719              	.LASF25:
 720 00f9 4D6F746F 		.ascii	"MotorPWM_Wakeup\000"
 720      7250574D 
 720      5F57616B 
 720      65757000 
 721              	.LASF22:
 722 0109 4D6F746F 		.ascii	"MotorPWM_SaveConfig\000"
 722      7250574D 
 722      5F536176 
 722      65436F6E 
 722      66696700 
 723              	.LASF3:
 724 011d 73686F72 		.ascii	"short unsigned int\000"
 724      7420756E 
 724      7369676E 
 724      65642069 
 724      6E7400
 725              	.LASF36:
ARM GAS  C:\Users\ADMINI~1\AppData\Local\Temp\ccrOf4a6.s 			page 18


 726 0130 433A5C55 		.ascii	"C:\\Users\\Administrator\\Desktop\\Temp\\BackBone.c"
 726      73657273 
 726      5C41646D 
 726      696E6973 
 726      74726174 
 727 015e 7977726B 		.ascii	"ywrk.Archive_modified\\BackBone.cywrk.Archive 09302"
 727      2E417263 
 727      68697665 
 727      5F6D6F64 
 727      69666965 
 728 0190 3031365C 		.ascii	"016\\BackBone\\BackBone_Bootloadable.cydsn\000"
 728      4261636B 
 728      426F6E65 
 728      5C426163 
 728      6B426F6E 
 729              	.LASF11:
 730 01b9 666C6F61 		.ascii	"float\000"
 730      7400
 731              	.LASF20:
 732 01bf 50574D43 		.ascii	"PWMControlRegister\000"
 732      6F6E7472 
 732      6F6C5265 
 732      67697374 
 732      657200
 733              	.LASF23:
 734 01d2 4D6F746F 		.ascii	"MotorPWM_RestoreConfig\000"
 734      7250574D 
 734      5F526573 
 734      746F7265 
 734      436F6E66 
 735              	.LASF1:
 736 01e9 756E7369 		.ascii	"unsigned char\000"
 736      676E6564 
 736      20636861 
 736      7200
 737              	.LASF16:
 738 01f7 50574D45 		.ascii	"PWMEnableState\000"
 738      6E61626C 
 738      65537461 
 738      746500
 739              	.LASF5:
 740 0206 6C6F6E67 		.ascii	"long unsigned int\000"
 740      20756E73 
 740      69676E65 
 740      6420696E 
 740      7400
 741              	.LASF9:
 742 0218 75696E74 		.ascii	"uint8\000"
 742      3800
 743              	.LASF26:
 744 021e 4D6F746F 		.ascii	"MotorPWM_ReadPeriod\000"
 744      7250574D 
 744      5F526561 
 744      64506572 
 744      696F6400 
 745              	.LASF12:
 746 0232 646F7562 		.ascii	"double\000"
ARM GAS  C:\Users\ADMINI~1\AppData\Local\Temp\ccrOf4a6.s 			page 19


 746      6C6500
 747              	.LASF33:
 748 0239 4D6F746F 		.ascii	"MotorPWM_Enable\000"
 748      7250574D 
 748      5F456E61 
 748      626C6500 
 749              	.LASF10:
 750 0249 75696E74 		.ascii	"uint16\000"
 750      313600
 751              	.LASF8:
 752 0250 756E7369 		.ascii	"unsigned int\000"
 752      676E6564 
 752      20696E74 
 752      00
 753              	.LASF21:
 754 025d 4D6F746F 		.ascii	"MotorPWM_backupStruct\000"
 754      7250574D 
 754      5F626163 
 754      6B757053 
 754      74727563 
 755              	.LASF7:
 756 0273 6C6F6E67 		.ascii	"long long unsigned int\000"
 756      206C6F6E 
 756      6720756E 
 756      7369676E 
 756      65642069 
 757              	.LASF24:
 758 028a 4D6F746F 		.ascii	"MotorPWM_Sleep\000"
 758      7250574D 
 758      5F536C65 
 758      657000
 759              	.LASF14:
 760 0299 72656738 		.ascii	"reg8\000"
 760      00
 761              	.LASF15:
 762 029e 73697A65 		.ascii	"sizetype\000"
 762      74797065 
 762      00
 763              	.LASF6:
 764 02a7 6C6F6E67 		.ascii	"long long int\000"
 764      206C6F6E 
 764      6720696E 
 764      7400
 765              	.LASF13:
 766 02b5 63686172 		.ascii	"char\000"
 766      00
 767              	.LASF32:
 768 02ba 4D6F746F 		.ascii	"MotorPWM_Stop\000"
 768      7250574D 
 768      5F53746F 
 768      7000
 769              	.LASF2:
 770 02c8 73686F72 		.ascii	"short int\000"
 770      7420696E 
 770      7400
 771              	.LASF27:
 772 02d2 4D6F746F 		.ascii	"MotorPWM_ReadCounter\000"
ARM GAS  C:\Users\ADMINI~1\AppData\Local\Temp\ccrOf4a6.s 			page 20


 772      7250574D 
 772      5F526561 
 772      64436F75 
 772      6E746572 
 773              	.LASF37:
 774 02e7 4D6F746F 		.ascii	"MotorPWM_backup\000"
 774      7250574D 
 774      5F626163 
 774      6B757000 
 775              	.LASF28:
 776 02f7 4D6F746F 		.ascii	"MotorPWM_ReadControlRegister\000"
 776      7250574D 
 776      5F526561 
 776      64436F6E 
 776      74726F6C 
 777              	.LASF4:
 778 0314 6C6F6E67 		.ascii	"long int\000"
 778      20696E74 
 778      00
 779              	.LASF0:
 780 031d 7369676E 		.ascii	"signed char\000"
 780      65642063 
 780      68617200 
 781              	.LASF30:
 782 0329 4D6F746F 		.ascii	"MotorPWM_WriteCounter\000"
 782      7250574D 
 782      5F577269 
 782      7465436F 
 782      756E7465 
 783              	.LASF19:
 784 033f 496E7465 		.ascii	"InterruptMaskValue\000"
 784      72727570 
 784      744D6173 
 784      6B56616C 
 784      756500
 785              		.ident	"GCC: (GNU Tools for ARM Embedded Processors) 4.9.3 20150303 (release) [ARM/embedded-4_9-br
