ARM GAS  C:\Users\ADMINI~1\AppData\Local\Temp\ccnICkdP.s 			page 1


   1              		.cpu cortex-m0
   2              		.fpu softvfp
   3              		.eabi_attribute 20, 1
   4              		.eabi_attribute 21, 1
   5              		.eabi_attribute 23, 3
   6              		.eabi_attribute 24, 1
   7              		.eabi_attribute 25, 1
   8              		.eabi_attribute 26, 1
   9              		.eabi_attribute 30, 6
  10              		.eabi_attribute 34, 0
  11              		.eabi_attribute 18, 4
  12              		.code	16
  13              		.file	"PWM_1_PM.c"
  14              		.text
  15              	.Ltext0:
  16              		.cfi_sections	.debug_frame
  17              		.bss
  18              		.align	2
  19              	PWM_1_backup:
  20 0000 00000000 		.space	8
  20      00000000 
  21              		.section	.text.PWM_1_SaveConfig,"ax",%progbits
  22              		.align	2
  23              		.global	PWM_1_SaveConfig
  24              		.code	16
  25              		.thumb_func
  26              		.type	PWM_1_SaveConfig, %function
  27              	PWM_1_SaveConfig:
  28              	.LFB2:
  29              		.file 1 ".\\Generated_Source\\PSoC4\\PWM_1_PM.c"
   1:.\Generated_Source\PSoC4/PWM_1_PM.c **** /*******************************************************************************
   2:.\Generated_Source\PSoC4/PWM_1_PM.c **** * File Name: PWM_1_PM.c
   3:.\Generated_Source\PSoC4/PWM_1_PM.c **** * Version 3.30
   4:.\Generated_Source\PSoC4/PWM_1_PM.c **** *
   5:.\Generated_Source\PSoC4/PWM_1_PM.c **** * Description:
   6:.\Generated_Source\PSoC4/PWM_1_PM.c **** *  This file provides the power management source code to API for the
   7:.\Generated_Source\PSoC4/PWM_1_PM.c **** *  PWM.
   8:.\Generated_Source\PSoC4/PWM_1_PM.c **** *
   9:.\Generated_Source\PSoC4/PWM_1_PM.c **** * Note:
  10:.\Generated_Source\PSoC4/PWM_1_PM.c **** *
  11:.\Generated_Source\PSoC4/PWM_1_PM.c **** ********************************************************************************
  12:.\Generated_Source\PSoC4/PWM_1_PM.c **** * Copyright 2008-2014, Cypress Semiconductor Corporation.  All rights reserved.
  13:.\Generated_Source\PSoC4/PWM_1_PM.c **** * You may use this file only in accordance with the license, terms, conditions,
  14:.\Generated_Source\PSoC4/PWM_1_PM.c **** * disclaimers, and limitations in the end user license agreement accompanying
  15:.\Generated_Source\PSoC4/PWM_1_PM.c **** * the software package with which this file was provided.
  16:.\Generated_Source\PSoC4/PWM_1_PM.c **** *******************************************************************************/
  17:.\Generated_Source\PSoC4/PWM_1_PM.c **** 
  18:.\Generated_Source\PSoC4/PWM_1_PM.c **** #include "PWM_1.h"
  19:.\Generated_Source\PSoC4/PWM_1_PM.c **** 
  20:.\Generated_Source\PSoC4/PWM_1_PM.c **** static PWM_1_backupStruct PWM_1_backup;
  21:.\Generated_Source\PSoC4/PWM_1_PM.c **** 
  22:.\Generated_Source\PSoC4/PWM_1_PM.c **** 
  23:.\Generated_Source\PSoC4/PWM_1_PM.c **** /*******************************************************************************
  24:.\Generated_Source\PSoC4/PWM_1_PM.c **** * Function Name: PWM_1_SaveConfig
  25:.\Generated_Source\PSoC4/PWM_1_PM.c **** ********************************************************************************
  26:.\Generated_Source\PSoC4/PWM_1_PM.c **** *
  27:.\Generated_Source\PSoC4/PWM_1_PM.c **** * Summary:
ARM GAS  C:\Users\ADMINI~1\AppData\Local\Temp\ccnICkdP.s 			page 2


  28:.\Generated_Source\PSoC4/PWM_1_PM.c **** *  Saves the current user configuration of the component.
  29:.\Generated_Source\PSoC4/PWM_1_PM.c **** *
  30:.\Generated_Source\PSoC4/PWM_1_PM.c **** * Parameters:
  31:.\Generated_Source\PSoC4/PWM_1_PM.c **** *  None
  32:.\Generated_Source\PSoC4/PWM_1_PM.c **** *
  33:.\Generated_Source\PSoC4/PWM_1_PM.c **** * Return:
  34:.\Generated_Source\PSoC4/PWM_1_PM.c **** *  None
  35:.\Generated_Source\PSoC4/PWM_1_PM.c **** *
  36:.\Generated_Source\PSoC4/PWM_1_PM.c **** * Global variables:
  37:.\Generated_Source\PSoC4/PWM_1_PM.c **** *  PWM_1_backup:  Variables of this global structure are modified to
  38:.\Generated_Source\PSoC4/PWM_1_PM.c **** *  store the values of non retention configuration registers when Sleep() API is
  39:.\Generated_Source\PSoC4/PWM_1_PM.c **** *  called.
  40:.\Generated_Source\PSoC4/PWM_1_PM.c **** *
  41:.\Generated_Source\PSoC4/PWM_1_PM.c **** *******************************************************************************/
  42:.\Generated_Source\PSoC4/PWM_1_PM.c **** void PWM_1_SaveConfig(void) 
  43:.\Generated_Source\PSoC4/PWM_1_PM.c **** {
  30              		.loc 1 43 0
  31              		.cfi_startproc
  32 0000 80B5     		push	{r7, lr}
  33              		.cfi_def_cfa_offset 8
  34              		.cfi_offset 7, -8
  35              		.cfi_offset 14, -4
  36 0002 00AF     		add	r7, sp, #0
  37              		.cfi_def_cfa_register 7
  44:.\Generated_Source\PSoC4/PWM_1_PM.c **** 
  45:.\Generated_Source\PSoC4/PWM_1_PM.c ****     #if(!PWM_1_UsingFixedFunction)
  46:.\Generated_Source\PSoC4/PWM_1_PM.c ****         #if(!PWM_1_PWMModeIsCenterAligned)
  47:.\Generated_Source\PSoC4/PWM_1_PM.c ****             PWM_1_backup.PWMPeriod = PWM_1_ReadPeriod();
  38              		.loc 1 47 0
  39 0004 FFF7FEFF 		bl	PWM_1_ReadPeriod
  40 0008 031C     		mov	r3, r0
  41 000a 1A1C     		mov	r2, r3
  42 000c 0A4B     		ldr	r3, .L2
  43 000e 9A80     		strh	r2, [r3, #4]
  48:.\Generated_Source\PSoC4/PWM_1_PM.c ****         #endif /* (!PWM_1_PWMModeIsCenterAligned) */
  49:.\Generated_Source\PSoC4/PWM_1_PM.c ****         PWM_1_backup.PWMUdb = PWM_1_ReadCounter();
  44              		.loc 1 49 0
  45 0010 FFF7FEFF 		bl	PWM_1_ReadCounter
  46 0014 031C     		mov	r3, r0
  47 0016 1A1C     		mov	r2, r3
  48 0018 074B     		ldr	r3, .L2
  49 001a 5A80     		strh	r2, [r3, #2]
  50:.\Generated_Source\PSoC4/PWM_1_PM.c ****         #if (PWM_1_UseStatus)
  51:.\Generated_Source\PSoC4/PWM_1_PM.c ****             PWM_1_backup.InterruptMaskValue = PWM_1_STATUS_MASK;
  50              		.loc 1 51 0
  51 001c 074B     		ldr	r3, .L2+4
  52 001e 1B78     		ldrb	r3, [r3]
  53 0020 DAB2     		uxtb	r2, r3
  54 0022 054B     		ldr	r3, .L2
  55 0024 9A71     		strb	r2, [r3, #6]
  52:.\Generated_Source\PSoC4/PWM_1_PM.c ****         #endif /* (PWM_1_UseStatus) */
  53:.\Generated_Source\PSoC4/PWM_1_PM.c **** 
  54:.\Generated_Source\PSoC4/PWM_1_PM.c ****         #if(PWM_1_DeadBandMode == PWM_1__B_PWM__DBM_256_CLOCKS || \
  55:.\Generated_Source\PSoC4/PWM_1_PM.c ****             PWM_1_DeadBandMode == PWM_1__B_PWM__DBM_2_4_CLOCKS)
  56:.\Generated_Source\PSoC4/PWM_1_PM.c ****             PWM_1_backup.PWMdeadBandValue = PWM_1_ReadDeadTime();
  57:.\Generated_Source\PSoC4/PWM_1_PM.c ****         #endif /*  deadband count is either 2-4 clocks or 256 clocks */
  58:.\Generated_Source\PSoC4/PWM_1_PM.c **** 
ARM GAS  C:\Users\ADMINI~1\AppData\Local\Temp\ccnICkdP.s 			page 3


  59:.\Generated_Source\PSoC4/PWM_1_PM.c ****         #if(PWM_1_KillModeMinTime)
  60:.\Generated_Source\PSoC4/PWM_1_PM.c ****              PWM_1_backup.PWMKillCounterPeriod = PWM_1_ReadKillTime();
  61:.\Generated_Source\PSoC4/PWM_1_PM.c ****         #endif /* (PWM_1_KillModeMinTime) */
  62:.\Generated_Source\PSoC4/PWM_1_PM.c **** 
  63:.\Generated_Source\PSoC4/PWM_1_PM.c ****         #if(PWM_1_UseControl)
  64:.\Generated_Source\PSoC4/PWM_1_PM.c ****             PWM_1_backup.PWMControlRegister = PWM_1_ReadControlRegister();
  56              		.loc 1 64 0
  57 0026 FFF7FEFF 		bl	PWM_1_ReadControlRegister
  58 002a 031C     		mov	r3, r0
  59 002c 1A1C     		mov	r2, r3
  60 002e 024B     		ldr	r3, .L2
  61 0030 DA71     		strb	r2, [r3, #7]
  65:.\Generated_Source\PSoC4/PWM_1_PM.c ****         #endif /* (PWM_1_UseControl) */
  66:.\Generated_Source\PSoC4/PWM_1_PM.c ****     #endif  /* (!PWM_1_UsingFixedFunction) */
  67:.\Generated_Source\PSoC4/PWM_1_PM.c **** }
  62              		.loc 1 67 0
  63 0032 BD46     		mov	sp, r7
  64              		@ sp needed
  65 0034 80BD     		pop	{r7, pc}
  66              	.L3:
  67 0036 C046     		.align	2
  68              	.L2:
  69 0038 00000000 		.word	PWM_1_backup
  70 003c 83000F40 		.word	1074724995
  71              		.cfi_endproc
  72              	.LFE2:
  73              		.size	PWM_1_SaveConfig, .-PWM_1_SaveConfig
  74              		.section	.text.PWM_1_RestoreConfig,"ax",%progbits
  75              		.align	2
  76              		.global	PWM_1_RestoreConfig
  77              		.code	16
  78              		.thumb_func
  79              		.type	PWM_1_RestoreConfig, %function
  80              	PWM_1_RestoreConfig:
  81              	.LFB3:
  68:.\Generated_Source\PSoC4/PWM_1_PM.c **** 
  69:.\Generated_Source\PSoC4/PWM_1_PM.c **** 
  70:.\Generated_Source\PSoC4/PWM_1_PM.c **** /*******************************************************************************
  71:.\Generated_Source\PSoC4/PWM_1_PM.c **** * Function Name: PWM_1_RestoreConfig
  72:.\Generated_Source\PSoC4/PWM_1_PM.c **** ********************************************************************************
  73:.\Generated_Source\PSoC4/PWM_1_PM.c **** *
  74:.\Generated_Source\PSoC4/PWM_1_PM.c **** * Summary:
  75:.\Generated_Source\PSoC4/PWM_1_PM.c **** *  Restores the current user configuration of the component.
  76:.\Generated_Source\PSoC4/PWM_1_PM.c **** *
  77:.\Generated_Source\PSoC4/PWM_1_PM.c **** * Parameters:
  78:.\Generated_Source\PSoC4/PWM_1_PM.c **** *  None
  79:.\Generated_Source\PSoC4/PWM_1_PM.c **** *
  80:.\Generated_Source\PSoC4/PWM_1_PM.c **** * Return:
  81:.\Generated_Source\PSoC4/PWM_1_PM.c **** *  None
  82:.\Generated_Source\PSoC4/PWM_1_PM.c **** *
  83:.\Generated_Source\PSoC4/PWM_1_PM.c **** * Global variables:
  84:.\Generated_Source\PSoC4/PWM_1_PM.c **** *  PWM_1_backup:  Variables of this global structure are used to
  85:.\Generated_Source\PSoC4/PWM_1_PM.c **** *  restore the values of non retention registers on wakeup from sleep mode.
  86:.\Generated_Source\PSoC4/PWM_1_PM.c **** *
  87:.\Generated_Source\PSoC4/PWM_1_PM.c **** *******************************************************************************/
  88:.\Generated_Source\PSoC4/PWM_1_PM.c **** void PWM_1_RestoreConfig(void) 
  89:.\Generated_Source\PSoC4/PWM_1_PM.c **** {
ARM GAS  C:\Users\ADMINI~1\AppData\Local\Temp\ccnICkdP.s 			page 4


  82              		.loc 1 89 0
  83              		.cfi_startproc
  84 0000 80B5     		push	{r7, lr}
  85              		.cfi_def_cfa_offset 8
  86              		.cfi_offset 7, -8
  87              		.cfi_offset 14, -4
  88 0002 00AF     		add	r7, sp, #0
  89              		.cfi_def_cfa_register 7
  90:.\Generated_Source\PSoC4/PWM_1_PM.c ****         #if(!PWM_1_UsingFixedFunction)
  91:.\Generated_Source\PSoC4/PWM_1_PM.c ****             #if(!PWM_1_PWMModeIsCenterAligned)
  92:.\Generated_Source\PSoC4/PWM_1_PM.c ****                 PWM_1_WritePeriod(PWM_1_backup.PWMPeriod);
  90              		.loc 1 92 0
  91 0004 0A4B     		ldr	r3, .L5
  92 0006 9B88     		ldrh	r3, [r3, #4]
  93 0008 181C     		mov	r0, r3
  94 000a FFF7FEFF 		bl	PWM_1_WritePeriod
  93:.\Generated_Source\PSoC4/PWM_1_PM.c ****             #endif /* (!PWM_1_PWMModeIsCenterAligned) */
  94:.\Generated_Source\PSoC4/PWM_1_PM.c **** 
  95:.\Generated_Source\PSoC4/PWM_1_PM.c ****             PWM_1_WriteCounter(PWM_1_backup.PWMUdb);
  95              		.loc 1 95 0
  96 000e 084B     		ldr	r3, .L5
  97 0010 5B88     		ldrh	r3, [r3, #2]
  98 0012 181C     		mov	r0, r3
  99 0014 FFF7FEFF 		bl	PWM_1_WriteCounter
  96:.\Generated_Source\PSoC4/PWM_1_PM.c **** 
  97:.\Generated_Source\PSoC4/PWM_1_PM.c ****             #if (PWM_1_UseStatus)
  98:.\Generated_Source\PSoC4/PWM_1_PM.c ****                 PWM_1_STATUS_MASK = PWM_1_backup.InterruptMaskValue;
 100              		.loc 1 98 0
 101 0018 064A     		ldr	r2, .L5+4
 102 001a 054B     		ldr	r3, .L5
 103 001c 9B79     		ldrb	r3, [r3, #6]
 104 001e 1370     		strb	r3, [r2]
  99:.\Generated_Source\PSoC4/PWM_1_PM.c ****             #endif /* (PWM_1_UseStatus) */
 100:.\Generated_Source\PSoC4/PWM_1_PM.c **** 
 101:.\Generated_Source\PSoC4/PWM_1_PM.c ****             #if(PWM_1_DeadBandMode == PWM_1__B_PWM__DBM_256_CLOCKS || \
 102:.\Generated_Source\PSoC4/PWM_1_PM.c ****                 PWM_1_DeadBandMode == PWM_1__B_PWM__DBM_2_4_CLOCKS)
 103:.\Generated_Source\PSoC4/PWM_1_PM.c ****                 PWM_1_WriteDeadTime(PWM_1_backup.PWMdeadBandValue);
 104:.\Generated_Source\PSoC4/PWM_1_PM.c ****             #endif /* deadband count is either 2-4 clocks or 256 clocks */
 105:.\Generated_Source\PSoC4/PWM_1_PM.c **** 
 106:.\Generated_Source\PSoC4/PWM_1_PM.c ****             #if(PWM_1_KillModeMinTime)
 107:.\Generated_Source\PSoC4/PWM_1_PM.c ****                 PWM_1_WriteKillTime(PWM_1_backup.PWMKillCounterPeriod);
 108:.\Generated_Source\PSoC4/PWM_1_PM.c ****             #endif /* (PWM_1_KillModeMinTime) */
 109:.\Generated_Source\PSoC4/PWM_1_PM.c **** 
 110:.\Generated_Source\PSoC4/PWM_1_PM.c ****             #if(PWM_1_UseControl)
 111:.\Generated_Source\PSoC4/PWM_1_PM.c ****                 PWM_1_WriteControlRegister(PWM_1_backup.PWMControlRegister);
 105              		.loc 1 111 0
 106 0020 034B     		ldr	r3, .L5
 107 0022 DB79     		ldrb	r3, [r3, #7]
 108 0024 181C     		mov	r0, r3
 109 0026 FFF7FEFF 		bl	PWM_1_WriteControlRegister
 112:.\Generated_Source\PSoC4/PWM_1_PM.c ****             #endif /* (PWM_1_UseControl) */
 113:.\Generated_Source\PSoC4/PWM_1_PM.c ****         #endif  /* (!PWM_1_UsingFixedFunction) */
 114:.\Generated_Source\PSoC4/PWM_1_PM.c ****     }
 110              		.loc 1 114 0
 111 002a BD46     		mov	sp, r7
 112              		@ sp needed
 113 002c 80BD     		pop	{r7, pc}
ARM GAS  C:\Users\ADMINI~1\AppData\Local\Temp\ccnICkdP.s 			page 5


 114              	.L6:
 115 002e C046     		.align	2
 116              	.L5:
 117 0030 00000000 		.word	PWM_1_backup
 118 0034 83000F40 		.word	1074724995
 119              		.cfi_endproc
 120              	.LFE3:
 121              		.size	PWM_1_RestoreConfig, .-PWM_1_RestoreConfig
 122              		.section	.text.PWM_1_Sleep,"ax",%progbits
 123              		.align	2
 124              		.global	PWM_1_Sleep
 125              		.code	16
 126              		.thumb_func
 127              		.type	PWM_1_Sleep, %function
 128              	PWM_1_Sleep:
 129              	.LFB4:
 115:.\Generated_Source\PSoC4/PWM_1_PM.c **** 
 116:.\Generated_Source\PSoC4/PWM_1_PM.c **** 
 117:.\Generated_Source\PSoC4/PWM_1_PM.c **** /*******************************************************************************
 118:.\Generated_Source\PSoC4/PWM_1_PM.c **** * Function Name: PWM_1_Sleep
 119:.\Generated_Source\PSoC4/PWM_1_PM.c **** ********************************************************************************
 120:.\Generated_Source\PSoC4/PWM_1_PM.c **** *
 121:.\Generated_Source\PSoC4/PWM_1_PM.c **** * Summary:
 122:.\Generated_Source\PSoC4/PWM_1_PM.c **** *  Disables block's operation and saves the user configuration. Should be called
 123:.\Generated_Source\PSoC4/PWM_1_PM.c **** *  just prior to entering sleep.
 124:.\Generated_Source\PSoC4/PWM_1_PM.c **** *
 125:.\Generated_Source\PSoC4/PWM_1_PM.c **** * Parameters:
 126:.\Generated_Source\PSoC4/PWM_1_PM.c **** *  None
 127:.\Generated_Source\PSoC4/PWM_1_PM.c **** *
 128:.\Generated_Source\PSoC4/PWM_1_PM.c **** * Return:
 129:.\Generated_Source\PSoC4/PWM_1_PM.c **** *  None
 130:.\Generated_Source\PSoC4/PWM_1_PM.c **** *
 131:.\Generated_Source\PSoC4/PWM_1_PM.c **** * Global variables:
 132:.\Generated_Source\PSoC4/PWM_1_PM.c **** *  PWM_1_backup.PWMEnableState:  Is modified depending on the enable
 133:.\Generated_Source\PSoC4/PWM_1_PM.c **** *  state of the block before entering sleep mode.
 134:.\Generated_Source\PSoC4/PWM_1_PM.c **** *
 135:.\Generated_Source\PSoC4/PWM_1_PM.c **** *******************************************************************************/
 136:.\Generated_Source\PSoC4/PWM_1_PM.c **** void PWM_1_Sleep(void) 
 137:.\Generated_Source\PSoC4/PWM_1_PM.c **** {
 130              		.loc 1 137 0
 131              		.cfi_startproc
 132 0000 80B5     		push	{r7, lr}
 133              		.cfi_def_cfa_offset 8
 134              		.cfi_offset 7, -8
 135              		.cfi_offset 14, -4
 136 0002 00AF     		add	r7, sp, #0
 137              		.cfi_def_cfa_register 7
 138:.\Generated_Source\PSoC4/PWM_1_PM.c ****     #if(PWM_1_UseControl)
 139:.\Generated_Source\PSoC4/PWM_1_PM.c ****         if(PWM_1_CTRL_ENABLE == (PWM_1_CONTROL & PWM_1_CTRL_ENABLE))
 138              		.loc 1 139 0
 139 0004 094B     		ldr	r3, .L10
 140 0006 1B78     		ldrb	r3, [r3]
 141 0008 DBB2     		uxtb	r3, r3
 142 000a DBB2     		uxtb	r3, r3
 143 000c 5BB2     		sxtb	r3, r3
 144 000e 002B     		cmp	r3, #0
 145 0010 03DA     		bge	.L8
ARM GAS  C:\Users\ADMINI~1\AppData\Local\Temp\ccnICkdP.s 			page 6


 140:.\Generated_Source\PSoC4/PWM_1_PM.c ****         {
 141:.\Generated_Source\PSoC4/PWM_1_PM.c ****             /*Component is enabled */
 142:.\Generated_Source\PSoC4/PWM_1_PM.c ****             PWM_1_backup.PWMEnableState = 1u;
 146              		.loc 1 142 0
 147 0012 074B     		ldr	r3, .L10+4
 148 0014 0122     		mov	r2, #1
 149 0016 1A70     		strb	r2, [r3]
 150 0018 02E0     		b	.L9
 151              	.L8:
 143:.\Generated_Source\PSoC4/PWM_1_PM.c ****         }
 144:.\Generated_Source\PSoC4/PWM_1_PM.c ****         else
 145:.\Generated_Source\PSoC4/PWM_1_PM.c ****         {
 146:.\Generated_Source\PSoC4/PWM_1_PM.c ****             /* Component is disabled */
 147:.\Generated_Source\PSoC4/PWM_1_PM.c ****             PWM_1_backup.PWMEnableState = 0u;
 152              		.loc 1 147 0
 153 001a 054B     		ldr	r3, .L10+4
 154 001c 0022     		mov	r2, #0
 155 001e 1A70     		strb	r2, [r3]
 156              	.L9:
 148:.\Generated_Source\PSoC4/PWM_1_PM.c ****         }
 149:.\Generated_Source\PSoC4/PWM_1_PM.c ****     #endif /* (PWM_1_UseControl) */
 150:.\Generated_Source\PSoC4/PWM_1_PM.c **** 
 151:.\Generated_Source\PSoC4/PWM_1_PM.c ****     /* Stop component */
 152:.\Generated_Source\PSoC4/PWM_1_PM.c ****     PWM_1_Stop();
 157              		.loc 1 152 0
 158 0020 FFF7FEFF 		bl	PWM_1_Stop
 153:.\Generated_Source\PSoC4/PWM_1_PM.c **** 
 154:.\Generated_Source\PSoC4/PWM_1_PM.c ****     /* Save registers configuration */
 155:.\Generated_Source\PSoC4/PWM_1_PM.c ****     PWM_1_SaveConfig();
 159              		.loc 1 155 0
 160 0024 FFF7FEFF 		bl	PWM_1_SaveConfig
 156:.\Generated_Source\PSoC4/PWM_1_PM.c **** }
 161              		.loc 1 156 0
 162 0028 BD46     		mov	sp, r7
 163              		@ sp needed
 164 002a 80BD     		pop	{r7, pc}
 165              	.L11:
 166              		.align	2
 167              	.L10:
 168 002c 73000F40 		.word	1074724979
 169 0030 00000000 		.word	PWM_1_backup
 170              		.cfi_endproc
 171              	.LFE4:
 172              		.size	PWM_1_Sleep, .-PWM_1_Sleep
 173              		.section	.text.PWM_1_Wakeup,"ax",%progbits
 174              		.align	2
 175              		.global	PWM_1_Wakeup
 176              		.code	16
 177              		.thumb_func
 178              		.type	PWM_1_Wakeup, %function
 179              	PWM_1_Wakeup:
 180              	.LFB5:
 157:.\Generated_Source\PSoC4/PWM_1_PM.c **** 
 158:.\Generated_Source\PSoC4/PWM_1_PM.c **** 
 159:.\Generated_Source\PSoC4/PWM_1_PM.c **** /*******************************************************************************
 160:.\Generated_Source\PSoC4/PWM_1_PM.c **** * Function Name: PWM_1_Wakeup
 161:.\Generated_Source\PSoC4/PWM_1_PM.c **** ********************************************************************************
ARM GAS  C:\Users\ADMINI~1\AppData\Local\Temp\ccnICkdP.s 			page 7


 162:.\Generated_Source\PSoC4/PWM_1_PM.c **** *
 163:.\Generated_Source\PSoC4/PWM_1_PM.c **** * Summary:
 164:.\Generated_Source\PSoC4/PWM_1_PM.c **** *  Restores and enables the user configuration. Should be called just after
 165:.\Generated_Source\PSoC4/PWM_1_PM.c **** *  awaking from sleep.
 166:.\Generated_Source\PSoC4/PWM_1_PM.c **** *
 167:.\Generated_Source\PSoC4/PWM_1_PM.c **** * Parameters:
 168:.\Generated_Source\PSoC4/PWM_1_PM.c **** *  None
 169:.\Generated_Source\PSoC4/PWM_1_PM.c **** *
 170:.\Generated_Source\PSoC4/PWM_1_PM.c **** * Return:
 171:.\Generated_Source\PSoC4/PWM_1_PM.c **** *  None
 172:.\Generated_Source\PSoC4/PWM_1_PM.c **** *
 173:.\Generated_Source\PSoC4/PWM_1_PM.c **** * Global variables:
 174:.\Generated_Source\PSoC4/PWM_1_PM.c **** *  PWM_1_backup.pwmEnable:  Is used to restore the enable state of
 175:.\Generated_Source\PSoC4/PWM_1_PM.c **** *  block on wakeup from sleep mode.
 176:.\Generated_Source\PSoC4/PWM_1_PM.c **** *
 177:.\Generated_Source\PSoC4/PWM_1_PM.c **** *******************************************************************************/
 178:.\Generated_Source\PSoC4/PWM_1_PM.c **** void PWM_1_Wakeup(void) 
 179:.\Generated_Source\PSoC4/PWM_1_PM.c **** {
 181              		.loc 1 179 0
 182              		.cfi_startproc
 183 0000 80B5     		push	{r7, lr}
 184              		.cfi_def_cfa_offset 8
 185              		.cfi_offset 7, -8
 186              		.cfi_offset 14, -4
 187 0002 00AF     		add	r7, sp, #0
 188              		.cfi_def_cfa_register 7
 180:.\Generated_Source\PSoC4/PWM_1_PM.c ****      /* Restore registers values */
 181:.\Generated_Source\PSoC4/PWM_1_PM.c ****     PWM_1_RestoreConfig();
 189              		.loc 1 181 0
 190 0004 FFF7FEFF 		bl	PWM_1_RestoreConfig
 182:.\Generated_Source\PSoC4/PWM_1_PM.c **** 
 183:.\Generated_Source\PSoC4/PWM_1_PM.c ****     if(PWM_1_backup.PWMEnableState != 0u)
 191              		.loc 1 183 0
 192 0008 034B     		ldr	r3, .L14
 193 000a 1B78     		ldrb	r3, [r3]
 194 000c 002B     		cmp	r3, #0
 195 000e 01D0     		beq	.L12
 184:.\Generated_Source\PSoC4/PWM_1_PM.c ****     {
 185:.\Generated_Source\PSoC4/PWM_1_PM.c ****         /* Enable component's operation */
 186:.\Generated_Source\PSoC4/PWM_1_PM.c ****         PWM_1_Enable();
 196              		.loc 1 186 0
 197 0010 FFF7FEFF 		bl	PWM_1_Enable
 198              	.L12:
 187:.\Generated_Source\PSoC4/PWM_1_PM.c ****     } /* Do nothing if component's block was disabled before */
 188:.\Generated_Source\PSoC4/PWM_1_PM.c **** 
 189:.\Generated_Source\PSoC4/PWM_1_PM.c **** }
 199              		.loc 1 189 0
 200 0014 BD46     		mov	sp, r7
 201              		@ sp needed
 202 0016 80BD     		pop	{r7, pc}
 203              	.L15:
 204              		.align	2
 205              	.L14:
 206 0018 00000000 		.word	PWM_1_backup
 207              		.cfi_endproc
 208              	.LFE5:
 209              		.size	PWM_1_Wakeup, .-PWM_1_Wakeup
ARM GAS  C:\Users\ADMINI~1\AppData\Local\Temp\ccnICkdP.s 			page 8


 210              		.text
 211              	.Letext0:
 212              		.file 2 ".\\Generated_Source\\PSoC4\\cytypes.h"
 213              		.file 3 ".\\Generated_Source\\PSoC4\\PWM_1.h"
 214              		.section	.debug_info,"",%progbits
 215              	.Ldebug_info0:
 216 0000 52010000 		.4byte	0x152
 217 0004 0400     		.2byte	0x4
 218 0006 00000000 		.4byte	.Ldebug_abbrev0
 219 000a 04       		.byte	0x4
 220 000b 01       		.uleb128 0x1
 221 000c C8000000 		.4byte	.LASF26
 222 0010 01       		.byte	0x1
 223 0011 11000000 		.4byte	.LASF27
 224 0015 A0010000 		.4byte	.LASF28
 225 0019 00000000 		.4byte	.Ldebug_ranges0+0
 226 001d 00000000 		.4byte	0
 227 0021 00000000 		.4byte	.Ldebug_line0
 228 0025 02       		.uleb128 0x2
 229 0026 01       		.byte	0x1
 230 0027 06       		.byte	0x6
 231 0028 42020000 		.4byte	.LASF0
 232 002c 02       		.uleb128 0x2
 233 002d 01       		.byte	0x1
 234 002e 08       		.byte	0x8
 235 002f 6B000000 		.4byte	.LASF1
 236 0033 02       		.uleb128 0x2
 237 0034 02       		.byte	0x2
 238 0035 05       		.byte	0x5
 239 0036 2F020000 		.4byte	.LASF2
 240 003a 02       		.uleb128 0x2
 241 003b 02       		.byte	0x2
 242 003c 07       		.byte	0x7
 243 003d 35000000 		.4byte	.LASF3
 244 0041 02       		.uleb128 0x2
 245 0042 04       		.byte	0x4
 246 0043 05       		.byte	0x5
 247 0044 39020000 		.4byte	.LASF4
 248 0048 02       		.uleb128 0x2
 249 0049 04       		.byte	0x4
 250 004a 07       		.byte	0x7
 251 004b 5D010000 		.4byte	.LASF5
 252 004f 02       		.uleb128 0x2
 253 0050 08       		.byte	0x8
 254 0051 05       		.byte	0x5
 255 0052 1C020000 		.4byte	.LASF6
 256 0056 02       		.uleb128 0x2
 257 0057 08       		.byte	0x8
 258 0058 07       		.byte	0x7
 259 0059 89010000 		.4byte	.LASF7
 260 005d 03       		.uleb128 0x3
 261 005e 04       		.byte	0x4
 262 005f 05       		.byte	0x5
 263 0060 696E7400 		.ascii	"int\000"
 264 0064 02       		.uleb128 0x2
 265 0065 04       		.byte	0x4
 266 0066 07       		.byte	0x7
ARM GAS  C:\Users\ADMINI~1\AppData\Local\Temp\ccnICkdP.s 			page 9


 267 0067 6F010000 		.4byte	.LASF8
 268 006b 04       		.uleb128 0x4
 269 006c 95000000 		.4byte	.LASF9
 270 0070 02       		.byte	0x2
 271 0071 9801     		.2byte	0x198
 272 0073 2C000000 		.4byte	0x2c
 273 0077 04       		.uleb128 0x4
 274 0078 56010000 		.4byte	.LASF10
 275 007c 02       		.byte	0x2
 276 007d 9901     		.2byte	0x199
 277 007f 3A000000 		.4byte	0x3a
 278 0083 02       		.uleb128 0x2
 279 0084 04       		.byte	0x4
 280 0085 04       		.byte	0x4
 281 0086 65000000 		.4byte	.LASF11
 282 008a 02       		.uleb128 0x2
 283 008b 08       		.byte	0x8
 284 008c 04       		.byte	0x4
 285 008d AE000000 		.4byte	.LASF12
 286 0091 02       		.uleb128 0x2
 287 0092 01       		.byte	0x1
 288 0093 08       		.byte	0x8
 289 0094 2A020000 		.4byte	.LASF13
 290 0098 04       		.uleb128 0x4
 291 0099 0E020000 		.4byte	.LASF14
 292 009d 02       		.byte	0x2
 293 009e 4202     		.2byte	0x242
 294 00a0 A4000000 		.4byte	0xa4
 295 00a4 05       		.uleb128 0x5
 296 00a5 6B000000 		.4byte	0x6b
 297 00a9 02       		.uleb128 0x2
 298 00aa 04       		.byte	0x4
 299 00ab 07       		.byte	0x7
 300 00ac 13020000 		.4byte	.LASF15
 301 00b0 06       		.uleb128 0x6
 302 00b1 08       		.byte	0x8
 303 00b2 03       		.byte	0x3
 304 00b3 6B       		.byte	0x6b
 305 00b4 F5000000 		.4byte	0xf5
 306 00b8 07       		.uleb128 0x7
 307 00b9 79000000 		.4byte	.LASF16
 308 00bd 03       		.byte	0x3
 309 00be 6E       		.byte	0x6e
 310 00bf 6B000000 		.4byte	0x6b
 311 00c3 00       		.byte	0
 312 00c4 07       		.uleb128 0x7
 313 00c5 00000000 		.4byte	.LASF17
 314 00c9 03       		.byte	0x3
 315 00ca 71       		.byte	0x71
 316 00cb 77000000 		.4byte	0x77
 317 00cf 02       		.byte	0x2
 318 00d0 07       		.uleb128 0x7
 319 00d1 07000000 		.4byte	.LASF18
 320 00d5 03       		.byte	0x3
 321 00d6 73       		.byte	0x73
 322 00d7 77000000 		.4byte	0x77
 323 00db 04       		.byte	0x4
ARM GAS  C:\Users\ADMINI~1\AppData\Local\Temp\ccnICkdP.s 			page 10


 324 00dc 07       		.uleb128 0x7
 325 00dd 4E020000 		.4byte	.LASF19
 326 00e1 03       		.byte	0x3
 327 00e2 76       		.byte	0x76
 328 00e3 6B000000 		.4byte	0x6b
 329 00e7 06       		.byte	0x6
 330 00e8 07       		.uleb128 0x7
 331 00e9 9B000000 		.4byte	.LASF20
 332 00ed 03       		.byte	0x3
 333 00ee 86       		.byte	0x86
 334 00ef 6B000000 		.4byte	0x6b
 335 00f3 07       		.byte	0x7
 336 00f4 00       		.byte	0
 337 00f5 08       		.uleb128 0x8
 338 00f6 B5000000 		.4byte	.LASF21
 339 00fa 03       		.byte	0x3
 340 00fb 8B       		.byte	0x8b
 341 00fc B0000000 		.4byte	0xb0
 342 0100 09       		.uleb128 0x9
 343 0101 48000000 		.4byte	.LASF22
 344 0105 01       		.byte	0x1
 345 0106 2A       		.byte	0x2a
 346 0107 00000000 		.4byte	.LFB2
 347 010b 40000000 		.4byte	.LFE2-.LFB2
 348 010f 01       		.uleb128 0x1
 349 0110 9C       		.byte	0x9c
 350 0111 09       		.uleb128 0x9
 351 0112 FA010000 		.4byte	.LASF23
 352 0116 01       		.byte	0x1
 353 0117 58       		.byte	0x58
 354 0118 00000000 		.4byte	.LFB3
 355 011c 38000000 		.4byte	.LFE3-.LFB3
 356 0120 01       		.uleb128 0x1
 357 0121 9C       		.byte	0x9c
 358 0122 09       		.uleb128 0x9
 359 0123 59000000 		.4byte	.LASF24
 360 0127 01       		.byte	0x1
 361 0128 88       		.byte	0x88
 362 0129 00000000 		.4byte	.LFB4
 363 012d 34000000 		.4byte	.LFE4-.LFB4
 364 0131 01       		.uleb128 0x1
 365 0132 9C       		.byte	0x9c
 366 0133 09       		.uleb128 0x9
 367 0134 7C010000 		.4byte	.LASF25
 368 0138 01       		.byte	0x1
 369 0139 B2       		.byte	0xb2
 370 013a 00000000 		.4byte	.LFB5
 371 013e 1C000000 		.4byte	.LFE5-.LFB5
 372 0142 01       		.uleb128 0x1
 373 0143 9C       		.byte	0x9c
 374 0144 0A       		.uleb128 0xa
 375 0145 88000000 		.4byte	.LASF29
 376 0149 01       		.byte	0x1
 377 014a 14       		.byte	0x14
 378 014b F5000000 		.4byte	0xf5
 379 014f 05       		.uleb128 0x5
 380 0150 03       		.byte	0x3
ARM GAS  C:\Users\ADMINI~1\AppData\Local\Temp\ccnICkdP.s 			page 11


 381 0151 00000000 		.4byte	PWM_1_backup
 382 0155 00       		.byte	0
 383              		.section	.debug_abbrev,"",%progbits
 384              	.Ldebug_abbrev0:
 385 0000 01       		.uleb128 0x1
 386 0001 11       		.uleb128 0x11
 387 0002 01       		.byte	0x1
 388 0003 25       		.uleb128 0x25
 389 0004 0E       		.uleb128 0xe
 390 0005 13       		.uleb128 0x13
 391 0006 0B       		.uleb128 0xb
 392 0007 03       		.uleb128 0x3
 393 0008 0E       		.uleb128 0xe
 394 0009 1B       		.uleb128 0x1b
 395 000a 0E       		.uleb128 0xe
 396 000b 55       		.uleb128 0x55
 397 000c 17       		.uleb128 0x17
 398 000d 11       		.uleb128 0x11
 399 000e 01       		.uleb128 0x1
 400 000f 10       		.uleb128 0x10
 401 0010 17       		.uleb128 0x17
 402 0011 00       		.byte	0
 403 0012 00       		.byte	0
 404 0013 02       		.uleb128 0x2
 405 0014 24       		.uleb128 0x24
 406 0015 00       		.byte	0
 407 0016 0B       		.uleb128 0xb
 408 0017 0B       		.uleb128 0xb
 409 0018 3E       		.uleb128 0x3e
 410 0019 0B       		.uleb128 0xb
 411 001a 03       		.uleb128 0x3
 412 001b 0E       		.uleb128 0xe
 413 001c 00       		.byte	0
 414 001d 00       		.byte	0
 415 001e 03       		.uleb128 0x3
 416 001f 24       		.uleb128 0x24
 417 0020 00       		.byte	0
 418 0021 0B       		.uleb128 0xb
 419 0022 0B       		.uleb128 0xb
 420 0023 3E       		.uleb128 0x3e
 421 0024 0B       		.uleb128 0xb
 422 0025 03       		.uleb128 0x3
 423 0026 08       		.uleb128 0x8
 424 0027 00       		.byte	0
 425 0028 00       		.byte	0
 426 0029 04       		.uleb128 0x4
 427 002a 16       		.uleb128 0x16
 428 002b 00       		.byte	0
 429 002c 03       		.uleb128 0x3
 430 002d 0E       		.uleb128 0xe
 431 002e 3A       		.uleb128 0x3a
 432 002f 0B       		.uleb128 0xb
 433 0030 3B       		.uleb128 0x3b
 434 0031 05       		.uleb128 0x5
 435 0032 49       		.uleb128 0x49
 436 0033 13       		.uleb128 0x13
 437 0034 00       		.byte	0
ARM GAS  C:\Users\ADMINI~1\AppData\Local\Temp\ccnICkdP.s 			page 12


 438 0035 00       		.byte	0
 439 0036 05       		.uleb128 0x5
 440 0037 35       		.uleb128 0x35
 441 0038 00       		.byte	0
 442 0039 49       		.uleb128 0x49
 443 003a 13       		.uleb128 0x13
 444 003b 00       		.byte	0
 445 003c 00       		.byte	0
 446 003d 06       		.uleb128 0x6
 447 003e 13       		.uleb128 0x13
 448 003f 01       		.byte	0x1
 449 0040 0B       		.uleb128 0xb
 450 0041 0B       		.uleb128 0xb
 451 0042 3A       		.uleb128 0x3a
 452 0043 0B       		.uleb128 0xb
 453 0044 3B       		.uleb128 0x3b
 454 0045 0B       		.uleb128 0xb
 455 0046 01       		.uleb128 0x1
 456 0047 13       		.uleb128 0x13
 457 0048 00       		.byte	0
 458 0049 00       		.byte	0
 459 004a 07       		.uleb128 0x7
 460 004b 0D       		.uleb128 0xd
 461 004c 00       		.byte	0
 462 004d 03       		.uleb128 0x3
 463 004e 0E       		.uleb128 0xe
 464 004f 3A       		.uleb128 0x3a
 465 0050 0B       		.uleb128 0xb
 466 0051 3B       		.uleb128 0x3b
 467 0052 0B       		.uleb128 0xb
 468 0053 49       		.uleb128 0x49
 469 0054 13       		.uleb128 0x13
 470 0055 38       		.uleb128 0x38
 471 0056 0B       		.uleb128 0xb
 472 0057 00       		.byte	0
 473 0058 00       		.byte	0
 474 0059 08       		.uleb128 0x8
 475 005a 16       		.uleb128 0x16
 476 005b 00       		.byte	0
 477 005c 03       		.uleb128 0x3
 478 005d 0E       		.uleb128 0xe
 479 005e 3A       		.uleb128 0x3a
 480 005f 0B       		.uleb128 0xb
 481 0060 3B       		.uleb128 0x3b
 482 0061 0B       		.uleb128 0xb
 483 0062 49       		.uleb128 0x49
 484 0063 13       		.uleb128 0x13
 485 0064 00       		.byte	0
 486 0065 00       		.byte	0
 487 0066 09       		.uleb128 0x9
 488 0067 2E       		.uleb128 0x2e
 489 0068 00       		.byte	0
 490 0069 3F       		.uleb128 0x3f
 491 006a 19       		.uleb128 0x19
 492 006b 03       		.uleb128 0x3
 493 006c 0E       		.uleb128 0xe
 494 006d 3A       		.uleb128 0x3a
ARM GAS  C:\Users\ADMINI~1\AppData\Local\Temp\ccnICkdP.s 			page 13


 495 006e 0B       		.uleb128 0xb
 496 006f 3B       		.uleb128 0x3b
 497 0070 0B       		.uleb128 0xb
 498 0071 27       		.uleb128 0x27
 499 0072 19       		.uleb128 0x19
 500 0073 11       		.uleb128 0x11
 501 0074 01       		.uleb128 0x1
 502 0075 12       		.uleb128 0x12
 503 0076 06       		.uleb128 0x6
 504 0077 40       		.uleb128 0x40
 505 0078 18       		.uleb128 0x18
 506 0079 9642     		.uleb128 0x2116
 507 007b 19       		.uleb128 0x19
 508 007c 00       		.byte	0
 509 007d 00       		.byte	0
 510 007e 0A       		.uleb128 0xa
 511 007f 34       		.uleb128 0x34
 512 0080 00       		.byte	0
 513 0081 03       		.uleb128 0x3
 514 0082 0E       		.uleb128 0xe
 515 0083 3A       		.uleb128 0x3a
 516 0084 0B       		.uleb128 0xb
 517 0085 3B       		.uleb128 0x3b
 518 0086 0B       		.uleb128 0xb
 519 0087 49       		.uleb128 0x49
 520 0088 13       		.uleb128 0x13
 521 0089 02       		.uleb128 0x2
 522 008a 18       		.uleb128 0x18
 523 008b 00       		.byte	0
 524 008c 00       		.byte	0
 525 008d 00       		.byte	0
 526              		.section	.debug_aranges,"",%progbits
 527 0000 34000000 		.4byte	0x34
 528 0004 0200     		.2byte	0x2
 529 0006 00000000 		.4byte	.Ldebug_info0
 530 000a 04       		.byte	0x4
 531 000b 00       		.byte	0
 532 000c 0000     		.2byte	0
 533 000e 0000     		.2byte	0
 534 0010 00000000 		.4byte	.LFB2
 535 0014 40000000 		.4byte	.LFE2-.LFB2
 536 0018 00000000 		.4byte	.LFB3
 537 001c 38000000 		.4byte	.LFE3-.LFB3
 538 0020 00000000 		.4byte	.LFB4
 539 0024 34000000 		.4byte	.LFE4-.LFB4
 540 0028 00000000 		.4byte	.LFB5
 541 002c 1C000000 		.4byte	.LFE5-.LFB5
 542 0030 00000000 		.4byte	0
 543 0034 00000000 		.4byte	0
 544              		.section	.debug_ranges,"",%progbits
 545              	.Ldebug_ranges0:
 546 0000 00000000 		.4byte	.LFB2
 547 0004 40000000 		.4byte	.LFE2
 548 0008 00000000 		.4byte	.LFB3
 549 000c 38000000 		.4byte	.LFE3
 550 0010 00000000 		.4byte	.LFB4
 551 0014 34000000 		.4byte	.LFE4
ARM GAS  C:\Users\ADMINI~1\AppData\Local\Temp\ccnICkdP.s 			page 14


 552 0018 00000000 		.4byte	.LFB5
 553 001c 1C000000 		.4byte	.LFE5
 554 0020 00000000 		.4byte	0
 555 0024 00000000 		.4byte	0
 556              		.section	.debug_line,"",%progbits
 557              	.Ldebug_line0:
 558 0000 AF000000 		.section	.debug_str,"MS",%progbits,1
 558      02005200 
 558      00000201 
 558      FB0E0D00 
 558      01010101 
 559              	.LASF17:
 560 0000 50574D55 		.ascii	"PWMUdb\000"
 560      646200
 561              	.LASF18:
 562 0007 50574D50 		.ascii	"PWMPeriod\000"
 562      6572696F 
 562      6400
 563              	.LASF27:
 564 0011 2E5C4765 		.ascii	".\\Generated_Source\\PSoC4\\PWM_1_PM.c\000"
 564      6E657261 
 564      7465645F 
 564      536F7572 
 564      63655C50 
 565              	.LASF3:
 566 0035 73686F72 		.ascii	"short unsigned int\000"
 566      7420756E 
 566      7369676E 
 566      65642069 
 566      6E7400
 567              	.LASF22:
 568 0048 50574D5F 		.ascii	"PWM_1_SaveConfig\000"
 568      315F5361 
 568      7665436F 
 568      6E666967 
 568      00
 569              	.LASF24:
 570 0059 50574D5F 		.ascii	"PWM_1_Sleep\000"
 570      315F536C 
 570      65657000 
 571              	.LASF11:
 572 0065 666C6F61 		.ascii	"float\000"
 572      7400
 573              	.LASF1:
 574 006b 756E7369 		.ascii	"unsigned char\000"
 574      676E6564 
 574      20636861 
 574      7200
 575              	.LASF16:
 576 0079 50574D45 		.ascii	"PWMEnableState\000"
 576      6E61626C 
 576      65537461 
 576      746500
 577              	.LASF29:
 578 0088 50574D5F 		.ascii	"PWM_1_backup\000"
 578      315F6261 
 578      636B7570 
ARM GAS  C:\Users\ADMINI~1\AppData\Local\Temp\ccnICkdP.s 			page 15


 578      00
 579              	.LASF9:
 580 0095 75696E74 		.ascii	"uint8\000"
 580      3800
 581              	.LASF20:
 582 009b 50574D43 		.ascii	"PWMControlRegister\000"
 582      6F6E7472 
 582      6F6C5265 
 582      67697374 
 582      657200
 583              	.LASF12:
 584 00ae 646F7562 		.ascii	"double\000"
 584      6C6500
 585              	.LASF21:
 586 00b5 50574D5F 		.ascii	"PWM_1_backupStruct\000"
 586      315F6261 
 586      636B7570 
 586      53747275 
 586      637400
 587              	.LASF26:
 588 00c8 474E5520 		.ascii	"GNU C 4.9.3 20150303 (release) [ARM/embedded-4_9-br"
 588      4320342E 
 588      392E3320 
 588      32303135 
 588      30333033 
 589 00fb 616E6368 		.ascii	"anch revision 221220] -mcpu=cortex-m0 -mthumb -g -O"
 589      20726576 
 589      6973696F 
 589      6E203232 
 589      31323230 
 590 012e 30202D66 		.ascii	"0 -ffunction-sections -ffat-lto-objects\000"
 590      66756E63 
 590      74696F6E 
 590      2D736563 
 590      74696F6E 
 591              	.LASF10:
 592 0156 75696E74 		.ascii	"uint16\000"
 592      313600
 593              	.LASF5:
 594 015d 6C6F6E67 		.ascii	"long unsigned int\000"
 594      20756E73 
 594      69676E65 
 594      6420696E 
 594      7400
 595              	.LASF8:
 596 016f 756E7369 		.ascii	"unsigned int\000"
 596      676E6564 
 596      20696E74 
 596      00
 597              	.LASF25:
 598 017c 50574D5F 		.ascii	"PWM_1_Wakeup\000"
 598      315F5761 
 598      6B657570 
 598      00
 599              	.LASF7:
 600 0189 6C6F6E67 		.ascii	"long long unsigned int\000"
 600      206C6F6E 
ARM GAS  C:\Users\ADMINI~1\AppData\Local\Temp\ccnICkdP.s 			page 16


 600      6720756E 
 600      7369676E 
 600      65642069 
 601              	.LASF28:
 602 01a0 433A5C44 		.ascii	"C:\\Dropbox\\Projects\\George Posture Correction Pr"
 602      726F7062 
 602      6F785C50 
 602      726F6A65 
 602      6374735C 
 603 01d0 6F6A6563 		.ascii	"oject\\BLE_Battery_Level\\BackBone_v1.cydsn\000"
 603      745C424C 
 603      455F4261 
 603      74746572 
 603      795F4C65 
 604              	.LASF23:
 605 01fa 50574D5F 		.ascii	"PWM_1_RestoreConfig\000"
 605      315F5265 
 605      73746F72 
 605      65436F6E 
 605      66696700 
 606              	.LASF14:
 607 020e 72656738 		.ascii	"reg8\000"
 607      00
 608              	.LASF15:
 609 0213 73697A65 		.ascii	"sizetype\000"
 609      74797065 
 609      00
 610              	.LASF6:
 611 021c 6C6F6E67 		.ascii	"long long int\000"
 611      206C6F6E 
 611      6720696E 
 611      7400
 612              	.LASF13:
 613 022a 63686172 		.ascii	"char\000"
 613      00
 614              	.LASF2:
 615 022f 73686F72 		.ascii	"short int\000"
 615      7420696E 
 615      7400
 616              	.LASF4:
 617 0239 6C6F6E67 		.ascii	"long int\000"
 617      20696E74 
 617      00
 618              	.LASF0:
 619 0242 7369676E 		.ascii	"signed char\000"
 619      65642063 
 619      68617200 
 620              	.LASF19:
 621 024e 496E7465 		.ascii	"InterruptMaskValue\000"
 621      72727570 
 621      744D6173 
 621      6B56616C 
 621      756500
 622              		.ident	"GCC: (GNU Tools for ARM Embedded Processors) 4.9.3 20150303 (release) [ARM/embedded-4_9-br
