--------------- Rebuild Started: 10/04/2016 11:26:24 Project: BackBone_Bootloadable, Configuration: ARM GCC 4.9-2015-q1-update Debug ---------------
Deleting file ".\CortexM0\ARM_GCC_493\Debug\main.o"
Deleting file ".\CortexM0\ARM_GCC_493\Debug\bas.o"
Deleting file ".\CortexM0\ARM_GCC_493\Debug\debug.o"
Deleting file ".\CortexM0\ARM_GCC_493\Debug\i2c_comm.o"
Deleting file ".\CortexM0\ARM_GCC_493\Debug\inv.o"
Deleting file ".\CortexM0\ARM_GCC_493\Debug\timeout.o"
Deleting file ".\CortexM0\ARM_GCC_493\Debug\BLEApplications.o"
Deleting file ".\CortexM0\ARM_GCC_493\Debug\BackBone.o"
Deleting file ".\CortexM0\ARM_GCC_493\Debug\OTAMandatory.o"
Deleting file ".\CortexM0\ARM_GCC_493\Debug\inv_mems_drv_hook.o"
Deleting file ".\CortexM0\ARM_GCC_493\Debug\inv_mems_interface_mapping.o"
Deleting file ".\CortexM0\ARM_GCC_493\Debug\dmp3Default_20608D.o"
Deleting file ".\CortexM0\ARM_GCC_493\Debug\dmp3Default_20648.o"
Deleting file ".\CortexM0\ARM_GCC_493\Debug\inv_mems_augmented_sensors.o"
Deleting file ".\CortexM0\ARM_GCC_493\Debug\inv_mems_base_control.o"
Deleting file ".\CortexM0\ARM_GCC_493\Debug\inv_mems_base_control_20609.o"
Deleting file ".\CortexM0\ARM_GCC_493\Debug\inv_mems_base_driver.o"
Deleting file ".\CortexM0\ARM_GCC_493\Debug\inv_mems_base_driver_20609.o"
Deleting file ".\CortexM0\ARM_GCC_493\Debug\inv_mems_data_converter.o"
Deleting file ".\CortexM0\ARM_GCC_493\Debug\inv_mems_load_firmware.o"
Deleting file ".\CortexM0\ARM_GCC_493\Debug\inv_mems_mpu_fifo_control.o"
Deleting file ".\CortexM0\ARM_GCC_493\Debug\inv_mems_mpu_selftest.o"
Deleting file ".\CortexM0\ARM_GCC_493\Debug\inv_mems_secondary_transport.o"
Deleting file ".\CortexM0\ARM_GCC_493\Debug\inv_mems_slave_compass.o"
Deleting file ".\CortexM0\ARM_GCC_493\Debug\inv_mems_slave_pressure.o"
Deleting file ".\CortexM0\ARM_GCC_493\Debug\inv_mems_transport.o"
Deleting file ".\CortexM0\ARM_GCC_493\Debug\ml_math_func.o"
Deleting file ".\CortexM0\ARM_GCC_493\Debug\mlmath.o"
Deleting file ".\CortexM0\ARM_GCC_493\Debug\cyfitter_cfg.o"
Deleting file ".\CortexM0\ARM_GCC_493\Debug\cymetadata.o"
Deleting file ".\CortexM0\ARM_GCC_493\Debug\ADC.o"
Deleting file ".\CortexM0\ARM_GCC_493\Debug\ADC_PM.o"
Deleting file ".\CortexM0\ARM_GCC_493\Debug\ADC_INT.o"
Deleting file ".\CortexM0\ARM_GCC_493\Debug\Disconnect_LED.o"
Deleting file ".\CortexM0\ARM_GCC_493\Debug\Disconnect_LED_PM.o"
Deleting file ".\CortexM0\ARM_GCC_493\Debug\SW2.o"
Deleting file ".\CortexM0\ARM_GCC_493\Debug\SW2_PM.o"
Deleting file ".\CortexM0\ARM_GCC_493\Debug\LowPower_LED.o"
Deleting file ".\CortexM0\ARM_GCC_493\Debug\LowPower_LED_PM.o"
Deleting file ".\CortexM0\ARM_GCC_493\Debug\Advertising_LED.o"
Deleting file ".\CortexM0\ARM_GCC_493\Debug\Advertising_LED_PM.o"
Deleting file ".\CortexM0\ARM_GCC_493\Debug\ADC_IRQ.o"
Deleting file ".\CortexM0\ARM_GCC_493\Debug\ADC_intClock.o"
Deleting file ".\CortexM0\ARM_GCC_493\Debug\Cm0Start.o"
Deleting file ".\CortexM0\ARM_GCC_493\Debug\CyBootAsmGnu.o"
Deleting file ".\CortexM0\ARM_GCC_493\Debug\CyFlash.o"
Deleting file ".\CortexM0\ARM_GCC_493\Debug\CyLib.o"
Deleting file ".\CortexM0\ARM_GCC_493\Debug\cyPm.o"
Deleting file ".\CortexM0\ARM_GCC_493\Debug\cyutils.o"
Deleting file ".\CortexM0\ARM_GCC_493\Debug\CyLFClk.o"
Deleting file ".\CortexM0\ARM_GCC_493\Debug\VIN.o"
Deleting file ".\CortexM0\ARM_GCC_493\Debug\VIN_PM.o"
Deleting file ".\CortexM0\ARM_GCC_493\Debug\MOTOR.o"
Deleting file ".\CortexM0\ARM_GCC_493\Debug\MOTOR_PM.o"
Deleting file ".\CortexM0\ARM_GCC_493\Debug\MotorPWM.o"
Deleting file ".\CortexM0\ARM_GCC_493\Debug\MotorPWM_PM.o"
Deleting file ".\CortexM0\ARM_GCC_493\Debug\Clock_1.o"
Deleting file ".\CortexM0\ARM_GCC_493\Debug\Clock_5.o"
Deleting file ".\CortexM0\ARM_GCC_493\Debug\I2C.o"
Deleting file ".\CortexM0\ARM_GCC_493\Debug\I2C_I2C_INT.o"
Deleting file ".\CortexM0\ARM_GCC_493\Debug\I2C_I2C.o"
Deleting file ".\CortexM0\ARM_GCC_493\Debug\I2C_I2C_BOOT.o"
Deleting file ".\CortexM0\ARM_GCC_493\Debug\I2C_I2C_MASTER.o"
Deleting file ".\CortexM0\ARM_GCC_493\Debug\I2C_PM.o"
Deleting file ".\CortexM0\ARM_GCC_493\Debug\I2C_BOOT.o"
Deleting file ".\CortexM0\ARM_GCC_493\Debug\I2C_SCBCLK.o"
Deleting file ".\CortexM0\ARM_GCC_493\Debug\I2C_sda.o"
Deleting file ".\CortexM0\ARM_GCC_493\Debug\I2C_sda_PM.o"
Deleting file ".\CortexM0\ARM_GCC_493\Debug\I2C_scl.o"
Deleting file ".\CortexM0\ARM_GCC_493\Debug\I2C_scl_PM.o"
Deleting file ".\CortexM0\ARM_GCC_493\Debug\I2C_SCB_IRQ.o"
Deleting file ".\CortexM0\ARM_GCC_493\Debug\INVN_INT.o"
Deleting file ".\CortexM0\ARM_GCC_493\Debug\INVN_INT_PM.o"
Deleting file ".\CortexM0\ARM_GCC_493\Debug\isr_INVN_INT.o"
Deleting file ".\CortexM0\ARM_GCC_493\Debug\Timer1ms.o"
Deleting file ".\CortexM0\ARM_GCC_493\Debug\Timer1ms_PM.o"
Deleting file ".\CortexM0\ARM_GCC_493\Debug\isr_Timer1ms.o"
Deleting file ".\CortexM0\ARM_GCC_493\Debug\cybootloader.o"
Deleting file ".\CortexM0\ARM_GCC_493\Debug\Bootloadable.o"
Deleting file ".\CortexM0\ARM_GCC_493\Debug\BackBone_Bootloadable.hex"
Deleting file ".\CortexM0\ARM_GCC_493\Debug\BackBone_Bootloadable.elf"
Deleting file ".\CortexM0\ARM_GCC_493\Debug\BackBone_Bootloadable.map"
Deleting file ".\CortexM0\ARM_GCC_493\Debug\BackBone_Bootloadable.cyacd"
Deleting file ".\BackBone_Bootloadable.cycdx"
Deleting file ".\BackBone_Bootloadable.svd"
Deleting file ".\BackBone_Bootloadable.rpt"
Deleting file ".\BackBone_Bootloadable_timing.html"
Deleting file ".\CortexM0\ARM_GCC_493\Debug\.deps\C_FILE.P"
Deleting file ".\CortexM0\ARM_GCC_493\Debug\.deps\ARM_C_FILE.P"
Deleting file ".\CortexM0\ARM_GCC_493\Debug\.deps\GNU_ARM_ASM_FILE.P"
cydsfit.exe -.appdatapath "C:\Users\Administrator\AppData\Local\Cypress Semiconductor\PSoC Creator\3.3" -.fdsnotice -.fdswarpdepfile=warp_dependencies.txt -.fdselabdepfile=elab_dependencies.txt -.fdsbldfile=generated_files.txt -p "C:\Users\Administrator\Desktop\Temp\BackBone.cywrk.Archive_modified\BackBone.cywrk.Archive 09302016\BackBone\BackBone_Bootloadable.cydsn\BackBone_Bootloadable.cyprj" -d CYBLE-222005-00 -s "C:\Users\Administrator\Desktop\Temp\BackBone.cywrk.Archive_modified\BackBone.cywrk.Archive 09302016\BackBone\BackBone_Bootloadable.cydsn\Generated_Source\PSoC4" -- -yv2 -q10 -yga -o2 -v3 -.fftcfgtype=LE
Elaborating Design...
HDL Generation ...
Synthesis ...
Place and Route ...
Tech mapping ...
Analog Placement ...
Analog Routing ...
Analog Code Generation ...
Digital Placement ...
Digital Routing ...
Bitstream Generation ...
Static timing analysis ...
API Generation ...
Dependency Generation ...
Clean Temporary Files ...
arm-none-eabi-gcc.exe -mcpu=cortex-m0 -mthumb -Wno-main -I. -IGenerated_Source\PSoC4 -Wa,-alh=.\CortexM0\ARM_GCC_493\Debug/main.lst -g -D DEBUG -D MEMS_20648 -Wall -ffunction-sections -Os -ffat-lto-objects -c .\main.c -o .\CortexM0\ARM_GCC_493\Debug\main.o
.\main.c: In function 'AppCallBack':
.\main.c:226:32: warning: variable 'authInfo' set but not used [-Wunused-but-set-variable]
         CYBLE_GAP_AUTH_INFO_T *authInfo;
                                ^
arm-none-eabi-gcc.exe -mcpu=cortex-m0 -mthumb -Wno-main -I. -IGenerated_Source\PSoC4 -Wa,-alh=.\CortexM0\ARM_GCC_493\Debug/bas.lst -g -D DEBUG -D MEMS_20648 -Wall -ffunction-sections -Os -ffat-lto-objects -c .\bas.c -o .\CortexM0\ARM_GCC_493\Debug\bas.o
.\bas.c: In function 'MeasureBattery':
.\bas.c:105:9: warning: unused variable 'sarControlReg' [-Wunused-variable]
  uint32 sarControlReg;
         ^
arm-none-eabi-gcc.exe -mcpu=cortex-m0 -mthumb -Wno-main -I. -IGenerated_Source\PSoC4 -Wa,-alh=.\CortexM0\ARM_GCC_493\Debug/debug.lst -g -D DEBUG -D MEMS_20648 -Wall -ffunction-sections -Os -ffat-lto-objects -c .\debug.c -o .\CortexM0\ARM_GCC_493\Debug\debug.o
arm-none-eabi-gcc.exe -mcpu=cortex-m0 -mthumb -Wno-main -I. -IGenerated_Source\PSoC4 -Wa,-alh=.\CortexM0\ARM_GCC_493\Debug/i2c_comm.lst -g -D DEBUG -D MEMS_20648 -Wall -ffunction-sections -Os -ffat-lto-objects -c .\i2c_comm.c -o .\CortexM0\ARM_GCC_493\Debug\i2c_comm.o
arm-none-eabi-gcc.exe -mcpu=cortex-m0 -mthumb -Wno-main -I. -IGenerated_Source\PSoC4 -Wa,-alh=.\CortexM0\ARM_GCC_493\Debug/inv.lst -g -D DEBUG -D MEMS_20648 -Wall -ffunction-sections -Os -ffat-lto-objects -c .\inv.c -o .\CortexM0\ARM_GCC_493\Debug\inv.o
arm-none-eabi-gcc.exe -mcpu=cortex-m0 -mthumb -Wno-main -I. -IGenerated_Source\PSoC4 -Wa,-alh=.\CortexM0\ARM_GCC_493\Debug/timeout.lst -g -D DEBUG -D MEMS_20648 -Wall -ffunction-sections -Os -ffat-lto-objects -c .\timeout.c -o .\CortexM0\ARM_GCC_493\Debug\timeout.o
arm-none-eabi-gcc.exe -mcpu=cortex-m0 -mthumb -Wno-main -I. -IGenerated_Source\PSoC4 -Wa,-alh=.\CortexM0\ARM_GCC_493\Debug/BLEApplications.lst -g -D DEBUG -D MEMS_20648 -Wall -ffunction-sections -Os -ffat-lto-objects -c .\BLEApplications.c -o .\CortexM0\ARM_GCC_493\Debug\BLEApplications.o
.\BLEApplications.c: In function 'SendDataOverCapSenseNotification':
.\BLEApplications.c:432:34: warning: unused variable 'CapSensenotificationHandle' [-Wunused-variable]
  CYBLE_GATTS_HANDLE_VALUE_NTF_T  CapSensenotificationHandle; 
                                  ^
.\BLEApplications.c: In function 'SendDataOverRGBledNotification':
.\BLEApplications.c:516:34: warning: unused variable 'rgbLednotificationHandle' [-Wunused-variable]
  CYBLE_GATTS_HANDLE_VALUE_NTF_T  rgbLednotificationHandle;
                                  ^
arm-none-eabi-gcc.exe -mcpu=cortex-m0 -mthumb -Wno-main -I. -IGenerated_Source\PSoC4 -Wa,-alh=.\CortexM0\ARM_GCC_493\Debug/BackBone.lst -g -D DEBUG -D MEMS_20648 -Wall -ffunction-sections -Os -ffat-lto-objects -c .\BackBone.c -o .\CortexM0\ARM_GCC_493\Debug\BackBone.o
.\BackBone.c:17:1: warning: missing braces around initializer [-Wmissing-braces]
 ACCELEROMETER Accelerometer = {0};
 ^
.\BackBone.c:17:1: warning: (near initialization for 'Accelerometer.AccelerometerData') [-Wmissing-braces]
.\BackBone.c:18:1: warning: missing braces around initializer [-Wmissing-braces]
 GYROSCOPE Gyroscope = {0};
 ^
.\BackBone.c:18:1: warning: (near initialization for 'Gyroscope.GyroscopeData') [-Wmissing-braces]
.\BackBone.c:19:1: warning: missing braces around initializer [-Wmissing-braces]
 CONFIG_DATA ConfigData = {0};
 ^
.\BackBone.c:19:1: warning: (near initialization for 'ConfigData.Parameter') [-Wmissing-braces]
arm-none-eabi-gcc.exe -mcpu=cortex-m0 -mthumb -Wno-main -I. -IGenerated_Source\PSoC4 -Wa,-alh=.\CortexM0\ARM_GCC_493\Debug/OTAMandatory.lst -g -D DEBUG -D MEMS_20648 -Wall -ffunction-sections -Os -ffat-lto-objects -c .\OTAMandatory.c -o .\CortexM0\ARM_GCC_493\Debug\OTAMandatory.o
.\OTAMandatory.c: In function 'BootloaderSwitch':
.\OTAMandatory.c:212:5: warning: implicit declaration of function 'Bootloader_Service_Activation_Read' [-Wimplicit-function-declaration]
     if (Bootloader_Service_Activation_Read() == 0)
     ^
arm-none-eabi-gcc.exe -mcpu=cortex-m0 -mthumb -Wno-main -I. -IGenerated_Source\PSoC4 -Wa,-alh=.\CortexM0\ARM_GCC_493\Debug/inv_mems_drv_hook.lst -g -D DEBUG -D MEMS_20648 -Wall -ffunction-sections -Os -ffat-lto-objects -c .\20648_driver\common\inv_mems_drv_hook.c -o .\CortexM0\ARM_GCC_493\Debug\inv_mems_drv_hook.o
arm-none-eabi-gcc.exe -mcpu=cortex-m0 -mthumb -Wno-main -I. -IGenerated_Source\PSoC4 -Wa,-alh=.\CortexM0\ARM_GCC_493\Debug/inv_mems_interface_mapping.lst -g -D DEBUG -D MEMS_20648 -Wall -ffunction-sections -Os -ffat-lto-objects -c .\20648_driver\dmp3\inv_mems_interface_mapping.c -o .\CortexM0\ARM_GCC_493\Debug\inv_mems_interface_mapping.o
arm-none-eabi-gcc.exe -mcpu=cortex-m0 -mthumb -Wno-main -I. -IGenerated_Source\PSoC4 -Wa,-alh=.\CortexM0\ARM_GCC_493\Debug/dmp3Default_20608D.lst -g -D DEBUG -D MEMS_20648 -Wall -ffunction-sections -Os -ffat-lto-objects -c .\20648_driver\dmp3a\dmp3Default_20608D.c -o .\CortexM0\ARM_GCC_493\Debug\dmp3Default_20608D.o
arm-none-eabi-gcc.exe -mcpu=cortex-m0 -mthumb -Wno-main -I. -IGenerated_Source\PSoC4 -Wa,-alh=.\CortexM0\ARM_GCC_493\Debug/dmp3Default_20648.lst -g -D DEBUG -D MEMS_20648 -Wall -ffunction-sections -Os -ffat-lto-objects -c .\20648_driver\dmp3a\dmp3Default_20648.c -o .\CortexM0\ARM_GCC_493\Debug\dmp3Default_20648.o
arm-none-eabi-gcc.exe -mcpu=cortex-m0 -mthumb -Wno-main -I. -IGenerated_Source\PSoC4 -Wa,-alh=.\CortexM0\ARM_GCC_493\Debug/inv_mems_augmented_sensors.lst -g -D DEBUG -D MEMS_20648 -Wall -ffunction-sections -Os -ffat-lto-objects -c .\20648_driver\drivers\inv_mems_augmented_sensors.c -o .\CortexM0\ARM_GCC_493\Debug\inv_mems_augmented_sensors.o
arm-none-eabi-gcc.exe -mcpu=cortex-m0 -mthumb -Wno-main -I. -IGenerated_Source\PSoC4 -Wa,-alh=.\CortexM0\ARM_GCC_493\Debug/inv_mems_base_control.lst -g -D DEBUG -D MEMS_20648 -Wall -ffunction-sections -Os -ffat-lto-objects -c .\20648_driver\drivers\inv_mems_base_control.c -o .\CortexM0\ARM_GCC_493\Debug\inv_mems_base_control.o
arm-none-eabi-gcc.exe -mcpu=cortex-m0 -mthumb -Wno-main -I. -IGenerated_Source\PSoC4 -Wa,-alh=.\CortexM0\ARM_GCC_493\Debug/inv_mems_base_control_20609.lst -g -D DEBUG -D MEMS_20648 -Wall -ffunction-sections -Os -ffat-lto-objects -c .\20648_driver\drivers\inv_mems_base_control_20609.c -o .\CortexM0\ARM_GCC_493\Debug\inv_mems_base_control_20609.o
arm-none-eabi-gcc.exe -mcpu=cortex-m0 -mthumb -Wno-main -I. -IGenerated_Source\PSoC4 -Wa,-alh=.\CortexM0\ARM_GCC_493\Debug/inv_mems_base_driver.lst -g -D DEBUG -D MEMS_20648 -Wall -ffunction-sections -Os -ffat-lto-objects -c .\20648_driver\drivers\inv_mems_base_driver.c -o .\CortexM0\ARM_GCC_493\Debug\inv_mems_base_driver.o
arm-none-eabi-gcc.exe -mcpu=cortex-m0 -mthumb -Wno-main -I. -IGenerated_Source\PSoC4 -Wa,-alh=.\CortexM0\ARM_GCC_493\Debug/inv_mems_base_driver_20609.lst -g -D DEBUG -D MEMS_20648 -Wall -ffunction-sections -Os -ffat-lto-objects -c .\20648_driver\drivers\inv_mems_base_driver_20609.c -o .\CortexM0\ARM_GCC_493\Debug\inv_mems_base_driver_20609.o
arm-none-eabi-gcc.exe -mcpu=cortex-m0 -mthumb -Wno-main -I. -IGenerated_Source\PSoC4 -Wa,-alh=.\CortexM0\ARM_GCC_493\Debug/inv_mems_data_converter.lst -g -D DEBUG -D MEMS_20648 -Wall -ffunction-sections -Os -ffat-lto-objects -c .\20648_driver\drivers\inv_mems_data_converter.c -o .\CortexM0\ARM_GCC_493\Debug\inv_mems_data_converter.o
arm-none-eabi-gcc.exe -mcpu=cortex-m0 -mthumb -Wno-main -I. -IGenerated_Source\PSoC4 -Wa,-alh=.\CortexM0\ARM_GCC_493\Debug/inv_mems_load_firmware.lst -g -D DEBUG -D MEMS_20648 -Wall -ffunction-sections -Os -ffat-lto-objects -c .\20648_driver\drivers\inv_mems_load_firmware.c -o .\CortexM0\ARM_GCC_493\Debug\inv_mems_load_firmware.o
arm-none-eabi-gcc.exe -mcpu=cortex-m0 -mthumb -Wno-main -I. -IGenerated_Source\PSoC4 -Wa,-alh=.\CortexM0\ARM_GCC_493\Debug/inv_mems_mpu_fifo_control.lst -g -D DEBUG -D MEMS_20648 -Wall -ffunction-sections -Os -ffat-lto-objects -c .\20648_driver\drivers\inv_mems_mpu_fifo_control.c -o .\CortexM0\ARM_GCC_493\Debug\inv_mems_mpu_fifo_control.o
arm-none-eabi-gcc.exe -mcpu=cortex-m0 -mthumb -Wno-main -I. -IGenerated_Source\PSoC4 -Wa,-alh=.\CortexM0\ARM_GCC_493\Debug/inv_mems_mpu_selftest.lst -g -D DEBUG -D MEMS_20648 -Wall -ffunction-sections -Os -ffat-lto-objects -c .\20648_driver\drivers\inv_mems_mpu_selftest.c -o .\CortexM0\ARM_GCC_493\Debug\inv_mems_mpu_selftest.o
arm-none-eabi-gcc.exe -mcpu=cortex-m0 -mthumb -Wno-main -I. -IGenerated_Source\PSoC4 -Wa,-alh=.\CortexM0\ARM_GCC_493\Debug/inv_mems_secondary_transport.lst -g -D DEBUG -D MEMS_20648 -Wall -ffunction-sections -Os -ffat-lto-objects -c .\20648_driver\drivers\inv_mems_secondary_transport.c -o .\CortexM0\ARM_GCC_493\Debug\inv_mems_secondary_transport.o
arm-none-eabi-gcc.exe -mcpu=cortex-m0 -mthumb -Wno-main -I. -IGenerated_Source\PSoC4 -Wa,-alh=.\CortexM0\ARM_GCC_493\Debug/inv_mems_slave_compass.lst -g -D DEBUG -D MEMS_20648 -Wall -ffunction-sections -Os -ffat-lto-objects -c .\20648_driver\drivers\inv_mems_slave_compass.c -o .\CortexM0\ARM_GCC_493\Debug\inv_mems_slave_compass.o
arm-none-eabi-gcc.exe -mcpu=cortex-m0 -mthumb -Wno-main -I. -IGenerated_Source\PSoC4 -Wa,-alh=.\CortexM0\ARM_GCC_493\Debug/inv_mems_slave_pressure.lst -g -D DEBUG -D MEMS_20648 -Wall -ffunction-sections -Os -ffat-lto-objects -c .\20648_driver\drivers\inv_mems_slave_pressure.c -o .\CortexM0\ARM_GCC_493\Debug\inv_mems_slave_pressure.o
arm-none-eabi-gcc.exe -mcpu=cortex-m0 -mthumb -Wno-main -I. -IGenerated_Source\PSoC4 -Wa,-alh=.\CortexM0\ARM_GCC_493\Debug/inv_mems_transport.lst -g -D DEBUG -D MEMS_20648 -Wall -ffunction-sections -Os -ffat-lto-objects -c .\20648_driver\drivers\inv_mems_transport.c -o .\CortexM0\ARM_GCC_493\Debug\inv_mems_transport.o
arm-none-eabi-gcc.exe -mcpu=cortex-m0 -mthumb -Wno-main -I. -IGenerated_Source\PSoC4 -Wa,-alh=.\CortexM0\ARM_GCC_493\Debug/ml_math_func.lst -g -D DEBUG -D MEMS_20648 -Wall -ffunction-sections -Os -ffat-lto-objects -c .\20648_driver\invn\ml_math_func.c -o .\CortexM0\ARM_GCC_493\Debug\ml_math_func.o
arm-none-eabi-gcc.exe -mcpu=cortex-m0 -mthumb -Wno-main -I. -IGenerated_Source\PSoC4 -Wa,-alh=.\CortexM0\ARM_GCC_493\Debug/mlmath.lst -g -D DEBUG -D MEMS_20648 -Wall -ffunction-sections -Os -ffat-lto-objects -c .\20648_driver\invn\mlmath.c -o .\CortexM0\ARM_GCC_493\Debug\mlmath.o
arm-none-eabi-gcc.exe -mcpu=cortex-m0 -mthumb -Wno-main -I. -IGenerated_Source\PSoC4 -Wa,-alh=.\CortexM0\ARM_GCC_493\Debug/cyfitter_cfg.lst -g -D DEBUG -D MEMS_20648 -Wall -ffunction-sections -Os -ffat-lto-objects -c .\Generated_Source\PSoC4\cyfitter_cfg.c -o .\CortexM0\ARM_GCC_493\Debug\cyfitter_cfg.o
arm-none-eabi-gcc.exe -mcpu=cortex-m0 -mthumb -Wno-main -I. -IGenerated_Source\PSoC4 -Wa,-alh=.\CortexM0\ARM_GCC_493\Debug/cymetadata.lst -g -D DEBUG -D MEMS_20648 -Wall -ffunction-sections -Os -ffat-lto-objects -c .\Generated_Source\PSoC4\cymetadata.c -o .\CortexM0\ARM_GCC_493\Debug\cymetadata.o
arm-none-eabi-gcc.exe -mcpu=cortex-m0 -mthumb -Wno-main -I. -IGenerated_Source\PSoC4 -Wa,-alh=.\CortexM0\ARM_GCC_493\Debug/ADC.lst -g -D DEBUG -D MEMS_20648 -Wall -ffunction-sections -Os -ffat-lto-objects -c .\Generated_Source\PSoC4\ADC.c -o .\CortexM0\ARM_GCC_493\Debug\ADC.o
arm-none-eabi-gcc.exe -mcpu=cortex-m0 -mthumb -Wno-main -I. -IGenerated_Source\PSoC4 -Wa,-alh=.\CortexM0\ARM_GCC_493\Debug/ADC_PM.lst -g -D DEBUG -D MEMS_20648 -Wall -ffunction-sections -Os -ffat-lto-objects -c .\Generated_Source\PSoC4\ADC_PM.c -o .\CortexM0\ARM_GCC_493\Debug\ADC_PM.o
arm-none-eabi-gcc.exe -mcpu=cortex-m0 -mthumb -Wno-main -I. -IGenerated_Source\PSoC4 -Wa,-alh=.\CortexM0\ARM_GCC_493\Debug/ADC_INT.lst -g -D DEBUG -D MEMS_20648 -Wall -ffunction-sections -Os -ffat-lto-objects -c .\Generated_Source\PSoC4\ADC_INT.c -o .\CortexM0\ARM_GCC_493\Debug\ADC_INT.o
arm-none-eabi-gcc.exe -mcpu=cortex-m0 -mthumb -Wno-main -I. -IGenerated_Source\PSoC4 -Wa,-alh=.\CortexM0\ARM_GCC_493\Debug/Disconnect_LED.lst -g -D DEBUG -D MEMS_20648 -Wall -ffunction-sections -Os -ffat-lto-objects -c .\Generated_Source\PSoC4\Disconnect_LED.c -o .\CortexM0\ARM_GCC_493\Debug\Disconnect_LED.o
arm-none-eabi-gcc.exe -mcpu=cortex-m0 -mthumb -Wno-main -I. -IGenerated_Source\PSoC4 -Wa,-alh=.\CortexM0\ARM_GCC_493\Debug/Disconnect_LED_PM.lst -g -D DEBUG -D MEMS_20648 -Wall -ffunction-sections -Os -ffat-lto-objects -c .\Generated_Source\PSoC4\Disconnect_LED_PM.c -o .\CortexM0\ARM_GCC_493\Debug\Disconnect_LED_PM.o
arm-none-eabi-gcc.exe -mcpu=cortex-m0 -mthumb -Wno-main -I. -IGenerated_Source\PSoC4 -Wa,-alh=.\CortexM0\ARM_GCC_493\Debug/SW2.lst -g -D DEBUG -D MEMS_20648 -Wall -ffunction-sections -Os -ffat-lto-objects -c .\Generated_Source\PSoC4\SW2.c -o .\CortexM0\ARM_GCC_493\Debug\SW2.o
arm-none-eabi-gcc.exe -mcpu=cortex-m0 -mthumb -Wno-main -I. -IGenerated_Source\PSoC4 -Wa,-alh=.\CortexM0\ARM_GCC_493\Debug/SW2_PM.lst -g -D DEBUG -D MEMS_20648 -Wall -ffunction-sections -Os -ffat-lto-objects -c .\Generated_Source\PSoC4\SW2_PM.c -o .\CortexM0\ARM_GCC_493\Debug\SW2_PM.o
arm-none-eabi-gcc.exe -mcpu=cortex-m0 -mthumb -Wno-main -I. -IGenerated_Source\PSoC4 -Wa,-alh=.\CortexM0\ARM_GCC_493\Debug/LowPower_LED.lst -g -D DEBUG -D MEMS_20648 -Wall -ffunction-sections -Os -ffat-lto-objects -c .\Generated_Source\PSoC4\LowPower_LED.c -o .\CortexM0\ARM_GCC_493\Debug\LowPower_LED.o
arm-none-eabi-gcc.exe -mcpu=cortex-m0 -mthumb -Wno-main -I. -IGenerated_Source\PSoC4 -Wa,-alh=.\CortexM0\ARM_GCC_493\Debug/LowPower_LED_PM.lst -g -D DEBUG -D MEMS_20648 -Wall -ffunction-sections -Os -ffat-lto-objects -c .\Generated_Source\PSoC4\LowPower_LED_PM.c -o .\CortexM0\ARM_GCC_493\Debug\LowPower_LED_PM.o
arm-none-eabi-gcc.exe -mcpu=cortex-m0 -mthumb -Wno-main -I. -IGenerated_Source\PSoC4 -Wa,-alh=.\CortexM0\ARM_GCC_493\Debug/Advertising_LED.lst -g -D DEBUG -D MEMS_20648 -Wall -ffunction-sections -Os -ffat-lto-objects -c .\Generated_Source\PSoC4\Advertising_LED.c -o .\CortexM0\ARM_GCC_493\Debug\Advertising_LED.o
arm-none-eabi-gcc.exe -mcpu=cortex-m0 -mthumb -Wno-main -I. -IGenerated_Source\PSoC4 -Wa,-alh=.\CortexM0\ARM_GCC_493\Debug/Advertising_LED_PM.lst -g -D DEBUG -D MEMS_20648 -Wall -ffunction-sections -Os -ffat-lto-objects -c .\Generated_Source\PSoC4\Advertising_LED_PM.c -o .\CortexM0\ARM_GCC_493\Debug\Advertising_LED_PM.o
arm-none-eabi-gcc.exe -mcpu=cortex-m0 -mthumb -Wno-main -I. -IGenerated_Source\PSoC4 -Wa,-alh=.\CortexM0\ARM_GCC_493\Debug/ADC_IRQ.lst -g -D DEBUG -D MEMS_20648 -Wall -ffunction-sections -Os -ffat-lto-objects -c .\Generated_Source\PSoC4\ADC_IRQ.c -o .\CortexM0\ARM_GCC_493\Debug\ADC_IRQ.o
arm-none-eabi-gcc.exe -mcpu=cortex-m0 -mthumb -Wno-main -I. -IGenerated_Source\PSoC4 -Wa,-alh=.\CortexM0\ARM_GCC_493\Debug/ADC_intClock.lst -g -D DEBUG -D MEMS_20648 -Wall -ffunction-sections -Os -ffat-lto-objects -c .\Generated_Source\PSoC4\ADC_intClock.c -o .\CortexM0\ARM_GCC_493\Debug\ADC_intClock.o
arm-none-eabi-gcc.exe -mcpu=cortex-m0 -mthumb -Wno-main -I. -IGenerated_Source\PSoC4 -Wa,-alh=.\CortexM0\ARM_GCC_493\Debug/Cm0Start.lst -g -D DEBUG -D MEMS_20648 -Wall -ffunction-sections -Os -ffat-lto-objects -c .\Generated_Source\PSoC4\Cm0Start.c -o .\CortexM0\ARM_GCC_493\Debug\Cm0Start.o
arm-none-eabi-as.exe -mcpu=cortex-m0 -mthumb -I. -IGenerated_Source\PSoC4 -alh=.\CortexM0\ARM_GCC_493\Debug/CyBootAsmGnu.lst -g -W -o .\CortexM0\ARM_GCC_493\Debug\CyBootAsmGnu.o .\Generated_Source\PSoC4\CyBootAsmGnu.s
arm-none-eabi-gcc.exe -mcpu=cortex-m0 -mthumb -Wno-main -I. -IGenerated_Source\PSoC4 -Wa,-alh=.\CortexM0\ARM_GCC_493\Debug/CyFlash.lst -g -D DEBUG -D MEMS_20648 -Wall -ffunction-sections -Os -ffat-lto-objects -c .\Generated_Source\PSoC4\CyFlash.c -o .\CortexM0\ARM_GCC_493\Debug\CyFlash.o
arm-none-eabi-gcc.exe -mcpu=cortex-m0 -mthumb -Wno-main -I. -IGenerated_Source\PSoC4 -Wa,-alh=.\CortexM0\ARM_GCC_493\Debug/CyLib.lst -g -D DEBUG -D MEMS_20648 -Wall -ffunction-sections -Os -ffat-lto-objects -c .\Generated_Source\PSoC4\CyLib.c -o .\CortexM0\ARM_GCC_493\Debug\CyLib.o
arm-none-eabi-gcc.exe -mcpu=cortex-m0 -mthumb -Wno-main -I. -IGenerated_Source\PSoC4 -Wa,-alh=.\CortexM0\ARM_GCC_493\Debug/cyPm.lst -g -D DEBUG -D MEMS_20648 -Wall -ffunction-sections -Os -ffat-lto-objects -c .\Generated_Source\PSoC4\cyPm.c -o .\CortexM0\ARM_GCC_493\Debug\cyPm.o
arm-none-eabi-gcc.exe -mcpu=cortex-m0 -mthumb -Wno-main -I. -IGenerated_Source\PSoC4 -Wa,-alh=.\CortexM0\ARM_GCC_493\Debug/cyutils.lst -g -D DEBUG -D MEMS_20648 -Wall -ffunction-sections -Os -ffat-lto-objects -c .\Generated_Source\PSoC4\cyutils.c -o .\CortexM0\ARM_GCC_493\Debug\cyutils.o
arm-none-eabi-gcc.exe -mcpu=cortex-m0 -mthumb -Wno-main -I. -IGenerated_Source\PSoC4 -Wa,-alh=.\CortexM0\ARM_GCC_493\Debug/CyLFClk.lst -g -D DEBUG -D MEMS_20648 -Wall -ffunction-sections -Os -ffat-lto-objects -c .\Generated_Source\PSoC4\CyLFClk.c -o .\CortexM0\ARM_GCC_493\Debug\CyLFClk.o
arm-none-eabi-gcc.exe -mcpu=cortex-m0 -mthumb -Wno-main -I. -IGenerated_Source\PSoC4 -Wa,-alh=.\CortexM0\ARM_GCC_493\Debug/VIN.lst -g -D DEBUG -D MEMS_20648 -Wall -ffunction-sections -Os -ffat-lto-objects -c .\Generated_Source\PSoC4\VIN.c -o .\CortexM0\ARM_GCC_493\Debug\VIN.o
arm-none-eabi-gcc.exe -mcpu=cortex-m0 -mthumb -Wno-main -I. -IGenerated_Source\PSoC4 -Wa,-alh=.\CortexM0\ARM_GCC_493\Debug/VIN_PM.lst -g -D DEBUG -D MEMS_20648 -Wall -ffunction-sections -Os -ffat-lto-objects -c .\Generated_Source\PSoC4\VIN_PM.c -o .\CortexM0\ARM_GCC_493\Debug\VIN_PM.o
arm-none-eabi-gcc.exe -mcpu=cortex-m0 -mthumb -Wno-main -I. -IGenerated_Source\PSoC4 -Wa,-alh=.\CortexM0\ARM_GCC_493\Debug/MOTOR.lst -g -D DEBUG -D MEMS_20648 -Wall -ffunction-sections -Os -ffat-lto-objects -c .\Generated_Source\PSoC4\MOTOR.c -o .\CortexM0\ARM_GCC_493\Debug\MOTOR.o
arm-none-eabi-gcc.exe -mcpu=cortex-m0 -mthumb -Wno-main -I. -IGenerated_Source\PSoC4 -Wa,-alh=.\CortexM0\ARM_GCC_493\Debug/MOTOR_PM.lst -g -D DEBUG -D MEMS_20648 -Wall -ffunction-sections -Os -ffat-lto-objects -c .\Generated_Source\PSoC4\MOTOR_PM.c -o .\CortexM0\ARM_GCC_493\Debug\MOTOR_PM.o
arm-none-eabi-gcc.exe -mcpu=cortex-m0 -mthumb -Wno-main -I. -IGenerated_Source\PSoC4 -Wa,-alh=.\CortexM0\ARM_GCC_493\Debug/MotorPWM.lst -g -D DEBUG -D MEMS_20648 -Wall -ffunction-sections -Os -ffat-lto-objects -c .\Generated_Source\PSoC4\MotorPWM.c -o .\CortexM0\ARM_GCC_493\Debug\MotorPWM.o
arm-none-eabi-gcc.exe -mcpu=cortex-m0 -mthumb -Wno-main -I. -IGenerated_Source\PSoC4 -Wa,-alh=.\CortexM0\ARM_GCC_493\Debug/MotorPWM_PM.lst -g -D DEBUG -D MEMS_20648 -Wall -ffunction-sections -Os -ffat-lto-objects -c .\Generated_Source\PSoC4\MotorPWM_PM.c -o .\CortexM0\ARM_GCC_493\Debug\MotorPWM_PM.o
arm-none-eabi-gcc.exe -mcpu=cortex-m0 -mthumb -Wno-main -I. -IGenerated_Source\PSoC4 -Wa,-alh=.\CortexM0\ARM_GCC_493\Debug/Clock_1.lst -g -D DEBUG -D MEMS_20648 -Wall -ffunction-sections -Os -ffat-lto-objects -c .\Generated_Source\PSoC4\Clock_1.c -o .\CortexM0\ARM_GCC_493\Debug\Clock_1.o
arm-none-eabi-gcc.exe -mcpu=cortex-m0 -mthumb -Wno-main -I. -IGenerated_Source\PSoC4 -Wa,-alh=.\CortexM0\ARM_GCC_493\Debug/Clock_5.lst -g -D DEBUG -D MEMS_20648 -Wall -ffunction-sections -Os -ffat-lto-objects -c .\Generated_Source\PSoC4\Clock_5.c -o .\CortexM0\ARM_GCC_493\Debug\Clock_5.o
arm-none-eabi-gcc.exe -mcpu=cortex-m0 -mthumb -Wno-main -I. -IGenerated_Source\PSoC4 -Wa,-alh=.\CortexM0\ARM_GCC_493\Debug/I2C.lst -g -D DEBUG -D MEMS_20648 -Wall -ffunction-sections -Os -ffat-lto-objects -c .\Generated_Source\PSoC4\I2C.c -o .\CortexM0\ARM_GCC_493\Debug\I2C.o
arm-none-eabi-gcc.exe -mcpu=cortex-m0 -mthumb -Wno-main -I. -IGenerated_Source\PSoC4 -Wa,-alh=.\CortexM0\ARM_GCC_493\Debug/I2C_I2C_INT.lst -g -D DEBUG -D MEMS_20648 -Wall -ffunction-sections -Os -ffat-lto-objects -c .\Generated_Source\PSoC4\I2C_I2C_INT.c -o .\CortexM0\ARM_GCC_493\Debug\I2C_I2C_INT.o
arm-none-eabi-gcc.exe -mcpu=cortex-m0 -mthumb -Wno-main -I. -IGenerated_Source\PSoC4 -Wa,-alh=.\CortexM0\ARM_GCC_493\Debug/I2C_I2C.lst -g -D DEBUG -D MEMS_20648 -Wall -ffunction-sections -Os -ffat-lto-objects -c .\Generated_Source\PSoC4\I2C_I2C.c -o .\CortexM0\ARM_GCC_493\Debug\I2C_I2C.o
arm-none-eabi-gcc.exe -mcpu=cortex-m0 -mthumb -Wno-main -I. -IGenerated_Source\PSoC4 -Wa,-alh=.\CortexM0\ARM_GCC_493\Debug/I2C_I2C_BOOT.lst -g -D DEBUG -D MEMS_20648 -Wall -ffunction-sections -Os -ffat-lto-objects -c .\Generated_Source\PSoC4\I2C_I2C_BOOT.c -o .\CortexM0\ARM_GCC_493\Debug\I2C_I2C_BOOT.o
arm-none-eabi-gcc.exe -mcpu=cortex-m0 -mthumb -Wno-main -I. -IGenerated_Source\PSoC4 -Wa,-alh=.\CortexM0\ARM_GCC_493\Debug/I2C_I2C_MASTER.lst -g -D DEBUG -D MEMS_20648 -Wall -ffunction-sections -Os -ffat-lto-objects -c .\Generated_Source\PSoC4\I2C_I2C_MASTER.c -o .\CortexM0\ARM_GCC_493\Debug\I2C_I2C_MASTER.o
arm-none-eabi-gcc.exe -mcpu=cortex-m0 -mthumb -Wno-main -I. -IGenerated_Source\PSoC4 -Wa,-alh=.\CortexM0\ARM_GCC_493\Debug/I2C_PM.lst -g -D DEBUG -D MEMS_20648 -Wall -ffunction-sections -Os -ffat-lto-objects -c .\Generated_Source\PSoC4\I2C_PM.c -o .\CortexM0\ARM_GCC_493\Debug\I2C_PM.o
arm-none-eabi-gcc.exe -mcpu=cortex-m0 -mthumb -Wno-main -I. -IGenerated_Source\PSoC4 -Wa,-alh=.\CortexM0\ARM_GCC_493\Debug/I2C_BOOT.lst -g -D DEBUG -D MEMS_20648 -Wall -ffunction-sections -Os -ffat-lto-objects -c .\Generated_Source\PSoC4\I2C_BOOT.c -o .\CortexM0\ARM_GCC_493\Debug\I2C_BOOT.o
arm-none-eabi-gcc.exe -mcpu=cortex-m0 -mthumb -Wno-main -I. -IGenerated_Source\PSoC4 -Wa,-alh=.\CortexM0\ARM_GCC_493\Debug/I2C_SCBCLK.lst -g -D DEBUG -D MEMS_20648 -Wall -ffunction-sections -Os -ffat-lto-objects -c .\Generated_Source\PSoC4\I2C_SCBCLK.c -o .\CortexM0\ARM_GCC_493\Debug\I2C_SCBCLK.o
arm-none-eabi-gcc.exe -mcpu=cortex-m0 -mthumb -Wno-main -I. -IGenerated_Source\PSoC4 -Wa,-alh=.\CortexM0\ARM_GCC_493\Debug/I2C_sda.lst -g -D DEBUG -D MEMS_20648 -Wall -ffunction-sections -Os -ffat-lto-objects -c .\Generated_Source\PSoC4\I2C_sda.c -o .\CortexM0\ARM_GCC_493\Debug\I2C_sda.o
arm-none-eabi-gcc.exe -mcpu=cortex-m0 -mthumb -Wno-main -I. -IGenerated_Source\PSoC4 -Wa,-alh=.\CortexM0\ARM_GCC_493\Debug/I2C_sda_PM.lst -g -D DEBUG -D MEMS_20648 -Wall -ffunction-sections -Os -ffat-lto-objects -c .\Generated_Source\PSoC4\I2C_sda_PM.c -o .\CortexM0\ARM_GCC_493\Debug\I2C_sda_PM.o
arm-none-eabi-gcc.exe -mcpu=cortex-m0 -mthumb -Wno-main -I. -IGenerated_Source\PSoC4 -Wa,-alh=.\CortexM0\ARM_GCC_493\Debug/I2C_scl.lst -g -D DEBUG -D MEMS_20648 -Wall -ffunction-sections -Os -ffat-lto-objects -c .\Generated_Source\PSoC4\I2C_scl.c -o .\CortexM0\ARM_GCC_493\Debug\I2C_scl.o
arm-none-eabi-gcc.exe -mcpu=cortex-m0 -mthumb -Wno-main -I. -IGenerated_Source\PSoC4 -Wa,-alh=.\CortexM0\ARM_GCC_493\Debug/I2C_scl_PM.lst -g -D DEBUG -D MEMS_20648 -Wall -ffunction-sections -Os -ffat-lto-objects -c .\Generated_Source\PSoC4\I2C_scl_PM.c -o .\CortexM0\ARM_GCC_493\Debug\I2C_scl_PM.o
arm-none-eabi-gcc.exe -mcpu=cortex-m0 -mthumb -Wno-main -I. -IGenerated_Source\PSoC4 -Wa,-alh=.\CortexM0\ARM_GCC_493\Debug/I2C_SCB_IRQ.lst -g -D DEBUG -D MEMS_20648 -Wall -ffunction-sections -Os -ffat-lto-objects -c .\Generated_Source\PSoC4\I2C_SCB_IRQ.c -o .\CortexM0\ARM_GCC_493\Debug\I2C_SCB_IRQ.o
arm-none-eabi-gcc.exe -mcpu=cortex-m0 -mthumb -Wno-main -I. -IGenerated_Source\PSoC4 -Wa,-alh=.\CortexM0\ARM_GCC_493\Debug/INVN_INT.lst -g -D DEBUG -D MEMS_20648 -Wall -ffunction-sections -Os -ffat-lto-objects -c .\Generated_Source\PSoC4\INVN_INT.c -o .\CortexM0\ARM_GCC_493\Debug\INVN_INT.o
arm-none-eabi-gcc.exe -mcpu=cortex-m0 -mthumb -Wno-main -I. -IGenerated_Source\PSoC4 -Wa,-alh=.\CortexM0\ARM_GCC_493\Debug/INVN_INT_PM.lst -g -D DEBUG -D MEMS_20648 -Wall -ffunction-sections -Os -ffat-lto-objects -c .\Generated_Source\PSoC4\INVN_INT_PM.c -o .\CortexM0\ARM_GCC_493\Debug\INVN_INT_PM.o
arm-none-eabi-gcc.exe -mcpu=cortex-m0 -mthumb -Wno-main -I. -IGenerated_Source\PSoC4 -Wa,-alh=.\CortexM0\ARM_GCC_493\Debug/isr_INVN_INT.lst -g -D DEBUG -D MEMS_20648 -Wall -ffunction-sections -Os -ffat-lto-objects -c .\Generated_Source\PSoC4\isr_INVN_INT.c -o .\CortexM0\ARM_GCC_493\Debug\isr_INVN_INT.o
arm-none-eabi-gcc.exe -mcpu=cortex-m0 -mthumb -Wno-main -I. -IGenerated_Source\PSoC4 -Wa,-alh=.\CortexM0\ARM_GCC_493\Debug/Timer1ms.lst -g -D DEBUG -D MEMS_20648 -Wall -ffunction-sections -Os -ffat-lto-objects -c .\Generated_Source\PSoC4\Timer1ms.c -o .\CortexM0\ARM_GCC_493\Debug\Timer1ms.o
arm-none-eabi-gcc.exe -mcpu=cortex-m0 -mthumb -Wno-main -I. -IGenerated_Source\PSoC4 -Wa,-alh=.\CortexM0\ARM_GCC_493\Debug/Timer1ms_PM.lst -g -D DEBUG -D MEMS_20648 -Wall -ffunction-sections -Os -ffat-lto-objects -c .\Generated_Source\PSoC4\Timer1ms_PM.c -o .\CortexM0\ARM_GCC_493\Debug\Timer1ms_PM.o
arm-none-eabi-gcc.exe -mcpu=cortex-m0 -mthumb -Wno-main -I. -IGenerated_Source\PSoC4 -Wa,-alh=.\CortexM0\ARM_GCC_493\Debug/isr_Timer1ms.lst -g -D DEBUG -D MEMS_20648 -Wall -ffunction-sections -Os -ffat-lto-objects -c .\Generated_Source\PSoC4\isr_Timer1ms.c -o .\CortexM0\ARM_GCC_493\Debug\isr_Timer1ms.o
arm-none-eabi-gcc.exe -mcpu=cortex-m0 -mthumb -Wno-main -I. -IGenerated_Source\PSoC4 -Wa,-alh=.\CortexM0\ARM_GCC_493\Debug/cybootloader.lst -g -D DEBUG -D MEMS_20648 -Wall -ffunction-sections -Os -ffat-lto-objects -c .\Generated_Source\PSoC4\cybootloader.c -o .\CortexM0\ARM_GCC_493\Debug\cybootloader.o
arm-none-eabi-gcc.exe -mcpu=cortex-m0 -mthumb -Wno-main -I. -IGenerated_Source\PSoC4 -Wa,-alh=.\CortexM0\ARM_GCC_493\Debug/Bootloadable.lst -g -D DEBUG -D MEMS_20648 -Wall -ffunction-sections -Os -ffat-lto-objects -c .\Generated_Source\PSoC4\Bootloadable.c -o .\CortexM0\ARM_GCC_493\Debug\Bootloadable.o
arm-none-eabi-ar.exe -rs .\CortexM0\ARM_GCC_493\Debug\BackBone_Bootloadable.a .\CortexM0\ARM_GCC_493\Debug\cyfitter_cfg.o .\CortexM0\ARM_GCC_493\Debug\ADC.o .\CortexM0\ARM_GCC_493\Debug\ADC_PM.o .\CortexM0\ARM_GCC_493\Debug\ADC_INT.o .\CortexM0\ARM_GCC_493\Debug\Disconnect_LED.o .\CortexM0\ARM_GCC_493\Debug\Disconnect_LED_PM.o .\CortexM0\ARM_GCC_493\Debug\SW2.o .\CortexM0\ARM_GCC_493\Debug\SW2_PM.o .\CortexM0\ARM_GCC_493\Debug\LowPower_LED.o .\CortexM0\ARM_GCC_493\Debug\LowPower_LED_PM.o .\CortexM0\ARM_GCC_493\Debug\Advertising_LED.o .\CortexM0\ARM_GCC_493\Debug\Advertising_LED_PM.o .\CortexM0\ARM_GCC_493\Debug\ADC_IRQ.o .\CortexM0\ARM_GCC_493\Debug\ADC_intClock.o .\CortexM0\ARM_GCC_493\Debug\CyBootAsmGnu.o .\CortexM0\ARM_GCC_493\Debug\CyFlash.o .\CortexM0\ARM_GCC_493\Debug\CyLib.o .\CortexM0\ARM_GCC_493\Debug\cyPm.o .\CortexM0\ARM_GCC_493\Debug\cyutils.o .\CortexM0\ARM_GCC_493\Debug\CyLFClk.o .\CortexM0\ARM_GCC_493\Debug\VIN.o .\CortexM0\ARM_GCC_493\Debug\VIN_PM.o .\CortexM0\ARM_GCC_493\Debug\MOTOR.o .\CortexM0\ARM_GCC_493\Debug\MOTOR_PM.o .\CortexM0\ARM_GCC_493\Debug\MotorPWM.o .\CortexM0\ARM_GCC_493\Debug\MotorPWM_PM.o .\CortexM0\ARM_GCC_493\Debug\Clock_1.o .\CortexM0\ARM_GCC_493\Debug\Clock_5.o .\CortexM0\ARM_GCC_493\Debug\I2C.o .\CortexM0\ARM_GCC_493\Debug\I2C_I2C_INT.o .\CortexM0\ARM_GCC_493\Debug\I2C_I2C.o .\CortexM0\ARM_GCC_493\Debug\I2C_I2C_BOOT.o .\CortexM0\ARM_GCC_493\Debug\I2C_I2C_MASTER.o .\CortexM0\ARM_GCC_493\Debug\I2C_PM.o .\CortexM0\ARM_GCC_493\Debug\I2C_BOOT.o .\CortexM0\ARM_GCC_493\Debug\I2C_SCBCLK.o .\CortexM0\ARM_GCC_493\Debug\I2C_sda.o .\CortexM0\ARM_GCC_493\Debug\I2C_sda_PM.o .\CortexM0\ARM_GCC_493\Debug\I2C_scl.o .\CortexM0\ARM_GCC_493\Debug\I2C_scl_PM.o .\CortexM0\ARM_GCC_493\Debug\I2C_SCB_IRQ.o .\CortexM0\ARM_GCC_493\Debug\INVN_INT.o .\CortexM0\ARM_GCC_493\Debug\INVN_INT_PM.o .\CortexM0\ARM_GCC_493\Debug\isr_INVN_INT.o .\CortexM0\ARM_GCC_493\Debug\Timer1ms.o .\CortexM0\ARM_GCC_493\Debug\Timer1ms_PM.o .\CortexM0\ARM_GCC_493\Debug\isr_Timer1ms.o .\CortexM0\ARM_GCC_493\Debug\Bootloadable.o
arm-none-eabi-ar.exe: creating .\CortexM0\ARM_GCC_493\Debug\BackBone_Bootloadable.a
arm-none-eabi-gcc.exe -Wl,--start-group -o .\CortexM0\ARM_GCC_493\Debug\BackBone_Bootloadable.elf .\CortexM0\ARM_GCC_493\Debug\main.o .\CortexM0\ARM_GCC_493\Debug\bas.o .\CortexM0\ARM_GCC_493\Debug\debug.o .\CortexM0\ARM_GCC_493\Debug\i2c_comm.o .\CortexM0\ARM_GCC_493\Debug\inv.o .\CortexM0\ARM_GCC_493\Debug\timeout.o .\CortexM0\ARM_GCC_493\Debug\BLEApplications.o .\CortexM0\ARM_GCC_493\Debug\BackBone.o .\CortexM0\ARM_GCC_493\Debug\OTAMandatory.o .\CortexM0\ARM_GCC_493\Debug\inv_mems_drv_hook.o .\CortexM0\ARM_GCC_493\Debug\inv_mems_interface_mapping.o .\CortexM0\ARM_GCC_493\Debug\dmp3Default_20608D.o .\CortexM0\ARM_GCC_493\Debug\dmp3Default_20648.o .\CortexM0\ARM_GCC_493\Debug\inv_mems_augmented_sensors.o .\CortexM0\ARM_GCC_493\Debug\inv_mems_base_control.o .\CortexM0\ARM_GCC_493\Debug\inv_mems_base_control_20609.o .\CortexM0\ARM_GCC_493\Debug\inv_mems_base_driver.o .\CortexM0\ARM_GCC_493\Debug\inv_mems_base_driver_20609.o .\CortexM0\ARM_GCC_493\Debug\inv_mems_data_converter.o .\CortexM0\ARM_GCC_493\Debug\inv_mems_load_firmware.o .\CortexM0\ARM_GCC_493\Debug\inv_mems_mpu_fifo_control.o .\CortexM0\ARM_GCC_493\Debug\inv_mems_mpu_selftest.o .\CortexM0\ARM_GCC_493\Debug\inv_mems_secondary_transport.o .\CortexM0\ARM_GCC_493\Debug\inv_mems_slave_compass.o .\CortexM0\ARM_GCC_493\Debug\inv_mems_slave_pressure.o .\CortexM0\ARM_GCC_493\Debug\inv_mems_transport.o .\CortexM0\ARM_GCC_493\Debug\ml_math_func.o .\CortexM0\ARM_GCC_493\Debug\mlmath.o .\CortexM0\ARM_GCC_493\Debug\cymetadata.o .\CortexM0\ARM_GCC_493\Debug\Cm0Start.o .\CortexM0\ARM_GCC_493\Debug\cybootloader.o .\CortexM0\ARM_GCC_493\Debug\BackBone_Bootloadable.a "C:\Program Files (x86)\Cypress\PSoC Creator\3.3\PSoC Creator\psoc\content\cycomponentlibrary\CyComponentLibrary.cylib\CortexM0\ARM_GCC_493\Debug\CyComponentLibrary.a" -mcpu=cortex-m0 -mthumb -g -ffunction-sections -Os -ffat-lto-objects -L Generated_Source\PSoC4 -L .\LinkerScripts -Wl,-Map,.\CortexM0\ARM_GCC_493\Debug/BackBone_Bootloadable.map -T .\LinkerScripts\cm0gcc.ld -specs=nano.specs -Wl,--gc-sections -Wl,--end-group
cyelftool.exe -B "C:\Users\Administrator\Desktop\Temp\BackBone.cywrk.Archive_modified\BackBone.cywrk.Archive 09302016\BackBone\BackBone_Bootloadable.cydsn\CortexM0\ARM_GCC_493\Debug\BackBone_Bootloadable.elf" --flash_row_size 256 --flash_size 262144 --flash_array_size 131072
cyelftool.exe -S "C:\Users\Administrator\Desktop\Temp\BackBone.cywrk.Archive_modified\BackBone.cywrk.Archive 09302016\BackBone\BackBone_Bootloadable.cydsn\CortexM0\ARM_GCC_493\Debug\BackBone_Bootloadable.elf"
Flash used: 133120 of 262144 bytes (50.8 %). Bootloader: 91904 bytes. Application: 40960 bytes. Metadata: 256 bytes.
SRAM used: 15504 of 32768 bytes (47.3 %). Stack: 2048 bytes. Heap: 1024 bytes.
--------------- Rebuild Succeeded: 10/04/2016 11:26:54 ---------------
