ARM GAS  C:\Users\ADMINI~1\AppData\Local\Temp\cc9LrWxG.s 			page 1


   1              		.cpu cortex-m0
   2              		.fpu softvfp
   3              		.eabi_attribute 20, 1
   4              		.eabi_attribute 21, 1
   5              		.eabi_attribute 23, 3
   6              		.eabi_attribute 24, 1
   7              		.eabi_attribute 25, 1
   8              		.eabi_attribute 26, 1
   9              		.eabi_attribute 30, 4
  10              		.eabi_attribute 34, 0
  11              		.eabi_attribute 18, 4
  12              		.code	16
  13              		.file	"timeout.c"
  14              		.text
  15              	.Ltext0:
  16              		.cfi_sections	.debug_frame
  17              		.section	.text.Timer1ms_ISR,"ax",%progbits
  18              		.align	1
  19              		.global	Timer1ms_ISR
  20              		.code	16
  21              		.thumb_func
  22              		.type	Timer1ms_ISR, %function
  23              	Timer1ms_ISR:
  24              	.LFB37:
  25              		.file 1 ".\\timeout.c"
   1:.\timeout.c   **** /* ========================================
   2:.\timeout.c   ****  *
   3:.\timeout.c   ****  * Copyright YOUR COMPANY, THE YEAR
   4:.\timeout.c   ****  * All Rights Reserved
   5:.\timeout.c   ****  * UNPUBLISHED, LICENSED SOFTWARE.
   6:.\timeout.c   ****  *
   7:.\timeout.c   ****  * CONFIDENTIAL AND PROPRIETARY INFORMATION
   8:.\timeout.c   ****  * WHICH IS THE PROPERTY OF your company.
   9:.\timeout.c   ****  *
  10:.\timeout.c   ****  * ========================================
  11:.\timeout.c   **** */
  12:.\timeout.c   **** #include <project.h>
  13:.\timeout.c   **** #include <timeout.h>
  14:.\timeout.c   **** 
  15:.\timeout.c   **** uint8 TimeoutEnableFlags = 0;
  16:.\timeout.c   **** uint8 TimeoutErrorFlags = 0;
  17:.\timeout.c   **** 
  18:.\timeout.c   **** uint8 I2CTimeoutCounter = 0;
  19:.\timeout.c   **** 
  20:.\timeout.c   **** CY_ISR(Timer1ms_ISR)
  21:.\timeout.c   **** {
  26              		.loc 1 21 0
  27              		.cfi_startproc
  22:.\timeout.c   **** 
  23:.\timeout.c   **** }
  28              		.loc 1 23 0
  29              		@ sp needed
  30 0000 7047     		bx	lr
  31              		.cfi_endproc
  32              	.LFE37:
  33              		.size	Timer1ms_ISR, .-Timer1ms_ISR
  34              		.section	.text.Timeout_Start,"ax",%progbits
ARM GAS  C:\Users\ADMINI~1\AppData\Local\Temp\cc9LrWxG.s 			page 2


  35              		.align	1
  36              		.global	Timeout_Start
  37              		.code	16
  38              		.thumb_func
  39              		.type	Timeout_Start, %function
  40              	Timeout_Start:
  41              	.LFB38:
  24:.\timeout.c   **** 
  25:.\timeout.c   **** /****************************************************************************** 
  26:.\timeout.c   **** * Function Name: Timeout_Start
  27:.\timeout.c   **** *******************************************************************************
  28:.\timeout.c   **** *
  29:.\timeout.c   **** * Summary:
  30:.\timeout.c   **** *  This function initializes the Timeout mechanism
  31:.\timeout.c   **** *  
  32:.\timeout.c   **** *
  33:.\timeout.c   **** * Parameters:  
  34:.\timeout.c   **** *  Timeout - Timeout in ms
  35:.\timeout.c   **** *
  36:.\timeout.c   **** * Return: 
  37:.\timeout.c   **** *  void
  38:.\timeout.c   **** *
  39:.\timeout.c   **** *******************************************************************************/
  40:.\timeout.c   **** void Timeout_Start(void)
  41:.\timeout.c   **** {
  42              		.loc 1 41 0
  43              		.cfi_startproc
  44 0000 08B5     		push	{r3, lr}
  45              		.cfi_def_cfa_offset 8
  46              		.cfi_offset 3, -8
  47              		.cfi_offset 14, -4
  42:.\timeout.c   **** 	Timer1ms_Start();
  48              		.loc 1 42 0
  49 0002 FFF7FEFF 		bl	Timer1ms_Start
  50              	.LVL0:
  43:.\timeout.c   **** 	isr_Timer1ms_Start();
  44:.\timeout.c   **** }
  51              		.loc 1 44 0
  52              		@ sp needed
  43:.\timeout.c   **** 	isr_Timer1ms_Start();
  53              		.loc 1 43 0
  54 0006 FFF7FEFF 		bl	isr_Timer1ms_Start
  55              	.LVL1:
  56              		.loc 1 44 0
  57 000a 08BD     		pop	{r3, pc}
  58              		.cfi_endproc
  59              	.LFE38:
  60              		.size	Timeout_Start, .-Timeout_Start
  61              		.section	.text.Timeout_Stop,"ax",%progbits
  62              		.align	1
  63              		.global	Timeout_Stop
  64              		.code	16
  65              		.thumb_func
  66              		.type	Timeout_Stop, %function
  67              	Timeout_Stop:
  68              	.LFB39:
  45:.\timeout.c   **** 
ARM GAS  C:\Users\ADMINI~1\AppData\Local\Temp\cc9LrWxG.s 			page 3


  46:.\timeout.c   **** /****************************************************************************** 
  47:.\timeout.c   **** * Function Name: Timeout_Stop
  48:.\timeout.c   **** *******************************************************************************
  49:.\timeout.c   **** *
  50:.\timeout.c   **** * Summary:
  51:.\timeout.c   **** *  This function stops the timeout mechanism
  52:.\timeout.c   **** *  
  53:.\timeout.c   **** *
  54:.\timeout.c   **** * Parameters:  
  55:.\timeout.c   **** *  void
  56:.\timeout.c   **** *
  57:.\timeout.c   **** * Return: 
  58:.\timeout.c   **** *  void
  59:.\timeout.c   **** *
  60:.\timeout.c   **** *******************************************************************************/
  61:.\timeout.c   **** void Timeout_Stop(void)
  62:.\timeout.c   **** {
  69              		.loc 1 62 0
  70              		.cfi_startproc
  71 0000 08B5     		push	{r3, lr}
  72              		.cfi_def_cfa_offset 8
  73              		.cfi_offset 3, -8
  74              		.cfi_offset 14, -4
  63:.\timeout.c   **** 	Timer1ms_Stop();
  75              		.loc 1 63 0
  76 0002 FFF7FEFF 		bl	Timer1ms_Stop
  77              	.LVL2:
  64:.\timeout.c   **** 	isr_Timer1ms_Stop();
  65:.\timeout.c   **** }
  78              		.loc 1 65 0
  79              		@ sp needed
  64:.\timeout.c   **** 	isr_Timer1ms_Stop();
  80              		.loc 1 64 0
  81 0006 FFF7FEFF 		bl	isr_Timer1ms_Stop
  82              	.LVL3:
  83              		.loc 1 65 0
  84 000a 08BD     		pop	{r3, pc}
  85              		.cfi_endproc
  86              	.LFE39:
  87              		.size	Timeout_Stop, .-Timeout_Stop
  88              		.section	.text.I2CCommTimeout_Enable,"ax",%progbits
  89              		.align	1
  90              		.global	I2CCommTimeout_Enable
  91              		.code	16
  92              		.thumb_func
  93              		.type	I2CCommTimeout_Enable, %function
  94              	I2CCommTimeout_Enable:
  95              	.LFB40:
  66:.\timeout.c   **** 
  67:.\timeout.c   **** 
  68:.\timeout.c   **** /****************************************************************************** 
  69:.\timeout.c   **** * Function Name: I2CCommTimeout_Enable
  70:.\timeout.c   **** *******************************************************************************
  71:.\timeout.c   **** *
  72:.\timeout.c   **** * Summary:
  73:.\timeout.c   **** *  Enables the timeout for the I2C communication
  74:.\timeout.c   **** *  
ARM GAS  C:\Users\ADMINI~1\AppData\Local\Temp\cc9LrWxG.s 			page 4


  75:.\timeout.c   **** *
  76:.\timeout.c   **** * Parameters:  
  77:.\timeout.c   **** *  Timeout - 8 bit timeout value in ms
  78:.\timeout.c   **** *
  79:.\timeout.c   **** * Return: 
  80:.\timeout.c   **** *  void
  81:.\timeout.c   **** *
  82:.\timeout.c   **** *******************************************************************************/
  83:.\timeout.c   **** void I2CCommTimeout_Enable(uint8 Timeout)
  84:.\timeout.c   **** {
  96              		.loc 1 84 0
  97              		.cfi_startproc
  98              	.LVL4:
  85:.\timeout.c   **** 	TimeoutEnableFlags |= I2C_TIMEOUT;
  99              		.loc 1 85 0
 100 0000 0121     		mov	r1, #1
 101 0002 034B     		ldr	r3, .L5
  86:.\timeout.c   **** 	I2CTimeoutCounter = Timeout;
  87:.\timeout.c   **** }
 102              		.loc 1 87 0
 103              		@ sp needed
  85:.\timeout.c   **** 	TimeoutEnableFlags |= I2C_TIMEOUT;
 104              		.loc 1 85 0
 105 0004 1A78     		ldrb	r2, [r3]
  86:.\timeout.c   **** 	I2CTimeoutCounter = Timeout;
 106              		.loc 1 86 0
 107 0006 5870     		strb	r0, [r3, #1]
  85:.\timeout.c   **** 	TimeoutEnableFlags |= I2C_TIMEOUT;
 108              		.loc 1 85 0
 109 0008 0A43     		orr	r2, r1
 110 000a 1A70     		strb	r2, [r3]
 111              		.loc 1 87 0
 112 000c 7047     		bx	lr
 113              	.L6:
 114 000e C046     		.align	2
 115              	.L5:
 116 0010 00000000 		.word	.LANCHOR0
 117              		.cfi_endproc
 118              	.LFE40:
 119              		.size	I2CCommTimeout_Enable, .-I2CCommTimeout_Enable
 120              		.section	.text.I2CCommTimeout_Disable,"ax",%progbits
 121              		.align	1
 122              		.global	I2CCommTimeout_Disable
 123              		.code	16
 124              		.thumb_func
 125              		.type	I2CCommTimeout_Disable, %function
 126              	I2CCommTimeout_Disable:
 127              	.LFB41:
  88:.\timeout.c   **** 
  89:.\timeout.c   **** /****************************************************************************** 
  90:.\timeout.c   **** * Function Name: I2CCommTimeout_Disable
  91:.\timeout.c   **** *******************************************************************************
  92:.\timeout.c   **** *
  93:.\timeout.c   **** * Summary:
  94:.\timeout.c   **** *  This function disables the timeout for the I2C communication
  95:.\timeout.c   **** *  
  96:.\timeout.c   **** *
ARM GAS  C:\Users\ADMINI~1\AppData\Local\Temp\cc9LrWxG.s 			page 5


  97:.\timeout.c   **** * Parameters:  
  98:.\timeout.c   **** *  void
  99:.\timeout.c   **** *
 100:.\timeout.c   **** * Return: 
 101:.\timeout.c   **** *  void
 102:.\timeout.c   **** *
 103:.\timeout.c   **** *******************************************************************************/
 104:.\timeout.c   **** void I2CCommTimeout_Disable(void)
 105:.\timeout.c   **** {
 128              		.loc 1 105 0
 129              		.cfi_startproc
 106:.\timeout.c   **** 	TimeoutEnableFlags &= ~I2C_TIMEOUT;
 130              		.loc 1 106 0
 131 0000 0121     		mov	r1, #1
 132 0002 024A     		ldr	r2, .L8
 107:.\timeout.c   **** }
 133              		.loc 1 107 0
 134              		@ sp needed
 106:.\timeout.c   **** 	TimeoutEnableFlags &= ~I2C_TIMEOUT;
 135              		.loc 1 106 0
 136 0004 1378     		ldrb	r3, [r2]
 137 0006 8B43     		bic	r3, r1
 138 0008 1370     		strb	r3, [r2]
 139              		.loc 1 107 0
 140 000a 7047     		bx	lr
 141              	.L9:
 142              		.align	2
 143              	.L8:
 144 000c 00000000 		.word	.LANCHOR0
 145              		.cfi_endproc
 146              	.LFE41:
 147              		.size	I2CCommTimeout_Disable, .-I2CCommTimeout_Disable
 148              		.section	.text.I2CCommTimeout_ClearFlag,"ax",%progbits
 149              		.align	1
 150              		.global	I2CCommTimeout_ClearFlag
 151              		.code	16
 152              		.thumb_func
 153              		.type	I2CCommTimeout_ClearFlag, %function
 154              	I2CCommTimeout_ClearFlag:
 155              	.LFB42:
 108:.\timeout.c   **** 
 109:.\timeout.c   **** /****************************************************************************** 
 110:.\timeout.c   **** * Function Name: I2CCommTimeout_ClearFlag
 111:.\timeout.c   **** *******************************************************************************
 112:.\timeout.c   **** *
 113:.\timeout.c   **** * Summary:
 114:.\timeout.c   **** *  This function clears the I2C timeout error flag
 115:.\timeout.c   **** *  
 116:.\timeout.c   **** *
 117:.\timeout.c   **** * Parameters:  
 118:.\timeout.c   **** *  void
 119:.\timeout.c   **** *
 120:.\timeout.c   **** * Return: 
 121:.\timeout.c   **** *  void
 122:.\timeout.c   **** *
 123:.\timeout.c   **** *******************************************************************************/
 124:.\timeout.c   **** void I2CCommTimeout_ClearFlag(void)
ARM GAS  C:\Users\ADMINI~1\AppData\Local\Temp\cc9LrWxG.s 			page 6


 125:.\timeout.c   **** {
 156              		.loc 1 125 0
 157              		.cfi_startproc
 126:.\timeout.c   **** 	TimeoutErrorFlags &= ~I2C_TIMEOUT;
 158              		.loc 1 126 0
 159 0000 0121     		mov	r1, #1
 160 0002 024A     		ldr	r2, .L11
 127:.\timeout.c   **** }
 161              		.loc 1 127 0
 162              		@ sp needed
 126:.\timeout.c   **** 	TimeoutErrorFlags &= ~I2C_TIMEOUT;
 163              		.loc 1 126 0
 164 0004 9378     		ldrb	r3, [r2, #2]
 165 0006 8B43     		bic	r3, r1
 166 0008 9370     		strb	r3, [r2, #2]
 167              		.loc 1 127 0
 168 000a 7047     		bx	lr
 169              	.L12:
 170              		.align	2
 171              	.L11:
 172 000c 00000000 		.word	.LANCHOR0
 173              		.cfi_endproc
 174              	.LFE42:
 175              		.size	I2CCommTimeout_ClearFlag, .-I2CCommTimeout_ClearFlag
 176              		.global	I2CTimeoutCounter
 177              		.global	TimeoutErrorFlags
 178              		.global	TimeoutEnableFlags
 179              		.bss
 180              		.set	.LANCHOR0,. + 0
 181              		.type	TimeoutEnableFlags, %object
 182              		.size	TimeoutEnableFlags, 1
 183              	TimeoutEnableFlags:
 184 0000 00       		.space	1
 185              		.type	I2CTimeoutCounter, %object
 186              		.size	I2CTimeoutCounter, 1
 187              	I2CTimeoutCounter:
 188 0001 00       		.space	1
 189              		.type	TimeoutErrorFlags, %object
 190              		.size	TimeoutErrorFlags, 1
 191              	TimeoutErrorFlags:
 192 0002 00       		.space	1
 193              		.text
 194              	.Letext0:
 195              		.file 2 "Generated_Source\\PSoC4/Timer1ms.h"
 196              		.file 3 "Generated_Source\\PSoC4/isr_Timer1ms.h"
 197              		.file 4 "Generated_Source\\PSoC4/cytypes.h"
 198              		.section	.debug_info,"",%progbits
 199              	.Ldebug_info0:
 200 0000 87010000 		.4byte	0x187
 201 0004 0400     		.2byte	0x4
 202 0006 00000000 		.4byte	.Ldebug_abbrev0
 203 000a 04       		.byte	0x4
 204 000b 01       		.uleb128 0x1
 205 000c 00000000 		.4byte	.LASF26
 206 0010 01       		.byte	0x1
 207 0011 75020000 		.4byte	.LASF27
 208 0015 F3010000 		.4byte	.LASF28
ARM GAS  C:\Users\ADMINI~1\AppData\Local\Temp\cc9LrWxG.s 			page 7


 209 0019 00000000 		.4byte	.Ldebug_ranges0+0
 210 001d 00000000 		.4byte	0
 211 0021 00000000 		.4byte	.Ldebug_line0
 212 0025 02       		.uleb128 0x2
 213 0026 01       		.byte	0x1
 214 0027 06       		.byte	0x6
 215 0028 69020000 		.4byte	.LASF0
 216 002c 02       		.uleb128 0x2
 217 002d 01       		.byte	0x1
 218 002e 08       		.byte	0x8
 219 002f EC000000 		.4byte	.LASF1
 220 0033 02       		.uleb128 0x2
 221 0034 02       		.byte	0x2
 222 0035 05       		.byte	0x5
 223 0036 D2010000 		.4byte	.LASF2
 224 003a 02       		.uleb128 0x2
 225 003b 02       		.byte	0x2
 226 003c 07       		.byte	0x7
 227 003d A0000000 		.4byte	.LASF3
 228 0041 02       		.uleb128 0x2
 229 0042 04       		.byte	0x4
 230 0043 05       		.byte	0x5
 231 0044 4E020000 		.4byte	.LASF4
 232 0048 02       		.uleb128 0x2
 233 0049 04       		.byte	0x4
 234 004a 07       		.byte	0x7
 235 004b 4D010000 		.4byte	.LASF5
 236 004f 02       		.uleb128 0x2
 237 0050 08       		.byte	0x8
 238 0051 05       		.byte	0x5
 239 0052 9A010000 		.4byte	.LASF6
 240 0056 02       		.uleb128 0x2
 241 0057 08       		.byte	0x8
 242 0058 07       		.byte	0x7
 243 0059 6C010000 		.4byte	.LASF7
 244 005d 03       		.uleb128 0x3
 245 005e 04       		.byte	0x4
 246 005f 05       		.byte	0x5
 247 0060 696E7400 		.ascii	"int\000"
 248 0064 02       		.uleb128 0x2
 249 0065 04       		.byte	0x4
 250 0066 07       		.byte	0x7
 251 0067 5F010000 		.4byte	.LASF8
 252 006b 04       		.uleb128 0x4
 253 006c 07010000 		.4byte	.LASF29
 254 0070 04       		.byte	0x4
 255 0071 9801     		.2byte	0x198
 256 0073 2C000000 		.4byte	0x2c
 257 0077 02       		.uleb128 0x2
 258 0078 04       		.byte	0x4
 259 0079 04       		.byte	0x4
 260 007a C1000000 		.4byte	.LASF9
 261 007e 02       		.uleb128 0x2
 262 007f 08       		.byte	0x8
 263 0080 04       		.byte	0x4
 264 0081 20010000 		.4byte	.LASF10
 265 0085 02       		.uleb128 0x2
ARM GAS  C:\Users\ADMINI~1\AppData\Local\Temp\cc9LrWxG.s 			page 8


 266 0086 01       		.byte	0x1
 267 0087 08       		.byte	0x8
 268 0088 A8010000 		.4byte	.LASF11
 269 008c 02       		.uleb128 0x2
 270 008d 04       		.byte	0x4
 271 008e 07       		.byte	0x7
 272 008f 91010000 		.4byte	.LASF12
 273 0093 05       		.uleb128 0x5
 274 0094 FA000000 		.4byte	.LASF16
 275 0098 01       		.byte	0x1
 276 0099 14       		.byte	0x14
 277 009a 00000000 		.4byte	.LFB37
 278 009e 02000000 		.4byte	.LFE37-.LFB37
 279 00a2 01       		.uleb128 0x1
 280 00a3 9C       		.byte	0x9c
 281 00a4 06       		.uleb128 0x6
 282 00a5 B3000000 		.4byte	.LASF13
 283 00a9 01       		.byte	0x1
 284 00aa 28       		.byte	0x28
 285 00ab 00000000 		.4byte	.LFB38
 286 00af 0C000000 		.4byte	.LFE38-.LFB38
 287 00b3 01       		.uleb128 0x1
 288 00b4 9C       		.byte	0x9c
 289 00b5 CC000000 		.4byte	0xcc
 290 00b9 07       		.uleb128 0x7
 291 00ba 06000000 		.4byte	.LVL0
 292 00be 6C010000 		.4byte	0x16c
 293 00c2 07       		.uleb128 0x7
 294 00c3 0A000000 		.4byte	.LVL1
 295 00c7 74010000 		.4byte	0x174
 296 00cb 00       		.byte	0
 297 00cc 06       		.uleb128 0x6
 298 00cd 27010000 		.4byte	.LASF14
 299 00d1 01       		.byte	0x1
 300 00d2 3D       		.byte	0x3d
 301 00d3 00000000 		.4byte	.LFB39
 302 00d7 0C000000 		.4byte	.LFE39-.LFB39
 303 00db 01       		.uleb128 0x1
 304 00dc 9C       		.byte	0x9c
 305 00dd F4000000 		.4byte	0xf4
 306 00e1 07       		.uleb128 0x7
 307 00e2 06000000 		.4byte	.LVL2
 308 00e6 7B010000 		.4byte	0x17b
 309 00ea 07       		.uleb128 0x7
 310 00eb 0A000000 		.4byte	.LVL3
 311 00ef 83010000 		.4byte	0x183
 312 00f3 00       		.byte	0
 313 00f4 06       		.uleb128 0x6
 314 00f5 BC010000 		.4byte	.LASF15
 315 00f9 01       		.byte	0x1
 316 00fa 53       		.byte	0x53
 317 00fb 00000000 		.4byte	.LFB40
 318 00ff 14000000 		.4byte	.LFE40-.LFB40
 319 0103 01       		.uleb128 0x1
 320 0104 9C       		.byte	0x9c
 321 0105 17010000 		.4byte	0x117
 322 0109 08       		.uleb128 0x8
ARM GAS  C:\Users\ADMINI~1\AppData\Local\Temp\cc9LrWxG.s 			page 9


 323 010a 81020000 		.4byte	.LASF30
 324 010e 01       		.byte	0x1
 325 010f 53       		.byte	0x53
 326 0110 6B000000 		.4byte	0x6b
 327 0114 01       		.uleb128 0x1
 328 0115 50       		.byte	0x50
 329 0116 00       		.byte	0
 330 0117 05       		.uleb128 0x5
 331 0118 DC010000 		.4byte	.LASF17
 332 011c 01       		.byte	0x1
 333 011d 68       		.byte	0x68
 334 011e 00000000 		.4byte	.LFB41
 335 0122 10000000 		.4byte	.LFE41-.LFB41
 336 0126 01       		.uleb128 0x1
 337 0127 9C       		.byte	0x9c
 338 0128 05       		.uleb128 0x5
 339 0129 34010000 		.4byte	.LASF18
 340 012d 01       		.byte	0x1
 341 012e 7C       		.byte	0x7c
 342 012f 00000000 		.4byte	.LFB42
 343 0133 10000000 		.4byte	.LFE42-.LFB42
 344 0137 01       		.uleb128 0x1
 345 0138 9C       		.byte	0x9c
 346 0139 09       		.uleb128 0x9
 347 013a 0D010000 		.4byte	.LASF19
 348 013e 01       		.byte	0x1
 349 013f 0F       		.byte	0xf
 350 0140 6B000000 		.4byte	0x6b
 351 0144 05       		.uleb128 0x5
 352 0145 03       		.byte	0x3
 353 0146 00000000 		.4byte	TimeoutEnableFlags
 354 014a 09       		.uleb128 0x9
 355 014b 8E000000 		.4byte	.LASF20
 356 014f 01       		.byte	0x1
 357 0150 10       		.byte	0x10
 358 0151 6B000000 		.4byte	0x6b
 359 0155 05       		.uleb128 0x5
 360 0156 03       		.byte	0x3
 361 0157 00000000 		.4byte	TimeoutErrorFlags
 362 015b 09       		.uleb128 0x9
 363 015c 57020000 		.4byte	.LASF21
 364 0160 01       		.byte	0x1
 365 0161 12       		.byte	0x12
 366 0162 6B000000 		.4byte	0x6b
 367 0166 05       		.uleb128 0x5
 368 0167 03       		.byte	0x3
 369 0168 00000000 		.4byte	I2CTimeoutCounter
 370 016c 0A       		.uleb128 0xa
 371 016d AD010000 		.4byte	.LASF22
 372 0171 02       		.byte	0x2
 373 0172 3201     		.2byte	0x132
 374 0174 0B       		.uleb128 0xb
 375 0175 D9000000 		.4byte	.LASF23
 376 0179 03       		.byte	0x3
 377 017a 17       		.byte	0x17
 378 017b 0A       		.uleb128 0xa
 379 017c 83010000 		.4byte	.LASF24
ARM GAS  C:\Users\ADMINI~1\AppData\Local\Temp\cc9LrWxG.s 			page 10


 380 0180 02       		.byte	0x2
 381 0181 3301     		.2byte	0x133
 382 0183 0B       		.uleb128 0xb
 383 0184 C7000000 		.4byte	.LASF25
 384 0188 03       		.byte	0x3
 385 0189 19       		.byte	0x19
 386 018a 00       		.byte	0
 387              		.section	.debug_abbrev,"",%progbits
 388              	.Ldebug_abbrev0:
 389 0000 01       		.uleb128 0x1
 390 0001 11       		.uleb128 0x11
 391 0002 01       		.byte	0x1
 392 0003 25       		.uleb128 0x25
 393 0004 0E       		.uleb128 0xe
 394 0005 13       		.uleb128 0x13
 395 0006 0B       		.uleb128 0xb
 396 0007 03       		.uleb128 0x3
 397 0008 0E       		.uleb128 0xe
 398 0009 1B       		.uleb128 0x1b
 399 000a 0E       		.uleb128 0xe
 400 000b 55       		.uleb128 0x55
 401 000c 17       		.uleb128 0x17
 402 000d 11       		.uleb128 0x11
 403 000e 01       		.uleb128 0x1
 404 000f 10       		.uleb128 0x10
 405 0010 17       		.uleb128 0x17
 406 0011 00       		.byte	0
 407 0012 00       		.byte	0
 408 0013 02       		.uleb128 0x2
 409 0014 24       		.uleb128 0x24
 410 0015 00       		.byte	0
 411 0016 0B       		.uleb128 0xb
 412 0017 0B       		.uleb128 0xb
 413 0018 3E       		.uleb128 0x3e
 414 0019 0B       		.uleb128 0xb
 415 001a 03       		.uleb128 0x3
 416 001b 0E       		.uleb128 0xe
 417 001c 00       		.byte	0
 418 001d 00       		.byte	0
 419 001e 03       		.uleb128 0x3
 420 001f 24       		.uleb128 0x24
 421 0020 00       		.byte	0
 422 0021 0B       		.uleb128 0xb
 423 0022 0B       		.uleb128 0xb
 424 0023 3E       		.uleb128 0x3e
 425 0024 0B       		.uleb128 0xb
 426 0025 03       		.uleb128 0x3
 427 0026 08       		.uleb128 0x8
 428 0027 00       		.byte	0
 429 0028 00       		.byte	0
 430 0029 04       		.uleb128 0x4
 431 002a 16       		.uleb128 0x16
 432 002b 00       		.byte	0
 433 002c 03       		.uleb128 0x3
 434 002d 0E       		.uleb128 0xe
 435 002e 3A       		.uleb128 0x3a
 436 002f 0B       		.uleb128 0xb
ARM GAS  C:\Users\ADMINI~1\AppData\Local\Temp\cc9LrWxG.s 			page 11


 437 0030 3B       		.uleb128 0x3b
 438 0031 05       		.uleb128 0x5
 439 0032 49       		.uleb128 0x49
 440 0033 13       		.uleb128 0x13
 441 0034 00       		.byte	0
 442 0035 00       		.byte	0
 443 0036 05       		.uleb128 0x5
 444 0037 2E       		.uleb128 0x2e
 445 0038 00       		.byte	0
 446 0039 3F       		.uleb128 0x3f
 447 003a 19       		.uleb128 0x19
 448 003b 03       		.uleb128 0x3
 449 003c 0E       		.uleb128 0xe
 450 003d 3A       		.uleb128 0x3a
 451 003e 0B       		.uleb128 0xb
 452 003f 3B       		.uleb128 0x3b
 453 0040 0B       		.uleb128 0xb
 454 0041 27       		.uleb128 0x27
 455 0042 19       		.uleb128 0x19
 456 0043 11       		.uleb128 0x11
 457 0044 01       		.uleb128 0x1
 458 0045 12       		.uleb128 0x12
 459 0046 06       		.uleb128 0x6
 460 0047 40       		.uleb128 0x40
 461 0048 18       		.uleb128 0x18
 462 0049 9742     		.uleb128 0x2117
 463 004b 19       		.uleb128 0x19
 464 004c 00       		.byte	0
 465 004d 00       		.byte	0
 466 004e 06       		.uleb128 0x6
 467 004f 2E       		.uleb128 0x2e
 468 0050 01       		.byte	0x1
 469 0051 3F       		.uleb128 0x3f
 470 0052 19       		.uleb128 0x19
 471 0053 03       		.uleb128 0x3
 472 0054 0E       		.uleb128 0xe
 473 0055 3A       		.uleb128 0x3a
 474 0056 0B       		.uleb128 0xb
 475 0057 3B       		.uleb128 0x3b
 476 0058 0B       		.uleb128 0xb
 477 0059 27       		.uleb128 0x27
 478 005a 19       		.uleb128 0x19
 479 005b 11       		.uleb128 0x11
 480 005c 01       		.uleb128 0x1
 481 005d 12       		.uleb128 0x12
 482 005e 06       		.uleb128 0x6
 483 005f 40       		.uleb128 0x40
 484 0060 18       		.uleb128 0x18
 485 0061 9742     		.uleb128 0x2117
 486 0063 19       		.uleb128 0x19
 487 0064 01       		.uleb128 0x1
 488 0065 13       		.uleb128 0x13
 489 0066 00       		.byte	0
 490 0067 00       		.byte	0
 491 0068 07       		.uleb128 0x7
 492 0069 898201   		.uleb128 0x4109
 493 006c 00       		.byte	0
ARM GAS  C:\Users\ADMINI~1\AppData\Local\Temp\cc9LrWxG.s 			page 12


 494 006d 11       		.uleb128 0x11
 495 006e 01       		.uleb128 0x1
 496 006f 31       		.uleb128 0x31
 497 0070 13       		.uleb128 0x13
 498 0071 00       		.byte	0
 499 0072 00       		.byte	0
 500 0073 08       		.uleb128 0x8
 501 0074 05       		.uleb128 0x5
 502 0075 00       		.byte	0
 503 0076 03       		.uleb128 0x3
 504 0077 0E       		.uleb128 0xe
 505 0078 3A       		.uleb128 0x3a
 506 0079 0B       		.uleb128 0xb
 507 007a 3B       		.uleb128 0x3b
 508 007b 0B       		.uleb128 0xb
 509 007c 49       		.uleb128 0x49
 510 007d 13       		.uleb128 0x13
 511 007e 02       		.uleb128 0x2
 512 007f 18       		.uleb128 0x18
 513 0080 00       		.byte	0
 514 0081 00       		.byte	0
 515 0082 09       		.uleb128 0x9
 516 0083 34       		.uleb128 0x34
 517 0084 00       		.byte	0
 518 0085 03       		.uleb128 0x3
 519 0086 0E       		.uleb128 0xe
 520 0087 3A       		.uleb128 0x3a
 521 0088 0B       		.uleb128 0xb
 522 0089 3B       		.uleb128 0x3b
 523 008a 0B       		.uleb128 0xb
 524 008b 49       		.uleb128 0x49
 525 008c 13       		.uleb128 0x13
 526 008d 3F       		.uleb128 0x3f
 527 008e 19       		.uleb128 0x19
 528 008f 02       		.uleb128 0x2
 529 0090 18       		.uleb128 0x18
 530 0091 00       		.byte	0
 531 0092 00       		.byte	0
 532 0093 0A       		.uleb128 0xa
 533 0094 2E       		.uleb128 0x2e
 534 0095 00       		.byte	0
 535 0096 3F       		.uleb128 0x3f
 536 0097 19       		.uleb128 0x19
 537 0098 03       		.uleb128 0x3
 538 0099 0E       		.uleb128 0xe
 539 009a 3A       		.uleb128 0x3a
 540 009b 0B       		.uleb128 0xb
 541 009c 3B       		.uleb128 0x3b
 542 009d 05       		.uleb128 0x5
 543 009e 27       		.uleb128 0x27
 544 009f 19       		.uleb128 0x19
 545 00a0 3C       		.uleb128 0x3c
 546 00a1 19       		.uleb128 0x19
 547 00a2 00       		.byte	0
 548 00a3 00       		.byte	0
 549 00a4 0B       		.uleb128 0xb
 550 00a5 2E       		.uleb128 0x2e
ARM GAS  C:\Users\ADMINI~1\AppData\Local\Temp\cc9LrWxG.s 			page 13


 551 00a6 00       		.byte	0
 552 00a7 3F       		.uleb128 0x3f
 553 00a8 19       		.uleb128 0x19
 554 00a9 03       		.uleb128 0x3
 555 00aa 0E       		.uleb128 0xe
 556 00ab 3A       		.uleb128 0x3a
 557 00ac 0B       		.uleb128 0xb
 558 00ad 3B       		.uleb128 0x3b
 559 00ae 0B       		.uleb128 0xb
 560 00af 27       		.uleb128 0x27
 561 00b0 19       		.uleb128 0x19
 562 00b1 3C       		.uleb128 0x3c
 563 00b2 19       		.uleb128 0x19
 564 00b3 00       		.byte	0
 565 00b4 00       		.byte	0
 566 00b5 00       		.byte	0
 567              		.section	.debug_aranges,"",%progbits
 568 0000 44000000 		.4byte	0x44
 569 0004 0200     		.2byte	0x2
 570 0006 00000000 		.4byte	.Ldebug_info0
 571 000a 04       		.byte	0x4
 572 000b 00       		.byte	0
 573 000c 0000     		.2byte	0
 574 000e 0000     		.2byte	0
 575 0010 00000000 		.4byte	.LFB37
 576 0014 02000000 		.4byte	.LFE37-.LFB37
 577 0018 00000000 		.4byte	.LFB38
 578 001c 0C000000 		.4byte	.LFE38-.LFB38
 579 0020 00000000 		.4byte	.LFB39
 580 0024 0C000000 		.4byte	.LFE39-.LFB39
 581 0028 00000000 		.4byte	.LFB40
 582 002c 14000000 		.4byte	.LFE40-.LFB40
 583 0030 00000000 		.4byte	.LFB41
 584 0034 10000000 		.4byte	.LFE41-.LFB41
 585 0038 00000000 		.4byte	.LFB42
 586 003c 10000000 		.4byte	.LFE42-.LFB42
 587 0040 00000000 		.4byte	0
 588 0044 00000000 		.4byte	0
 589              		.section	.debug_ranges,"",%progbits
 590              	.Ldebug_ranges0:
 591 0000 00000000 		.4byte	.LFB37
 592 0004 02000000 		.4byte	.LFE37
 593 0008 00000000 		.4byte	.LFB38
 594 000c 0C000000 		.4byte	.LFE38
 595 0010 00000000 		.4byte	.LFB39
 596 0014 0C000000 		.4byte	.LFE39
 597 0018 00000000 		.4byte	.LFB40
 598 001c 14000000 		.4byte	.LFE40
 599 0020 00000000 		.4byte	.LFB41
 600 0024 10000000 		.4byte	.LFE41
 601 0028 00000000 		.4byte	.LFB42
 602 002c 10000000 		.4byte	.LFE42
 603 0030 00000000 		.4byte	0
 604 0034 00000000 		.4byte	0
 605              		.section	.debug_line,"",%progbits
 606              	.Ldebug_line0:
 607 0000 E0000000 		.section	.debug_str,"MS",%progbits,1
ARM GAS  C:\Users\ADMINI~1\AppData\Local\Temp\cc9LrWxG.s 			page 14


 607      02006600 
 607      00000201 
 607      FB0E0D00 
 607      01010101 
 608              	.LASF26:
 609 0000 474E5520 		.ascii	"GNU C 4.9.3 20150303 (release) [ARM/embedded-4_9-br"
 609      4320342E 
 609      392E3320 
 609      32303135 
 609      30333033 
 610 0033 616E6368 		.ascii	"anch revision 221220] -mcpu=cortex-m0 -mthumb -g -O"
 610      20726576 
 610      6973696F 
 610      6E203232 
 610      31323230 
 611 0066 73202D66 		.ascii	"s -ffunction-sections -ffat-lto-objects\000"
 611      66756E63 
 611      74696F6E 
 611      2D736563 
 611      74696F6E 
 612              	.LASF20:
 613 008e 54696D65 		.ascii	"TimeoutErrorFlags\000"
 613      6F757445 
 613      72726F72 
 613      466C6167 
 613      7300
 614              	.LASF3:
 615 00a0 73686F72 		.ascii	"short unsigned int\000"
 615      7420756E 
 615      7369676E 
 615      65642069 
 615      6E7400
 616              	.LASF13:
 617 00b3 54696D65 		.ascii	"Timeout_Start\000"
 617      6F75745F 
 617      53746172 
 617      7400
 618              	.LASF9:
 619 00c1 666C6F61 		.ascii	"float\000"
 619      7400
 620              	.LASF25:
 621 00c7 6973725F 		.ascii	"isr_Timer1ms_Stop\000"
 621      54696D65 
 621      72316D73 
 621      5F53746F 
 621      7000
 622              	.LASF23:
 623 00d9 6973725F 		.ascii	"isr_Timer1ms_Start\000"
 623      54696D65 
 623      72316D73 
 623      5F537461 
 623      727400
 624              	.LASF1:
 625 00ec 756E7369 		.ascii	"unsigned char\000"
 625      676E6564 
 625      20636861 
 625      7200
ARM GAS  C:\Users\ADMINI~1\AppData\Local\Temp\cc9LrWxG.s 			page 15


 626              	.LASF16:
 627 00fa 54696D65 		.ascii	"Timer1ms_ISR\000"
 627      72316D73 
 627      5F495352 
 627      00
 628              	.LASF29:
 629 0107 75696E74 		.ascii	"uint8\000"
 629      3800
 630              	.LASF19:
 631 010d 54696D65 		.ascii	"TimeoutEnableFlags\000"
 631      6F757445 
 631      6E61626C 
 631      65466C61 
 631      677300
 632              	.LASF10:
 633 0120 646F7562 		.ascii	"double\000"
 633      6C6500
 634              	.LASF14:
 635 0127 54696D65 		.ascii	"Timeout_Stop\000"
 635      6F75745F 
 635      53746F70 
 635      00
 636              	.LASF18:
 637 0134 49324343 		.ascii	"I2CCommTimeout_ClearFlag\000"
 637      6F6D6D54 
 637      696D656F 
 637      75745F43 
 637      6C656172 
 638              	.LASF5:
 639 014d 6C6F6E67 		.ascii	"long unsigned int\000"
 639      20756E73 
 639      69676E65 
 639      6420696E 
 639      7400
 640              	.LASF8:
 641 015f 756E7369 		.ascii	"unsigned int\000"
 641      676E6564 
 641      20696E74 
 641      00
 642              	.LASF7:
 643 016c 6C6F6E67 		.ascii	"long long unsigned int\000"
 643      206C6F6E 
 643      6720756E 
 643      7369676E 
 643      65642069 
 644              	.LASF24:
 645 0183 54696D65 		.ascii	"Timer1ms_Stop\000"
 645      72316D73 
 645      5F53746F 
 645      7000
 646              	.LASF12:
 647 0191 73697A65 		.ascii	"sizetype\000"
 647      74797065 
 647      00
 648              	.LASF6:
 649 019a 6C6F6E67 		.ascii	"long long int\000"
 649      206C6F6E 
ARM GAS  C:\Users\ADMINI~1\AppData\Local\Temp\cc9LrWxG.s 			page 16


 649      6720696E 
 649      7400
 650              	.LASF11:
 651 01a8 63686172 		.ascii	"char\000"
 651      00
 652              	.LASF22:
 653 01ad 54696D65 		.ascii	"Timer1ms_Start\000"
 653      72316D73 
 653      5F537461 
 653      727400
 654              	.LASF15:
 655 01bc 49324343 		.ascii	"I2CCommTimeout_Enable\000"
 655      6F6D6D54 
 655      696D656F 
 655      75745F45 
 655      6E61626C 
 656              	.LASF2:
 657 01d2 73686F72 		.ascii	"short int\000"
 657      7420696E 
 657      7400
 658              	.LASF17:
 659 01dc 49324343 		.ascii	"I2CCommTimeout_Disable\000"
 659      6F6D6D54 
 659      696D656F 
 659      75745F44 
 659      69736162 
 660              	.LASF28:
 661 01f3 433A5C44 		.ascii	"C:\\Dropbox\\Projects\\George Posture Correction Pr"
 661      726F7062 
 661      6F785C50 
 661      726F6A65 
 661      6374735C 
 662 0223 6F6A6563 		.ascii	"oject\\BackBone\\BackBone_Bootloadable.cydsn\000"
 662      745C4261 
 662      636B426F 
 662      6E655C42 
 662      61636B42 
 663              	.LASF4:
 664 024e 6C6F6E67 		.ascii	"long int\000"
 664      20696E74 
 664      00
 665              	.LASF21:
 666 0257 49324354 		.ascii	"I2CTimeoutCounter\000"
 666      696D656F 
 666      7574436F 
 666      756E7465 
 666      7200
 667              	.LASF0:
 668 0269 7369676E 		.ascii	"signed char\000"
 668      65642063 
 668      68617200 
 669              	.LASF27:
 670 0275 2E5C7469 		.ascii	".\\timeout.c\000"
 670      6D656F75 
 670      742E6300 
 671              	.LASF30:
 672 0281 54696D65 		.ascii	"Timeout\000"
ARM GAS  C:\Users\ADMINI~1\AppData\Local\Temp\cc9LrWxG.s 			page 17


 672      6F757400 
 673              		.ident	"GCC: (GNU Tools for ARM Embedded Processors) 4.9.3 20150303 (release) [ARM/embedded-4_9-br
