--------------- Build Started: 10/06/2016 11:28:16 Project: BLE_OTA_FixedStack_Bootloader01, Configuration: ARM GCC 4.9-2015-q1-update Debug ---------------
cydsfit.exe -.appdatapath "C:\Users\Administrator\AppData\Local\Cypress Semiconductor\PSoC Creator\3.3" -.fdsnotice -.fdswarpdepfile=warp_dependencies.txt -.fdselabdepfile=elab_dependencies.txt -.fdsbldfile=generated_files.txt -p "C:\Dropbox\Projects\George Posture Correction Project\BackBone\BLE_OTA_FixedStack_Bootloader01.cydsn\BLE_OTA_FixedStack_Bootloader01.cyprj" -d CYBLE-222005-00 -s "C:\Dropbox\Projects\George Posture Correction Project\BackBone\BLE_OTA_FixedStack_Bootloader01.cydsn\Generated_Source\PSoC4" -- -yv2 -q10 -ygs -o2 -v3 -.fftcfgtype=LE
Elaborating Design...
HDL Generation ...
Synthesis ...
Place and Route ...
Tech mapping ...
ADD: pft.M0040: information: The following 2 pin(s) will be assigned a location by the fitter: Bootloader_Service_Activation(0), Bootloading_LED(0)
Analog Placement ...
Analog Routing ...
Analog Code Generation ...
Digital Placement ...
Digital Routing ...
Bitstream Generation ...
Static timing analysis ...
API Generation ...
Dependency Generation ...
Clean Temporary Files ...
arm-none-eabi-gcc.exe -mcpu=cortex-m0 -mthumb -Wno-main -I. -IGenerated_Source\PSoC4 -Wa,-alh=.\CortexM0\ARM_GCC_493\Debug/main.lst -g -D DEBUG -Wall -ffunction-sections -Og -ffat-lto-objects -c .\main.c -o .\CortexM0\ARM_GCC_493\Debug\main.o
arm-none-eabi-gcc.exe -mcpu=cortex-m0 -mthumb -Wno-main -I. -IGenerated_Source\PSoC4 -Wa,-alh=.\CortexM0\ARM_GCC_493\Debug/Debug.lst -g -D DEBUG -Wall -ffunction-sections -Og -ffat-lto-objects -c .\Debug.c -o .\CortexM0\ARM_GCC_493\Debug\Debug.o
arm-none-eabi-gcc.exe -mcpu=cortex-m0 -mthumb -Wno-main -I. -IGenerated_Source\PSoC4 -Wa,-alh=.\CortexM0\ARM_GCC_493\Debug/OTAOptional.lst -g -D DEBUG -Wall -ffunction-sections -Og -ffat-lto-objects -c .\OTAOptional.c -o .\CortexM0\ARM_GCC_493\Debug\OTAOptional.o
arm-none-eabi-gcc.exe -mcpu=cortex-m0 -mthumb -Wno-main -I. -IGenerated_Source\PSoC4 -Wa,-alh=.\CortexM0\ARM_GCC_493\Debug/Bootloader.lst -g -D DEBUG -Wall -ffunction-sections -Og -ffat-lto-objects -c .\Generated_Source\PSoC4\Bootloader.c -o .\CortexM0\ARM_GCC_493\Debug\Bootloader.o
arm-none-eabi-gcc.exe -mcpu=cortex-m0 -mthumb -Wno-main -I. -IGenerated_Source\PSoC4 -Wa,-alh=.\CortexM0\ARM_GCC_493\Debug/CyBle_bas.lst -g -D DEBUG -Wall -ffunction-sections -Og -ffat-lto-objects -c .\Generated_Source\PSoC4\CyBle_bas.c -o .\CortexM0\ARM_GCC_493\Debug\CyBle_bas.o
arm-none-eabi-gcc.exe -mcpu=cortex-m0 -mthumb -Wno-main -I. -IGenerated_Source\PSoC4 -Wa,-alh=.\CortexM0\ARM_GCC_493\Debug/CyBle.lst -g -D DEBUG -Wall -ffunction-sections -Og -ffat-lto-objects -c .\Generated_Source\PSoC4\CyBle.c -o .\CortexM0\ARM_GCC_493\Debug\CyBle.o
arm-none-eabi-gcc.exe -mcpu=cortex-m0 -mthumb -Wno-main -I. -IGenerated_Source\PSoC4 -Wa,-alh=.\CortexM0\ARM_GCC_493\Debug/CyBle_gatt.lst -g -D DEBUG -Wall -ffunction-sections -Og -ffat-lto-objects -c .\Generated_Source\PSoC4\CyBle_gatt.c -o .\CortexM0\ARM_GCC_493\Debug\CyBle_gatt.o
arm-none-eabi-gcc.exe -mcpu=cortex-m0 -mthumb -Wno-main -I. -IGenerated_Source\PSoC4 -Wa,-alh=.\CortexM0\ARM_GCC_493\Debug/CyBle_eventHandler.lst -g -D DEBUG -Wall -ffunction-sections -Og -ffat-lto-objects -c .\Generated_Source\PSoC4\CyBle_eventHandler.c -o .\CortexM0\ARM_GCC_493\Debug\CyBle_eventHandler.o
arm-none-eabi-gcc.exe -mcpu=cortex-m0 -mthumb -Wno-main -I. -IGenerated_Source\PSoC4 -Wa,-alh=.\CortexM0\ARM_GCC_493\Debug/CyBle_HAL_INT.lst -g -D DEBUG -Wall -ffunction-sections -Og -ffat-lto-objects -c .\Generated_Source\PSoC4\CyBle_HAL_INT.c -o .\CortexM0\ARM_GCC_493\Debug\CyBle_HAL_INT.o
arm-none-eabi-gcc.exe -mcpu=cortex-m0 -mthumb -Wno-main -I. -IGenerated_Source\PSoC4 -Wa,-alh=.\CortexM0\ARM_GCC_493\Debug/CyBle_HAL_PVT.lst -g -D DEBUG -Wall -ffunction-sections -Og -ffat-lto-objects -c .\Generated_Source\PSoC4\CyBle_HAL_PVT.c -o .\CortexM0\ARM_GCC_493\Debug\CyBle_HAL_PVT.o
arm-none-eabi-gcc.exe -mcpu=cortex-m0 -mthumb -Wno-main -I. -IGenerated_Source\PSoC4 -Wa,-alh=.\CortexM0\ARM_GCC_493\Debug/CyBle_dis.lst -g -D DEBUG -Wall -ffunction-sections -Og -ffat-lto-objects -c .\Generated_Source\PSoC4\CyBle_dis.c -o .\CortexM0\ARM_GCC_493\Debug\CyBle_dis.o
arm-none-eabi-gcc.exe -mcpu=cortex-m0 -mthumb -Wno-main -I. -IGenerated_Source\PSoC4 -Wa,-alh=.\CortexM0\ARM_GCC_493\Debug/CyBle_bts.lst -g -D DEBUG -Wall -ffunction-sections -Og -ffat-lto-objects -c .\Generated_Source\PSoC4\CyBle_bts.c -o .\CortexM0\ARM_GCC_493\Debug\CyBle_bts.o
arm-none-eabi-gcc.exe -mcpu=cortex-m0 -mthumb -Wno-main -I. -IGenerated_Source\PSoC4 -Wa,-alh=.\CortexM0\ARM_GCC_493\Debug/CyBle_custom.lst -g -D DEBUG -Wall -ffunction-sections -Og -ffat-lto-objects -c .\Generated_Source\PSoC4\CyBle_custom.c -o .\CortexM0\ARM_GCC_493\Debug\CyBle_custom.o
arm-none-eabi-ar.exe -rs .\CortexM0\ARM_GCC_493\Debug\BLE_OTA_FixedStack_Bootloader01.a .\CortexM0\ARM_GCC_493\Debug\cyfitter_cfg.o .\CortexM0\ARM_GCC_493\Debug\Advertising_LED_2.o .\CortexM0\ARM_GCC_493\Debug\Advertising_LED_2_PM.o .\CortexM0\ARM_GCC_493\Debug\WDT_Interrupt.o .\CortexM0\ARM_GCC_493\Debug\Wakeup_Interrupt.o .\CortexM0\ARM_GCC_493\Debug\Bootloader_Service_Activation.o .\CortexM0\ARM_GCC_493\Debug\Bootloader_Service_Activation_PM.o .\CortexM0\ARM_GCC_493\Debug\Advertising_LED_1.o .\CortexM0\ARM_GCC_493\Debug\Advertising_LED_1_PM.o .\CortexM0\ARM_GCC_493\Debug\Bootloading_LED.o .\CortexM0\ARM_GCC_493\Debug\Bootloading_LED_PM.o .\CortexM0\ARM_GCC_493\Debug\Bootloader.o .\CortexM0\ARM_GCC_493\Debug\UART_AsmGnu.o .\CortexM0\ARM_GCC_493\Debug\UART.o .\CortexM0\ARM_GCC_493\Debug\CyBle_bas.o .\CortexM0\ARM_GCC_493\Debug\CyBle.o .\CortexM0\ARM_GCC_493\Debug\CyBle_gatt.o .\CortexM0\ARM_GCC_493\Debug\CyBle_eventHandler.o .\CortexM0\ARM_GCC_493\Debug\CyBle_HAL_INT.o .\CortexM0\ARM_GCC_493\Debug\CyBle_HAL_PVT.o .\CortexM0\ARM_GCC_493\Debug\CyBle_dis.o .\CortexM0\ARM_GCC_493\Debug\CyBle_bts.o .\CortexM0\ARM_GCC_493\Debug\CyBle_custom.o .\CortexM0\ARM_GCC_493\Debug\CyBle_bless_isr.o .\CortexM0\ARM_GCC_493\Debug\CyBootAsmGnu.o .\CortexM0\ARM_GCC_493\Debug\CyFlash.o .\CortexM0\ARM_GCC_493\Debug\CyLib.o .\CortexM0\ARM_GCC_493\Debug\cyPm.o .\CortexM0\ARM_GCC_493\Debug\cyutils.o .\CortexM0\ARM_GCC_493\Debug\CyLFClk.o
arm-none-eabi-ar.exe: creating .\CortexM0\ARM_GCC_493\Debug\BLE_OTA_FixedStack_Bootloader01.a
arm-none-eabi-gcc.exe -Wl,--start-group -o .\CortexM0\ARM_GCC_493\Debug\BLE_OTA_FixedStack_Bootloader01.elf .\CortexM0\ARM_GCC_493\Debug\main.o .\CortexM0\ARM_GCC_493\Debug\Debug.o .\CortexM0\ARM_GCC_493\Debug\OTAMandatory.o .\CortexM0\ARM_GCC_493\Debug\OTAOptional.o .\CortexM0\ARM_GCC_493\Debug\cymetadata.o .\CortexM0\ARM_GCC_493\Debug\Cm0Start.o .\CortexM0\ARM_GCC_493\Debug\BLE_OTA_FixedStack_Bootloader01.a "C:\Program Files (x86)\Cypress\PSoC Creator\3.3\PSoC Creator\psoc\content\cycomponentlibrary\CyComponentLibrary.cylib\BLE_v3_10\Library\gccCyBLEStack_BLE_SOC_PERIPHERAL.a" "C:\Program Files (x86)\Cypress\PSoC Creator\3.3\PSoC Creator\psoc\content\cycomponentlibrary\CyComponentLibrary.cylib\CortexM0\ARM_GCC_493\Debug\CyComponentLibrary.a" -mcpu=cortex-m0 -mthumb -g -ffunction-sections -Og -ffat-lto-objects -L Generated_Source\PSoC4 -Wl,-Map,.\CortexM0\ARM_GCC_493\Debug/BLE_OTA_FixedStack_Bootloader01.map -T .\cm0gcc.ld -specs=nano.specs -Wl,--gc-sections -Wl,--end-group
cyelftool.exe -P "C:\Dropbox\Projects\George Posture Correction Project\BackBone\BLE_OTA_FixedStack_Bootloader01.cydsn\CortexM0\ARM_GCC_493\Debug\BLE_OTA_FixedStack_Bootloader01.elf" --flash_row_size 256 --flash_size 262144 --size_var_name Bootloader_SizeBytes --checksum_var_name Bootloader_Checksum --ignore 0xC0
cyelftool.exe -S "C:\Dropbox\Projects\George Posture Correction Project\BackBone\BLE_OTA_FixedStack_Bootloader01.cydsn\CortexM0\ARM_GCC_493\Debug\BLE_OTA_FixedStack_Bootloader01.elf"
Flash used: 91392 of 262144 bytes (34.9 %).
SRAM used: 12812 of 32768 bytes (39.1 %). Stack: 2048 bytes. Heap: 1024 bytes.
--------------- Build Succeeded: 10/06/2016 11:28:31 ---------------
