ARM GAS  C:\Users\ADMINI~1\AppData\Local\Temp\ccqbvTHt.s 			page 1


   1              		.cpu cortex-m0
   2              		.fpu softvfp
   3              		.eabi_attribute 20, 1
   4              		.eabi_attribute 21, 1
   5              		.eabi_attribute 23, 3
   6              		.eabi_attribute 24, 1
   7              		.eabi_attribute 25, 1
   8              		.eabi_attribute 26, 1
   9              		.eabi_attribute 30, 1
  10              		.eabi_attribute 34, 0
  11              		.eabi_attribute 18, 4
  12              		.code	16
  13              		.file	"CyBle_custom.c"
  14              		.text
  15              	.Ltext0:
  16              		.cfi_sections	.debug_frame
  17              		.section	.text.CyBle_CustomInit,"ax",%progbits
  18              		.align	2
  19              		.global	CyBle_CustomInit
  20              		.code	16
  21              		.thumb_func
  22              		.type	CyBle_CustomInit, %function
  23              	CyBle_CustomInit:
  24              	.LFB2:
  25              		.file 1 ".\\Generated_Source\\PSoC4\\CyBle_custom.c"
   1:.\Generated_Source\PSoC4/CyBle_custom.c **** /***************************************************************************//**
   2:.\Generated_Source\PSoC4/CyBle_custom.c **** * \file CYBLE_custom.c
   3:.\Generated_Source\PSoC4/CyBle_custom.c **** * \version 3.10
   4:.\Generated_Source\PSoC4/CyBle_custom.c **** * 
   5:.\Generated_Source\PSoC4/CyBle_custom.c **** * \brief
   6:.\Generated_Source\PSoC4/CyBle_custom.c **** *  Contains the source code for the Custom Service.
   7:.\Generated_Source\PSoC4/CyBle_custom.c **** * 
   8:.\Generated_Source\PSoC4/CyBle_custom.c **** ********************************************************************************
   9:.\Generated_Source\PSoC4/CyBle_custom.c **** * \copyright
  10:.\Generated_Source\PSoC4/CyBle_custom.c **** * Copyright 2014-2016, Cypress Semiconductor Corporation.  All rights reserved.
  11:.\Generated_Source\PSoC4/CyBle_custom.c **** * You may use this file only in accordance with the license, terms, conditions,
  12:.\Generated_Source\PSoC4/CyBle_custom.c **** * disclaimers, and limitations in the end user license agreement accompanying
  13:.\Generated_Source\PSoC4/CyBle_custom.c **** * the software package with which this file was provided.
  14:.\Generated_Source\PSoC4/CyBle_custom.c **** *******************************************************************************/
  15:.\Generated_Source\PSoC4/CyBle_custom.c **** 
  16:.\Generated_Source\PSoC4/CyBle_custom.c **** 
  17:.\Generated_Source\PSoC4/CyBle_custom.c **** #include "CyBle_eventHandler.h"
  18:.\Generated_Source\PSoC4/CyBle_custom.c **** 
  19:.\Generated_Source\PSoC4/CyBle_custom.c **** #ifdef CYBLE_CUSTOM_SERVER
  20:.\Generated_Source\PSoC4/CyBle_custom.c **** 
  21:.\Generated_Source\PSoC4/CyBle_custom.c **** /* If any custom service with custom characterisctis is defined in the
  22:.\Generated_Source\PSoC4/CyBle_custom.c **** * customizer's GUI their handles will be present in this array.
  23:.\Generated_Source\PSoC4/CyBle_custom.c **** */
  24:.\Generated_Source\PSoC4/CyBle_custom.c **** /* This array contains attribute handles for the defined Custom Services and their characteristics 
  25:.\Generated_Source\PSoC4/CyBle_custom.c ****    The array index definitions are located in the CYBLE_custom.h file. */
  26:.\Generated_Source\PSoC4/CyBle_custom.c **** const CYBLE_CUSTOMS_T cyBle_customs[0x01u] = {
  27:.\Generated_Source\PSoC4/CyBle_custom.c **** 
  28:.\Generated_Source\PSoC4/CyBle_custom.c ****     /* BackBone service */
  29:.\Generated_Source\PSoC4/CyBle_custom.c ****     {
  30:.\Generated_Source\PSoC4/CyBle_custom.c ****         0x0018u, /* Handle of the BackBone service */ 
  31:.\Generated_Source\PSoC4/CyBle_custom.c ****         {
  32:.\Generated_Source\PSoC4/CyBle_custom.c **** 
ARM GAS  C:\Users\ADMINI~1\AppData\Local\Temp\ccqbvTHt.s 			page 2


  33:.\Generated_Source\PSoC4/CyBle_custom.c ****             /* Write Data characteristic */
  34:.\Generated_Source\PSoC4/CyBle_custom.c ****             {
  35:.\Generated_Source\PSoC4/CyBle_custom.c ****                 0x001Au, /* Handle of the Write Data characteristic */ 
  36:.\Generated_Source\PSoC4/CyBle_custom.c ****                 
  37:.\Generated_Source\PSoC4/CyBle_custom.c ****                 /* Array of Descriptors handles */
  38:.\Generated_Source\PSoC4/CyBle_custom.c ****                 {
  39:.\Generated_Source\PSoC4/CyBle_custom.c ****                     0x001Bu, /* Handle of the Client Characteristic Configuration descriptor */ 
  40:.\Generated_Source\PSoC4/CyBle_custom.c ****                     0x001Cu, /* Handle of the Characteristic User Description descriptor */ 
  41:.\Generated_Source\PSoC4/CyBle_custom.c ****                 }, 
  42:.\Generated_Source\PSoC4/CyBle_custom.c ****             },
  43:.\Generated_Source\PSoC4/CyBle_custom.c **** 
  44:.\Generated_Source\PSoC4/CyBle_custom.c ****             /* Accelerometer characteristic */
  45:.\Generated_Source\PSoC4/CyBle_custom.c ****             {
  46:.\Generated_Source\PSoC4/CyBle_custom.c ****                 0x001Eu, /* Handle of the Accelerometer characteristic */ 
  47:.\Generated_Source\PSoC4/CyBle_custom.c ****                 
  48:.\Generated_Source\PSoC4/CyBle_custom.c ****                 /* Array of Descriptors handles */
  49:.\Generated_Source\PSoC4/CyBle_custom.c ****                 {
  50:.\Generated_Source\PSoC4/CyBle_custom.c ****                     0x001Fu, /* Handle of the Client Characteristic Configuration descriptor */ 
  51:.\Generated_Source\PSoC4/CyBle_custom.c ****                     0x0020u, /* Handle of the Characteristic User Description descriptor */ 
  52:.\Generated_Source\PSoC4/CyBle_custom.c ****                 }, 
  53:.\Generated_Source\PSoC4/CyBle_custom.c ****             },
  54:.\Generated_Source\PSoC4/CyBle_custom.c **** 
  55:.\Generated_Source\PSoC4/CyBle_custom.c ****             /* Gyroscope characteristic */
  56:.\Generated_Source\PSoC4/CyBle_custom.c ****             {
  57:.\Generated_Source\PSoC4/CyBle_custom.c ****                 0x0022u, /* Handle of the Gyroscope characteristic */ 
  58:.\Generated_Source\PSoC4/CyBle_custom.c ****                 
  59:.\Generated_Source\PSoC4/CyBle_custom.c ****                 /* Array of Descriptors handles */
  60:.\Generated_Source\PSoC4/CyBle_custom.c ****                 {
  61:.\Generated_Source\PSoC4/CyBle_custom.c ****                     0x0023u, /* Handle of the Client Characteristic Configuration descriptor */ 
  62:.\Generated_Source\PSoC4/CyBle_custom.c ****                     0x0024u, /* Handle of the Characteristic User Description descriptor */ 
  63:.\Generated_Source\PSoC4/CyBle_custom.c ****                 }, 
  64:.\Generated_Source\PSoC4/CyBle_custom.c ****             },
  65:.\Generated_Source\PSoC4/CyBle_custom.c **** 
  66:.\Generated_Source\PSoC4/CyBle_custom.c ****             /* Pedometer characteristic */
  67:.\Generated_Source\PSoC4/CyBle_custom.c ****             {
  68:.\Generated_Source\PSoC4/CyBle_custom.c ****                 0x0026u, /* Handle of the Pedometer characteristic */ 
  69:.\Generated_Source\PSoC4/CyBle_custom.c ****                 
  70:.\Generated_Source\PSoC4/CyBle_custom.c ****                 /* Array of Descriptors handles */
  71:.\Generated_Source\PSoC4/CyBle_custom.c ****                 {
  72:.\Generated_Source\PSoC4/CyBle_custom.c ****                     0x0027u, /* Handle of the Client Characteristic Configuration descriptor */ 
  73:.\Generated_Source\PSoC4/CyBle_custom.c ****                     0x0028u, /* Handle of the Characteristic User Description descriptor */ 
  74:.\Generated_Source\PSoC4/CyBle_custom.c ****                 }, 
  75:.\Generated_Source\PSoC4/CyBle_custom.c ****             },
  76:.\Generated_Source\PSoC4/CyBle_custom.c **** 
  77:.\Generated_Source\PSoC4/CyBle_custom.c ****             /* ConfigData characteristic */
  78:.\Generated_Source\PSoC4/CyBle_custom.c ****             {
  79:.\Generated_Source\PSoC4/CyBle_custom.c ****                 0x002Au, /* Handle of the ConfigData characteristic */ 
  80:.\Generated_Source\PSoC4/CyBle_custom.c ****                 
  81:.\Generated_Source\PSoC4/CyBle_custom.c ****                 /* Array of Descriptors handles */
  82:.\Generated_Source\PSoC4/CyBle_custom.c ****                 {
  83:.\Generated_Source\PSoC4/CyBle_custom.c ****                     0x002Bu, /* Handle of the Client Characteristic Configuration descriptor */ 
  84:.\Generated_Source\PSoC4/CyBle_custom.c ****                     0x002Cu, /* Handle of the Characteristic User Description descriptor */ 
  85:.\Generated_Source\PSoC4/CyBle_custom.c ****                 }, 
  86:.\Generated_Source\PSoC4/CyBle_custom.c ****             },
  87:.\Generated_Source\PSoC4/CyBle_custom.c **** 
  88:.\Generated_Source\PSoC4/CyBle_custom.c ****             /* EnterBootloader characteristic */
  89:.\Generated_Source\PSoC4/CyBle_custom.c ****             {
ARM GAS  C:\Users\ADMINI~1\AppData\Local\Temp\ccqbvTHt.s 			page 3


  90:.\Generated_Source\PSoC4/CyBle_custom.c ****                 0x002Eu, /* Handle of the EnterBootloader characteristic */ 
  91:.\Generated_Source\PSoC4/CyBle_custom.c ****                 
  92:.\Generated_Source\PSoC4/CyBle_custom.c ****                 /* Array of Descriptors handles */
  93:.\Generated_Source\PSoC4/CyBle_custom.c ****                 {
  94:.\Generated_Source\PSoC4/CyBle_custom.c ****                     0x002Fu, /* Handle of the Client Characteristic Configuration descriptor */ 
  95:.\Generated_Source\PSoC4/CyBle_custom.c ****                     0x0030u, /* Handle of the Characteristic User Description descriptor */ 
  96:.\Generated_Source\PSoC4/CyBle_custom.c ****                 }, 
  97:.\Generated_Source\PSoC4/CyBle_custom.c ****             },
  98:.\Generated_Source\PSoC4/CyBle_custom.c **** 
  99:.\Generated_Source\PSoC4/CyBle_custom.c ****             /* Version characteristic */
 100:.\Generated_Source\PSoC4/CyBle_custom.c ****             {
 101:.\Generated_Source\PSoC4/CyBle_custom.c ****                 0x0032u, /* Handle of the Version characteristic */ 
 102:.\Generated_Source\PSoC4/CyBle_custom.c ****                 
 103:.\Generated_Source\PSoC4/CyBle_custom.c ****                 /* Array of Descriptors handles */
 104:.\Generated_Source\PSoC4/CyBle_custom.c ****                 {
 105:.\Generated_Source\PSoC4/CyBle_custom.c ****                     0x0033u, /* Handle of the Characteristic User Description descriptor */ 
 106:.\Generated_Source\PSoC4/CyBle_custom.c ****                     0x0034u, /* Handle of the Client Characteristic Configuration descriptor */ 
 107:.\Generated_Source\PSoC4/CyBle_custom.c ****                 }, 
 108:.\Generated_Source\PSoC4/CyBle_custom.c ****             },
 109:.\Generated_Source\PSoC4/CyBle_custom.c ****         }, 
 110:.\Generated_Source\PSoC4/CyBle_custom.c ****     },
 111:.\Generated_Source\PSoC4/CyBle_custom.c **** };
 112:.\Generated_Source\PSoC4/CyBle_custom.c **** 
 113:.\Generated_Source\PSoC4/CyBle_custom.c **** 
 114:.\Generated_Source\PSoC4/CyBle_custom.c **** #endif /* (CYBLE_CUSTOM_SERVER) */
 115:.\Generated_Source\PSoC4/CyBle_custom.c **** 
 116:.\Generated_Source\PSoC4/CyBle_custom.c **** #ifdef CYBLE_CUSTOM_CLIENT
 117:.\Generated_Source\PSoC4/CyBle_custom.c ****     
 118:.\Generated_Source\PSoC4/CyBle_custom.c **** 
 119:.\Generated_Source\PSoC4/CyBle_custom.c **** static uint16 cyBle_customDisServIndex;
 120:.\Generated_Source\PSoC4/CyBle_custom.c **** static uint16 cyBle_customDisCharIndex;
 121:.\Generated_Source\PSoC4/CyBle_custom.c **** 
 122:.\Generated_Source\PSoC4/CyBle_custom.c **** #endif /* (CYBLE_CUSTOM_CLIENT) */
 123:.\Generated_Source\PSoC4/CyBle_custom.c **** 
 124:.\Generated_Source\PSoC4/CyBle_custom.c **** 
 125:.\Generated_Source\PSoC4/CyBle_custom.c **** /****************************************************************************** 
 126:.\Generated_Source\PSoC4/CyBle_custom.c **** * Function Name: CyBle_CustomInit
 127:.\Generated_Source\PSoC4/CyBle_custom.c **** ***************************************************************************//**
 128:.\Generated_Source\PSoC4/CyBle_custom.c **** * 
 129:.\Generated_Source\PSoC4/CyBle_custom.c **** *  This function initializes Custom Service.
 130:.\Generated_Source\PSoC4/CyBle_custom.c **** * 
 131:.\Generated_Source\PSoC4/CyBle_custom.c **** * \return
 132:.\Generated_Source\PSoC4/CyBle_custom.c **** *  None
 133:.\Generated_Source\PSoC4/CyBle_custom.c **** * 
 134:.\Generated_Source\PSoC4/CyBle_custom.c **** ******************************************************************************/
 135:.\Generated_Source\PSoC4/CyBle_custom.c **** void CyBle_CustomInit(void)
 136:.\Generated_Source\PSoC4/CyBle_custom.c **** {
  26              		.loc 1 136 0
  27              		.cfi_startproc
 137:.\Generated_Source\PSoC4/CyBle_custom.c ****     
 138:.\Generated_Source\PSoC4/CyBle_custom.c **** #ifdef CYBLE_CUSTOM_CLIENT
 139:.\Generated_Source\PSoC4/CyBle_custom.c **** 
 140:.\Generated_Source\PSoC4/CyBle_custom.c ****     uint16 locServIndex;
 141:.\Generated_Source\PSoC4/CyBle_custom.c ****     uint16 locCharIndex;
 142:.\Generated_Source\PSoC4/CyBle_custom.c ****     uint16 locDescIndex;
 143:.\Generated_Source\PSoC4/CyBle_custom.c ****     
 144:.\Generated_Source\PSoC4/CyBle_custom.c ****     for(locServIndex = 0u; locServIndex < CYBLE_CUSTOMC_SERVICE_COUNT; locServIndex++)
ARM GAS  C:\Users\ADMINI~1\AppData\Local\Temp\ccqbvTHt.s 			page 4


 145:.\Generated_Source\PSoC4/CyBle_custom.c ****     {
 146:.\Generated_Source\PSoC4/CyBle_custom.c ****         if(cyBle_serverInfo[CYBLE_SRVI_CUSTOMS + locServIndex].range.startHandle == CYBLE_GATT_INVA
 147:.\Generated_Source\PSoC4/CyBle_custom.c ****         {
 148:.\Generated_Source\PSoC4/CyBle_custom.c ****             for(locCharIndex = 0u; locCharIndex < cyBle_customCServ[locServIndex].charCount; locCha
 149:.\Generated_Source\PSoC4/CyBle_custom.c ****             {
 150:.\Generated_Source\PSoC4/CyBle_custom.c ****                 cyBle_customCServ[locServIndex].customServChar[locCharIndex].
 151:.\Generated_Source\PSoC4/CyBle_custom.c ****                     customServCharHandle = 0u;
 152:.\Generated_Source\PSoC4/CyBle_custom.c ****                 
 153:.\Generated_Source\PSoC4/CyBle_custom.c ****                 for(locDescIndex = 0u; locDescIndex < 
 154:.\Generated_Source\PSoC4/CyBle_custom.c ****                     cyBle_customCServ[locServIndex].customServChar[locCharIndex].descCount; 
 155:.\Generated_Source\PSoC4/CyBle_custom.c ****                         locDescIndex++)
 156:.\Generated_Source\PSoC4/CyBle_custom.c ****                 {
 157:.\Generated_Source\PSoC4/CyBle_custom.c ****                     cyBle_customCServ[locServIndex].customServChar[locCharIndex].
 158:.\Generated_Source\PSoC4/CyBle_custom.c ****                         customServCharDesc[locDescIndex].descHandle = 0u;
 159:.\Generated_Source\PSoC4/CyBle_custom.c ****                 }
 160:.\Generated_Source\PSoC4/CyBle_custom.c ****             }
 161:.\Generated_Source\PSoC4/CyBle_custom.c ****         }
 162:.\Generated_Source\PSoC4/CyBle_custom.c ****     }
 163:.\Generated_Source\PSoC4/CyBle_custom.c **** 
 164:.\Generated_Source\PSoC4/CyBle_custom.c **** #endif /* (CYBLE_CUSTOM_CLIENT) */
 165:.\Generated_Source\PSoC4/CyBle_custom.c **** }
  28              		.loc 1 165 0
  29              		@ sp needed
  30 0000 7047     		bx	lr
  31              		.cfi_endproc
  32              	.LFE2:
  33              		.size	CyBle_CustomInit, .-CyBle_CustomInit
  34              		.global	cyBle_customs
  35 0002 C046     		.section	.rodata
  36              		.align	2
  37              		.type	cyBle_customs, %object
  38              		.size	cyBle_customs, 44
  39              	cyBle_customs:
  40 0000 1800     		.short	24
  41 0002 1A00     		.short	26
  42 0004 1B00     		.short	27
  43 0006 1C00     		.short	28
  44 0008 1E00     		.short	30
  45 000a 1F00     		.short	31
  46 000c 2000     		.short	32
  47 000e 2200     		.short	34
  48 0010 2300     		.short	35
  49 0012 2400     		.short	36
  50 0014 2600     		.short	38
  51 0016 2700     		.short	39
  52 0018 2800     		.short	40
  53 001a 2A00     		.short	42
  54 001c 2B00     		.short	43
  55 001e 2C00     		.short	44
  56 0020 2E00     		.short	46
  57 0022 2F00     		.short	47
  58 0024 3000     		.short	48
  59 0026 3200     		.short	50
  60 0028 3300     		.short	51
  61 002a 3400     		.short	52
  62              		.text
  63              	.Letext0:
ARM GAS  C:\Users\ADMINI~1\AppData\Local\Temp\ccqbvTHt.s 			page 5


  64              		.file 2 ".\\Generated_Source\\PSoC4\\cytypes.h"
  65              		.file 3 ".\\Generated_Source\\PSoC4\\CyBle_StackGatt.h"
  66              		.file 4 ".\\Generated_Source\\PSoC4\\CyBle_custom.h"
  67              		.file 5 ".\\Generated_Source\\PSoC4\\CyBle_Stack.h"
  68              		.file 6 ".\\Generated_Source\\PSoC4\\CyBle_dis.h"
  69              		.section	.debug_info,"",%progbits
  70              	.Ldebug_info0:
  71 0000 4D030000 		.4byte	0x34d
  72 0004 0400     		.2byte	0x4
  73 0006 00000000 		.4byte	.Ldebug_abbrev0
  74 000a 04       		.byte	0x4
  75 000b 01       		.uleb128 0x1
  76 000c 030A0000 		.4byte	.LASF97
  77 0010 01       		.byte	0x1
  78 0011 82090000 		.4byte	.LASF98
  79 0015 05010000 		.4byte	.LASF99
  80 0019 00000000 		.4byte	.Ldebug_ranges0+0
  81 001d 00000000 		.4byte	0
  82 0021 00000000 		.4byte	.Ldebug_line0
  83 0025 02       		.uleb128 0x2
  84 0026 01       		.byte	0x1
  85 0027 06       		.byte	0x6
  86 0028 52050000 		.4byte	.LASF0
  87 002c 02       		.uleb128 0x2
  88 002d 01       		.byte	0x1
  89 002e 08       		.byte	0x8
  90 002f C4040000 		.4byte	.LASF1
  91 0033 02       		.uleb128 0x2
  92 0034 02       		.byte	0x2
  93 0035 05       		.byte	0x5
  94 0036 B7000000 		.4byte	.LASF2
  95 003a 02       		.uleb128 0x2
  96 003b 02       		.byte	0x2
  97 003c 07       		.byte	0x7
  98 003d 02070000 		.4byte	.LASF3
  99 0041 02       		.uleb128 0x2
 100 0042 04       		.byte	0x4
 101 0043 05       		.byte	0x5
 102 0044 61030000 		.4byte	.LASF4
 103 0048 02       		.uleb128 0x2
 104 0049 04       		.byte	0x4
 105 004a 07       		.byte	0x7
 106 004b E3050000 		.4byte	.LASF5
 107 004f 02       		.uleb128 0x2
 108 0050 08       		.byte	0x8
 109 0051 05       		.byte	0x5
 110 0052 82010000 		.4byte	.LASF6
 111 0056 02       		.uleb128 0x2
 112 0057 08       		.byte	0x8
 113 0058 07       		.byte	0x7
 114 0059 35030000 		.4byte	.LASF7
 115 005d 03       		.uleb128 0x3
 116 005e 04       		.byte	0x4
 117 005f 05       		.byte	0x5
 118 0060 696E7400 		.ascii	"int\000"
 119 0064 02       		.uleb128 0x2
 120 0065 04       		.byte	0x4
ARM GAS  C:\Users\ADMINI~1\AppData\Local\Temp\ccqbvTHt.s 			page 6


 121 0066 07       		.byte	0x7
 122 0067 BB050000 		.4byte	.LASF8
 123 006b 04       		.uleb128 0x4
 124 006c 1C020000 		.4byte	.LASF79
 125 0070 02       		.byte	0x2
 126 0071 9901     		.2byte	0x199
 127 0073 3A000000 		.4byte	0x3a
 128 0077 02       		.uleb128 0x2
 129 0078 04       		.byte	0x4
 130 0079 04       		.byte	0x4
 131 007a CC020000 		.4byte	.LASF9
 132 007e 02       		.uleb128 0x2
 133 007f 08       		.byte	0x8
 134 0080 04       		.byte	0x4
 135 0081 CA070000 		.4byte	.LASF10
 136 0085 02       		.uleb128 0x2
 137 0086 01       		.byte	0x1
 138 0087 08       		.byte	0x8
 139 0088 E1060000 		.4byte	.LASF11
 140 008c 02       		.uleb128 0x2
 141 008d 04       		.byte	0x4
 142 008e 07       		.byte	0x7
 143 008f DB000000 		.4byte	.LASF12
 144 0093 05       		.uleb128 0x5
 145 0094 01       		.byte	0x1
 146 0095 05       		.byte	0x5
 147 0096 4201     		.2byte	0x142
 148 0098 50020000 		.4byte	0x250
 149 009c 06       		.uleb128 0x6
 150 009d 76020000 		.4byte	.LASF13
 151 00a1 00       		.sleb128 0
 152 00a2 06       		.uleb128 0x6
 153 00a3 EB010000 		.4byte	.LASF14
 154 00a7 01       		.sleb128 1
 155 00a8 06       		.uleb128 0x6
 156 00a9 4C090000 		.4byte	.LASF15
 157 00ad 02       		.sleb128 2
 158 00ae 06       		.uleb128 0x6
 159 00af 1A080000 		.4byte	.LASF16
 160 00b3 03       		.sleb128 3
 161 00b4 06       		.uleb128 0x6
 162 00b5 C5010000 		.4byte	.LASF17
 163 00b9 04       		.sleb128 4
 164 00ba 06       		.uleb128 0x6
 165 00bb F3030000 		.4byte	.LASF18
 166 00bf 05       		.sleb128 5
 167 00c0 06       		.uleb128 0x6
 168 00c1 3E000000 		.4byte	.LASF19
 169 00c5 06       		.sleb128 6
 170 00c6 06       		.uleb128 0x6
 171 00c7 78080000 		.4byte	.LASF20
 172 00cb 20       		.sleb128 32
 173 00cc 06       		.uleb128 0x6
 174 00cd F5050000 		.4byte	.LASF21
 175 00d1 21       		.sleb128 33
 176 00d2 06       		.uleb128 0x6
 177 00d3 00000000 		.4byte	.LASF22
ARM GAS  C:\Users\ADMINI~1\AppData\Local\Temp\ccqbvTHt.s 			page 7


 178 00d7 22       		.sleb128 34
 179 00d8 06       		.uleb128 0x6
 180 00d9 26040000 		.4byte	.LASF23
 181 00dd 23       		.sleb128 35
 182 00de 06       		.uleb128 0x6
 183 00df 9F050000 		.4byte	.LASF24
 184 00e3 24       		.sleb128 36
 185 00e4 06       		.uleb128 0x6
 186 00e5 C1000000 		.4byte	.LASF25
 187 00e9 25       		.sleb128 37
 188 00ea 06       		.uleb128 0x6
 189 00eb AA030000 		.4byte	.LASF26
 190 00ef 26       		.sleb128 38
 191 00f0 06       		.uleb128 0x6
 192 00f1 8B030000 		.4byte	.LASF27
 193 00f5 27       		.sleb128 39
 194 00f6 06       		.uleb128 0x6
 195 00f7 71000000 		.4byte	.LASF28
 196 00fb 28       		.sleb128 40
 197 00fc 06       		.uleb128 0x6
 198 00fd 2D060000 		.4byte	.LASF29
 199 0101 29       		.sleb128 41
 200 0102 06       		.uleb128 0x6
 201 0103 91060000 		.4byte	.LASF30
 202 0107 2A       		.sleb128 42
 203 0108 06       		.uleb128 0x6
 204 0109 6A070000 		.4byte	.LASF31
 205 010d 2B       		.sleb128 43
 206 010e 06       		.uleb128 0x6
 207 010f 6D060000 		.4byte	.LASF32
 208 0113 2C       		.sleb128 44
 209 0114 06       		.uleb128 0x6
 210 0115 EB020000 		.4byte	.LASF33
 211 0119 2D       		.sleb128 45
 212 011a 06       		.uleb128 0x6
 213 011b 93000000 		.4byte	.LASF34
 214 011f 2E       		.sleb128 46
 215 0120 06       		.uleb128 0x6
 216 0121 300B0000 		.4byte	.LASF35
 217 0125 2F       		.sleb128 47
 218 0126 06       		.uleb128 0x6
 219 0127 E4000000 		.4byte	.LASF36
 220 012b 30       		.sleb128 48
 221 012c 06       		.uleb128 0x6
 222 012d 7A040000 		.4byte	.LASF37
 223 0131 31       		.sleb128 49
 224 0132 06       		.uleb128 0x6
 225 0133 14030000 		.4byte	.LASF38
 226 0137 32       		.sleb128 50
 227 0138 06       		.uleb128 0x6
 228 0139 BA060000 		.4byte	.LASF39
 229 013d 33       		.sleb128 51
 230 013e 06       		.uleb128 0x6
 231 013f 57000000 		.4byte	.LASF40
 232 0143 C000     		.sleb128 64
 233 0145 06       		.uleb128 0x6
 234 0146 C8050000 		.4byte	.LASF41
ARM GAS  C:\Users\ADMINI~1\AppData\Local\Temp\ccqbvTHt.s 			page 8


 235 014a C100     		.sleb128 65
 236 014c 06       		.uleb128 0x6
 237 014d FE0A0000 		.4byte	.LASF42
 238 0151 C200     		.sleb128 66
 239 0153 06       		.uleb128 0x6
 240 0154 FE010000 		.4byte	.LASF43
 241 0158 C300     		.sleb128 67
 242 015a 06       		.uleb128 0x6
 243 015b 17090000 		.4byte	.LASF44
 244 015f C400     		.sleb128 68
 245 0161 06       		.uleb128 0x6
 246 0162 B8080000 		.4byte	.LASF45
 247 0166 C500     		.sleb128 69
 248 0168 06       		.uleb128 0x6
 249 0169 F6080000 		.4byte	.LASF46
 250 016d C600     		.sleb128 70
 251 016f 06       		.uleb128 0x6
 252 0170 34050000 		.4byte	.LASF47
 253 0174 C700     		.sleb128 71
 254 0176 06       		.uleb128 0x6
 255 0177 78050000 		.4byte	.LASF48
 256 017b C800     		.sleb128 72
 257 017d 06       		.uleb128 0x6
 258 017e D2020000 		.4byte	.LASF49
 259 0182 C900     		.sleb128 73
 260 0184 06       		.uleb128 0x6
 261 0185 2D070000 		.4byte	.LASF50
 262 0189 CA00     		.sleb128 74
 263 018b 06       		.uleb128 0x6
 264 018c 36020000 		.4byte	.LASF51
 265 0190 CB00     		.sleb128 75
 266 0192 06       		.uleb128 0x6
 267 0193 5E050000 		.4byte	.LASF52
 268 0197 CC00     		.sleb128 76
 269 0199 06       		.uleb128 0x6
 270 019a 24000000 		.4byte	.LASF53
 271 019e CD00     		.sleb128 77
 272 01a0 06       		.uleb128 0x6
 273 01a1 A7010000 		.4byte	.LASF54
 274 01a5 CE00     		.sleb128 78
 275 01a7 06       		.uleb128 0x6
 276 01a8 E1040000 		.4byte	.LASF55
 277 01ac CF00     		.sleb128 79
 278 01ae 06       		.uleb128 0x6
 279 01af 910A0000 		.4byte	.LASF56
 280 01b3 D000     		.sleb128 80
 281 01b5 06       		.uleb128 0x6
 282 01b6 4B070000 		.4byte	.LASF57
 283 01ba D100     		.sleb128 81
 284 01bc 06       		.uleb128 0x6
 285 01bd D2030000 		.4byte	.LASF58
 286 01c1 D200     		.sleb128 82
 287 01c3 06       		.uleb128 0x6
 288 01c4 6A030000 		.4byte	.LASF59
 289 01c8 D300     		.sleb128 83
 290 01ca 06       		.uleb128 0x6
 291 01cb 55020000 		.4byte	.LASF60
ARM GAS  C:\Users\ADMINI~1\AppData\Local\Temp\ccqbvTHt.s 			page 9


 292 01cf D400     		.sleb128 84
 293 01d1 06       		.uleb128 0x6
 294 01d2 DA0A0000 		.4byte	.LASF61
 295 01d6 D500     		.sleb128 85
 296 01d8 06       		.uleb128 0x6
 297 01d9 E1090000 		.4byte	.LASF62
 298 01dd D600     		.sleb128 86
 299 01df 06       		.uleb128 0x6
 300 01e0 B8090000 		.4byte	.LASF63
 301 01e4 D700     		.sleb128 87
 302 01e6 06       		.uleb128 0x6
 303 01e7 4A060000 		.4byte	.LASF64
 304 01eb D800     		.sleb128 88
 305 01ed 06       		.uleb128 0x6
 306 01ee 9E040000 		.4byte	.LASF65
 307 01f2 F000     		.sleb128 112
 308 01f4 06       		.uleb128 0x6
 309 01f5 52080000 		.4byte	.LASF66
 310 01f9 F100     		.sleb128 113
 311 01fb 06       		.uleb128 0x6
 312 01fc E6060000 		.4byte	.LASF67
 313 0200 F200     		.sleb128 114
 314 0202 06       		.uleb128 0x6
 315 0203 8D020000 		.4byte	.LASF68
 316 0207 F300     		.sleb128 115
 317 0209 06       		.uleb128 0x6
 318 020a 5C040000 		.4byte	.LASF69
 319 020e F400     		.sleb128 116
 320 0210 06       		.uleb128 0x6
 321 0211 0C060000 		.4byte	.LASF70
 322 0215 F500     		.sleb128 117
 323 0217 06       		.uleb128 0x6
 324 0218 AB020000 		.4byte	.LASF71
 325 021c F600     		.sleb128 118
 326 021e 06       		.uleb128 0x6
 327 021f 33080000 		.4byte	.LASF72
 328 0223 F700     		.sleb128 119
 329 0225 06       		.uleb128 0x6
 330 0226 A7070000 		.4byte	.LASF73
 331 022a F800     		.sleb128 120
 332 022c 06       		.uleb128 0x6
 333 022d D1070000 		.4byte	.LASF74
 334 0231 F900     		.sleb128 121
 335 0233 06       		.uleb128 0x6
 336 0234 5E090000 		.4byte	.LASF75
 337 0238 FA00     		.sleb128 122
 338 023a 06       		.uleb128 0x6
 339 023b 89070000 		.4byte	.LASF76
 340 023f FA01     		.sleb128 250
 341 0241 06       		.uleb128 0x6
 342 0242 00050000 		.4byte	.LASF77
 343 0246 FB01     		.sleb128 251
 344 0248 06       		.uleb128 0x6
 345 0249 AA090000 		.4byte	.LASF78
 346 024d FF01     		.sleb128 255
 347 024f 00       		.byte	0
 348 0250 04       		.uleb128 0x4
ARM GAS  C:\Users\ADMINI~1\AppData\Local\Temp\ccqbvTHt.s 			page 10


 349 0251 B00A0000 		.4byte	.LASF80
 350 0255 03       		.byte	0x3
 351 0256 9201     		.2byte	0x192
 352 0258 6B000000 		.4byte	0x6b
 353 025c 07       		.uleb128 0x7
 354 025d 06       		.byte	0x6
 355 025e 04       		.byte	0x4
 356 025f 6D       		.byte	0x6d
 357 0260 7D020000 		.4byte	0x27d
 358 0264 08       		.uleb128 0x8
 359 0265 1F050000 		.4byte	.LASF81
 360 0269 04       		.byte	0x4
 361 026a 70       		.byte	0x70
 362 026b 50020000 		.4byte	0x250
 363 026f 00       		.byte	0
 364 0270 08       		.uleb128 0x8
 365 0271 23020000 		.4byte	.LASF82
 366 0275 04       		.byte	0x4
 367 0276 72       		.byte	0x72
 368 0277 7D020000 		.4byte	0x27d
 369 027b 02       		.byte	0x2
 370 027c 00       		.byte	0
 371 027d 09       		.uleb128 0x9
 372 027e 50020000 		.4byte	0x250
 373 0282 8D020000 		.4byte	0x28d
 374 0286 0A       		.uleb128 0xa
 375 0287 8C000000 		.4byte	0x8c
 376 028b 01       		.byte	0x1
 377 028c 00       		.byte	0
 378 028d 0B       		.uleb128 0xb
 379 028e 4C030000 		.4byte	.LASF83
 380 0292 04       		.byte	0x4
 381 0293 74       		.byte	0x74
 382 0294 5C020000 		.4byte	0x25c
 383 0298 07       		.uleb128 0x7
 384 0299 2C       		.byte	0x2c
 385 029a 04       		.byte	0x4
 386 029b 77       		.byte	0x77
 387 029c B9020000 		.4byte	0x2b9
 388 02a0 08       		.uleb128 0x8
 389 02a1 09080000 		.4byte	.LASF84
 390 02a5 04       		.byte	0x4
 391 02a6 7A       		.byte	0x7a
 392 02a7 50020000 		.4byte	0x250
 393 02ab 00       		.byte	0
 394 02ac 08       		.uleb128 0x8
 395 02ad D2040000 		.4byte	.LASF85
 396 02b1 04       		.byte	0x4
 397 02b2 7D       		.byte	0x7d
 398 02b3 B9020000 		.4byte	0x2b9
 399 02b7 02       		.byte	0x2
 400 02b8 00       		.byte	0
 401 02b9 09       		.uleb128 0x9
 402 02ba 8D020000 		.4byte	0x28d
 403 02be C9020000 		.4byte	0x2c9
 404 02c2 0A       		.uleb128 0xa
 405 02c3 8C000000 		.4byte	0x8c
ARM GAS  C:\Users\ADMINI~1\AppData\Local\Temp\ccqbvTHt.s 			page 11


 406 02c7 06       		.byte	0x6
 407 02c8 00       		.byte	0
 408 02c9 0B       		.uleb128 0xb
 409 02ca 4C040000 		.4byte	.LASF86
 410 02ce 04       		.byte	0x4
 411 02cf 7F       		.byte	0x7f
 412 02d0 98020000 		.4byte	0x298
 413 02d4 0C       		.uleb128 0xc
 414 02d5 01       		.byte	0x1
 415 02d6 06       		.byte	0x6
 416 02d7 22       		.byte	0x22
 417 02d8 19030000 		.4byte	0x319
 418 02dc 06       		.uleb128 0x6
 419 02dd 9C080000 		.4byte	.LASF87
 420 02e1 00       		.sleb128 0
 421 02e2 06       		.uleb128 0x6
 422 02e3 0F040000 		.4byte	.LASF88
 423 02e7 01       		.sleb128 1
 424 02e8 06       		.uleb128 0x6
 425 02e9 6A010000 		.4byte	.LASF89
 426 02ed 02       		.sleb128 2
 427 02ee 06       		.uleb128 0x6
 428 02ef 35090000 		.4byte	.LASF90
 429 02f3 03       		.sleb128 3
 430 02f4 06       		.uleb128 0x6
 431 02f5 DF080000 		.4byte	.LASF91
 432 02f9 04       		.sleb128 4
 433 02fa 06       		.uleb128 0x6
 434 02fb 90010000 		.4byte	.LASF92
 435 02ff 05       		.sleb128 5
 436 0300 06       		.uleb128 0x6
 437 0301 1C0B0000 		.4byte	.LASF93
 438 0305 06       		.sleb128 6
 439 0306 06       		.uleb128 0x6
 440 0307 15070000 		.4byte	.LASF94
 441 030b 07       		.sleb128 7
 442 030c 06       		.uleb128 0x6
 443 030d 590B0000 		.4byte	.LASF95
 444 0311 08       		.sleb128 8
 445 0312 06       		.uleb128 0x6
 446 0313 F4070000 		.4byte	.LASF96
 447 0317 09       		.sleb128 9
 448 0318 00       		.byte	0
 449 0319 0D       		.uleb128 0xd
 450 031a DA010000 		.4byte	.LASF100
 451 031e 01       		.byte	0x1
 452 031f 87       		.byte	0x87
 453 0320 00000000 		.4byte	.LFB2
 454 0324 02000000 		.4byte	.LFE2-.LFB2
 455 0328 01       		.uleb128 0x1
 456 0329 9C       		.byte	0x9c
 457 032a 09       		.uleb128 0x9
 458 032b C9020000 		.4byte	0x2c9
 459 032f 3A030000 		.4byte	0x33a
 460 0333 0A       		.uleb128 0xa
 461 0334 8C000000 		.4byte	0x8c
 462 0338 00       		.byte	0
ARM GAS  C:\Users\ADMINI~1\AppData\Local\Temp\ccqbvTHt.s 			page 12


 463 0339 00       		.byte	0
 464 033a 0E       		.uleb128 0xe
 465 033b CC0A0000 		.4byte	.LASF101
 466 033f 01       		.byte	0x1
 467 0340 1A       		.byte	0x1a
 468 0341 4B030000 		.4byte	0x34b
 469 0345 05       		.uleb128 0x5
 470 0346 03       		.byte	0x3
 471 0347 00000000 		.4byte	cyBle_customs
 472 034b 0F       		.uleb128 0xf
 473 034c 2A030000 		.4byte	0x32a
 474 0350 00       		.byte	0
 475              		.section	.debug_abbrev,"",%progbits
 476              	.Ldebug_abbrev0:
 477 0000 01       		.uleb128 0x1
 478 0001 11       		.uleb128 0x11
 479 0002 01       		.byte	0x1
 480 0003 25       		.uleb128 0x25
 481 0004 0E       		.uleb128 0xe
 482 0005 13       		.uleb128 0x13
 483 0006 0B       		.uleb128 0xb
 484 0007 03       		.uleb128 0x3
 485 0008 0E       		.uleb128 0xe
 486 0009 1B       		.uleb128 0x1b
 487 000a 0E       		.uleb128 0xe
 488 000b 55       		.uleb128 0x55
 489 000c 17       		.uleb128 0x17
 490 000d 11       		.uleb128 0x11
 491 000e 01       		.uleb128 0x1
 492 000f 10       		.uleb128 0x10
 493 0010 17       		.uleb128 0x17
 494 0011 00       		.byte	0
 495 0012 00       		.byte	0
 496 0013 02       		.uleb128 0x2
 497 0014 24       		.uleb128 0x24
 498 0015 00       		.byte	0
 499 0016 0B       		.uleb128 0xb
 500 0017 0B       		.uleb128 0xb
 501 0018 3E       		.uleb128 0x3e
 502 0019 0B       		.uleb128 0xb
 503 001a 03       		.uleb128 0x3
 504 001b 0E       		.uleb128 0xe
 505 001c 00       		.byte	0
 506 001d 00       		.byte	0
 507 001e 03       		.uleb128 0x3
 508 001f 24       		.uleb128 0x24
 509 0020 00       		.byte	0
 510 0021 0B       		.uleb128 0xb
 511 0022 0B       		.uleb128 0xb
 512 0023 3E       		.uleb128 0x3e
 513 0024 0B       		.uleb128 0xb
 514 0025 03       		.uleb128 0x3
 515 0026 08       		.uleb128 0x8
 516 0027 00       		.byte	0
 517 0028 00       		.byte	0
 518 0029 04       		.uleb128 0x4
 519 002a 16       		.uleb128 0x16
ARM GAS  C:\Users\ADMINI~1\AppData\Local\Temp\ccqbvTHt.s 			page 13


 520 002b 00       		.byte	0
 521 002c 03       		.uleb128 0x3
 522 002d 0E       		.uleb128 0xe
 523 002e 3A       		.uleb128 0x3a
 524 002f 0B       		.uleb128 0xb
 525 0030 3B       		.uleb128 0x3b
 526 0031 05       		.uleb128 0x5
 527 0032 49       		.uleb128 0x49
 528 0033 13       		.uleb128 0x13
 529 0034 00       		.byte	0
 530 0035 00       		.byte	0
 531 0036 05       		.uleb128 0x5
 532 0037 04       		.uleb128 0x4
 533 0038 01       		.byte	0x1
 534 0039 0B       		.uleb128 0xb
 535 003a 0B       		.uleb128 0xb
 536 003b 3A       		.uleb128 0x3a
 537 003c 0B       		.uleb128 0xb
 538 003d 3B       		.uleb128 0x3b
 539 003e 05       		.uleb128 0x5
 540 003f 01       		.uleb128 0x1
 541 0040 13       		.uleb128 0x13
 542 0041 00       		.byte	0
 543 0042 00       		.byte	0
 544 0043 06       		.uleb128 0x6
 545 0044 28       		.uleb128 0x28
 546 0045 00       		.byte	0
 547 0046 03       		.uleb128 0x3
 548 0047 0E       		.uleb128 0xe
 549 0048 1C       		.uleb128 0x1c
 550 0049 0D       		.uleb128 0xd
 551 004a 00       		.byte	0
 552 004b 00       		.byte	0
 553 004c 07       		.uleb128 0x7
 554 004d 13       		.uleb128 0x13
 555 004e 01       		.byte	0x1
 556 004f 0B       		.uleb128 0xb
 557 0050 0B       		.uleb128 0xb
 558 0051 3A       		.uleb128 0x3a
 559 0052 0B       		.uleb128 0xb
 560 0053 3B       		.uleb128 0x3b
 561 0054 0B       		.uleb128 0xb
 562 0055 01       		.uleb128 0x1
 563 0056 13       		.uleb128 0x13
 564 0057 00       		.byte	0
 565 0058 00       		.byte	0
 566 0059 08       		.uleb128 0x8
 567 005a 0D       		.uleb128 0xd
 568 005b 00       		.byte	0
 569 005c 03       		.uleb128 0x3
 570 005d 0E       		.uleb128 0xe
 571 005e 3A       		.uleb128 0x3a
 572 005f 0B       		.uleb128 0xb
 573 0060 3B       		.uleb128 0x3b
 574 0061 0B       		.uleb128 0xb
 575 0062 49       		.uleb128 0x49
 576 0063 13       		.uleb128 0x13
ARM GAS  C:\Users\ADMINI~1\AppData\Local\Temp\ccqbvTHt.s 			page 14


 577 0064 38       		.uleb128 0x38
 578 0065 0B       		.uleb128 0xb
 579 0066 00       		.byte	0
 580 0067 00       		.byte	0
 581 0068 09       		.uleb128 0x9
 582 0069 01       		.uleb128 0x1
 583 006a 01       		.byte	0x1
 584 006b 49       		.uleb128 0x49
 585 006c 13       		.uleb128 0x13
 586 006d 01       		.uleb128 0x1
 587 006e 13       		.uleb128 0x13
 588 006f 00       		.byte	0
 589 0070 00       		.byte	0
 590 0071 0A       		.uleb128 0xa
 591 0072 21       		.uleb128 0x21
 592 0073 00       		.byte	0
 593 0074 49       		.uleb128 0x49
 594 0075 13       		.uleb128 0x13
 595 0076 2F       		.uleb128 0x2f
 596 0077 0B       		.uleb128 0xb
 597 0078 00       		.byte	0
 598 0079 00       		.byte	0
 599 007a 0B       		.uleb128 0xb
 600 007b 16       		.uleb128 0x16
 601 007c 00       		.byte	0
 602 007d 03       		.uleb128 0x3
 603 007e 0E       		.uleb128 0xe
 604 007f 3A       		.uleb128 0x3a
 605 0080 0B       		.uleb128 0xb
 606 0081 3B       		.uleb128 0x3b
 607 0082 0B       		.uleb128 0xb
 608 0083 49       		.uleb128 0x49
 609 0084 13       		.uleb128 0x13
 610 0085 00       		.byte	0
 611 0086 00       		.byte	0
 612 0087 0C       		.uleb128 0xc
 613 0088 04       		.uleb128 0x4
 614 0089 01       		.byte	0x1
 615 008a 0B       		.uleb128 0xb
 616 008b 0B       		.uleb128 0xb
 617 008c 3A       		.uleb128 0x3a
 618 008d 0B       		.uleb128 0xb
 619 008e 3B       		.uleb128 0x3b
 620 008f 0B       		.uleb128 0xb
 621 0090 01       		.uleb128 0x1
 622 0091 13       		.uleb128 0x13
 623 0092 00       		.byte	0
 624 0093 00       		.byte	0
 625 0094 0D       		.uleb128 0xd
 626 0095 2E       		.uleb128 0x2e
 627 0096 00       		.byte	0
 628 0097 3F       		.uleb128 0x3f
 629 0098 19       		.uleb128 0x19
 630 0099 03       		.uleb128 0x3
 631 009a 0E       		.uleb128 0xe
 632 009b 3A       		.uleb128 0x3a
 633 009c 0B       		.uleb128 0xb
ARM GAS  C:\Users\ADMINI~1\AppData\Local\Temp\ccqbvTHt.s 			page 15


 634 009d 3B       		.uleb128 0x3b
 635 009e 0B       		.uleb128 0xb
 636 009f 27       		.uleb128 0x27
 637 00a0 19       		.uleb128 0x19
 638 00a1 11       		.uleb128 0x11
 639 00a2 01       		.uleb128 0x1
 640 00a3 12       		.uleb128 0x12
 641 00a4 06       		.uleb128 0x6
 642 00a5 40       		.uleb128 0x40
 643 00a6 18       		.uleb128 0x18
 644 00a7 9742     		.uleb128 0x2117
 645 00a9 19       		.uleb128 0x19
 646 00aa 00       		.byte	0
 647 00ab 00       		.byte	0
 648 00ac 0E       		.uleb128 0xe
 649 00ad 34       		.uleb128 0x34
 650 00ae 00       		.byte	0
 651 00af 03       		.uleb128 0x3
 652 00b0 0E       		.uleb128 0xe
 653 00b1 3A       		.uleb128 0x3a
 654 00b2 0B       		.uleb128 0xb
 655 00b3 3B       		.uleb128 0x3b
 656 00b4 0B       		.uleb128 0xb
 657 00b5 49       		.uleb128 0x49
 658 00b6 13       		.uleb128 0x13
 659 00b7 3F       		.uleb128 0x3f
 660 00b8 19       		.uleb128 0x19
 661 00b9 02       		.uleb128 0x2
 662 00ba 18       		.uleb128 0x18
 663 00bb 00       		.byte	0
 664 00bc 00       		.byte	0
 665 00bd 0F       		.uleb128 0xf
 666 00be 26       		.uleb128 0x26
 667 00bf 00       		.byte	0
 668 00c0 49       		.uleb128 0x49
 669 00c1 13       		.uleb128 0x13
 670 00c2 00       		.byte	0
 671 00c3 00       		.byte	0
 672 00c4 00       		.byte	0
 673              		.section	.debug_aranges,"",%progbits
 674 0000 1C000000 		.4byte	0x1c
 675 0004 0200     		.2byte	0x2
 676 0006 00000000 		.4byte	.Ldebug_info0
 677 000a 04       		.byte	0x4
 678 000b 00       		.byte	0
 679 000c 0000     		.2byte	0
 680 000e 0000     		.2byte	0
 681 0010 00000000 		.4byte	.LFB2
 682 0014 02000000 		.4byte	.LFE2-.LFB2
 683 0018 00000000 		.4byte	0
 684 001c 00000000 		.4byte	0
 685              		.section	.debug_ranges,"",%progbits
 686              	.Ldebug_ranges0:
 687 0000 00000000 		.4byte	.LFB2
 688 0004 02000000 		.4byte	.LFE2
 689 0008 00000000 		.4byte	0
 690 000c 00000000 		.4byte	0
ARM GAS  C:\Users\ADMINI~1\AppData\Local\Temp\ccqbvTHt.s 			page 16


 691              		.section	.debug_line,"",%progbits
 692              	.Ldebug_line0:
 693 0000 AB000000 		.section	.debug_str,"MS",%progbits,1
 693      02009200 
 693      00000201 
 693      FB0E0D00 
 693      01010101 
 694              	.LASF22:
 695 0000 4359424C 		.ascii	"CYBLE_EVT_GAP_PASSKEY_ENTRY_REQUEST\000"
 695      455F4556 
 695      545F4741 
 695      505F5041 
 695      53534B45 
 696              	.LASF53:
 697 0024 4359424C 		.ascii	"CYBLE_EVT_GATTC_WRITE_RSP\000"
 697      455F4556 
 697      545F4741 
 697      5454435F 
 697      57524954 
 698              	.LASF19:
 699 003e 4359424C 		.ascii	"CYBLE_EVT_MEMORY_REQUEST\000"
 699      455F4556 
 699      545F4D45 
 699      4D4F5259 
 699      5F524551 
 700              	.LASF40:
 701 0057 4359424C 		.ascii	"CYBLE_EVT_GATTC_ERROR_RSP\000"
 701      455F4556 
 701      545F4741 
 701      5454435F 
 701      4552524F 
 702              	.LASF28:
 703 0071 4359424C 		.ascii	"CYBLE_EVT_GAP_DEVICE_DISCONNECTED\000"
 703      455F4556 
 703      545F4741 
 703      505F4445 
 703      56494345 
 704              	.LASF34:
 705 0093 4359424C 		.ascii	"CYBLE_EVT_GAP_KEYPRESS_NOTIFICATION\000"
 705      455F4556 
 705      545F4741 
 705      505F4B45 
 705      59505245 
 706              	.LASF2:
 707 00b7 73686F72 		.ascii	"short int\000"
 707      7420696E 
 707      7400
 708              	.LASF25:
 709 00c1 4359424C 		.ascii	"CYBLE_EVT_GAP_AUTH_FAILED\000"
 709      455F4556 
 709      545F4741 
 709      505F4155 
 709      54485F46 
 710              	.LASF12:
 711 00db 73697A65 		.ascii	"sizetype\000"
 711      74797065 
 711      00
ARM GAS  C:\Users\ADMINI~1\AppData\Local\Temp\ccqbvTHt.s 			page 17


 712              	.LASF36:
 713 00e4 4359424C 		.ascii	"CYBLE_EVT_GAP_DATA_LENGTH_CHANGE\000"
 713      455F4556 
 713      545F4741 
 713      505F4441 
 713      54415F4C 
 714              	.LASF99:
 715 0105 433A5C44 		.ascii	"C:\\Dropbox\\Projects\\George Posture Correction Pr"
 715      726F7062 
 715      6F785C50 
 715      726F6A65 
 715      6374735C 
 716 0135 6F6A6563 		.ascii	"oject\\BackBone\\BLE_OTA_FixedStack_Bootloader01.cy"
 716      745C4261 
 716      636B426F 
 716      6E655C42 
 716      4C455F4F 
 717 0166 64736E00 		.ascii	"dsn\000"
 718              	.LASF89:
 719 016a 4359424C 		.ascii	"CYBLE_DIS_SERIAL_NUMBER\000"
 719      455F4449 
 719      535F5345 
 719      5249414C 
 719      5F4E554D 
 720              	.LASF6:
 721 0182 6C6F6E67 		.ascii	"long long int\000"
 721      206C6F6E 
 721      6720696E 
 721      7400
 722              	.LASF92:
 723 0190 4359424C 		.ascii	"CYBLE_DIS_SOFTWARE_REV\000"
 723      455F4449 
 723      535F534F 
 723      46545741 
 723      52455F52 
 724              	.LASF54:
 725 01a7 4359424C 		.ascii	"CYBLE_EVT_GATTS_WRITE_CMD_REQ\000"
 725      455F4556 
 725      545F4741 
 725      5454535F 
 725      57524954 
 726              	.LASF17:
 727 01c5 4359424C 		.ascii	"CYBLE_EVT_HCI_STATUS\000"
 727      455F4556 
 727      545F4843 
 727      495F5354 
 727      41545553 
 728              	.LASF100:
 729 01da 4379426C 		.ascii	"CyBle_CustomInit\000"
 729      655F4375 
 729      73746F6D 
 729      496E6974 
 729      00
 730              	.LASF14:
 731 01eb 4359424C 		.ascii	"CYBLE_EVT_STACK_ON\000"
 731      455F4556 
 731      545F5354 
ARM GAS  C:\Users\ADMINI~1\AppData\Local\Temp\ccqbvTHt.s 			page 18


 731      41434B5F 
 731      4F4E00
 732              	.LASF43:
 733 01fe 4359424C 		.ascii	"CYBLE_EVT_GATTS_XCNHG_MTU_REQ\000"
 733      455F4556 
 733      545F4741 
 733      5454535F 
 733      58434E48 
 734              	.LASF79:
 735 021c 75696E74 		.ascii	"uint16\000"
 735      313600
 736              	.LASF82:
 737 0223 63757374 		.ascii	"customServCharDesc\000"
 737      6F6D5365 
 737      72764368 
 737      61724465 
 737      736300
 738              	.LASF51:
 739 0236 4359424C 		.ascii	"CYBLE_EVT_GATTC_READ_MULTI_RSP\000"
 739      455F4556 
 739      545F4741 
 739      5454435F 
 739      52454144 
 740              	.LASF60:
 741 0255 4359424C 		.ascii	"CYBLE_EVT_GATTS_HANDLE_VALUE_CNF\000"
 741      455F4556 
 741      545F4741 
 741      5454535F 
 741      48414E44 
 742              	.LASF13:
 743 0276 4359424C 		.ascii	"CYBLE_EVT_HOST_INVALID\000"
 743      455F4556 
 743      545F484F 
 743      53545F49 
 743      4E56414C 
 744              	.LASF68:
 745 028d 4359424C 		.ascii	"CYBLE_EVT_L2CAP_CBFC_CONN_IND\000"
 745      455F4556 
 745      545F4C32 
 745      4341505F 
 745      43424643 
 746              	.LASF71:
 747 02ab 4359424C 		.ascii	"CYBLE_EVT_L2CAP_CBFC_DISCONN_CNF\000"
 747      455F4556 
 747      545F4C32 
 747      4341505F 
 747      43424643 
 748              	.LASF9:
 749 02cc 666C6F61 		.ascii	"float\000"
 749      7400
 750              	.LASF49:
 751 02d2 4359424C 		.ascii	"CYBLE_EVT_GATTC_READ_RSP\000"
 751      455F4556 
 751      545F4741 
 751      5454435F 
 751      52454144 
 752              	.LASF33:
ARM GAS  C:\Users\ADMINI~1\AppData\Local\Temp\ccqbvTHt.s 			page 19


 753 02eb 4359424C 		.ascii	"CYBLE_EVT_GAP_NUMERIC_COMPARISON_REQUEST\000"
 753      455F4556 
 753      545F4741 
 753      505F4E55 
 753      4D455249 
 754              	.LASF38:
 755 0314 4359424C 		.ascii	"CYBLE_EVT_GAPC_DIRECT_ADV_REPORT\000"
 755      455F4556 
 755      545F4741 
 755      50435F44 
 755      49524543 
 756              	.LASF7:
 757 0335 6C6F6E67 		.ascii	"long long unsigned int\000"
 757      206C6F6E 
 757      6720756E 
 757      7369676E 
 757      65642069 
 758              	.LASF83:
 759 034c 4359424C 		.ascii	"CYBLE_CUSTOMS_INFO_T\000"
 759      455F4355 
 759      53544F4D 
 759      535F494E 
 759      464F5F54 
 760              	.LASF4:
 761 0361 6C6F6E67 		.ascii	"long int\000"
 761      20696E74 
 761      00
 762              	.LASF59:
 763 036a 4359424C 		.ascii	"CYBLE_EVT_GATTC_HANDLE_VALUE_IND\000"
 763      455F4556 
 763      545F4741 
 763      5454435F 
 763      48414E44 
 764              	.LASF27:
 765 038b 4359424C 		.ascii	"CYBLE_EVT_GAP_DEVICE_CONNECTED\000"
 765      455F4556 
 765      545F4741 
 765      505F4445 
 765      56494345 
 766              	.LASF26:
 767 03aa 4359424C 		.ascii	"CYBLE_EVT_GAPP_ADVERTISEMENT_START_STOP\000"
 767      455F4556 
 767      545F4741 
 767      50505F41 
 767      44564552 
 768              	.LASF58:
 769 03d2 4359424C 		.ascii	"CYBLE_EVT_GATTC_HANDLE_VALUE_NTF\000"
 769      455F4556 
 769      545F4741 
 769      5454435F 
 769      48414E44 
 770              	.LASF18:
 771 03f3 4359424C 		.ascii	"CYBLE_EVT_STACK_BUSY_STATUS\000"
 771      455F4556 
 771      545F5354 
 771      41434B5F 
 771      42555359 
ARM GAS  C:\Users\ADMINI~1\AppData\Local\Temp\ccqbvTHt.s 			page 20


 772              	.LASF88:
 773 040f 4359424C 		.ascii	"CYBLE_DIS_MODEL_NUMBER\000"
 773      455F4449 
 773      535F4D4F 
 773      44454C5F 
 773      4E554D42 
 774              	.LASF23:
 775 0426 4359424C 		.ascii	"CYBLE_EVT_GAP_PASSKEY_DISPLAY_REQUEST\000"
 775      455F4556 
 775      545F4741 
 775      505F5041 
 775      53534B45 
 776              	.LASF86:
 777 044c 4359424C 		.ascii	"CYBLE_CUSTOMS_T\000"
 777      455F4355 
 777      53544F4D 
 777      535F5400 
 778              	.LASF69:
 779 045c 4359424C 		.ascii	"CYBLE_EVT_L2CAP_CBFC_CONN_CNF\000"
 779      455F4556 
 779      545F4C32 
 779      4341505F 
 779      43424643 
 780              	.LASF37:
 781 047a 4359424C 		.ascii	"CYBLE_EVT_GAP_ENHANCE_CONN_COMPLETE\000"
 781      455F4556 
 781      545F4741 
 781      505F454E 
 781      48414E43 
 782              	.LASF65:
 783 049e 4359424C 		.ascii	"CYBLE_EVT_L2CAP_CONN_PARAM_UPDATE_REQ\000"
 783      455F4556 
 783      545F4C32 
 783      4341505F 
 783      434F4E4E 
 784              	.LASF1:
 785 04c4 756E7369 		.ascii	"unsigned char\000"
 785      676E6564 
 785      20636861 
 785      7200
 786              	.LASF85:
 787 04d2 63757374 		.ascii	"customServInfo\000"
 787      6F6D5365 
 787      7276496E 
 787      666F00
 788              	.LASF55:
 789 04e1 4359424C 		.ascii	"CYBLE_EVT_GATTS_PREP_WRITE_REQ\000"
 789      455F4556 
 789      545F4741 
 789      5454535F 
 789      50524550 
 790              	.LASF77:
 791 0500 4359424C 		.ascii	"CYBLE_EVT_LE_PING_AUTH_TIMEOUT\000"
 791      455F4556 
 791      545F4C45 
 791      5F50494E 
 791      475F4155 
ARM GAS  C:\Users\ADMINI~1\AppData\Local\Temp\ccqbvTHt.s 			page 21


 792              	.LASF81:
 793 051f 63757374 		.ascii	"customServCharHandle\000"
 793      6F6D5365 
 793      72764368 
 793      61724861 
 793      6E646C65 
 794              	.LASF47:
 795 0534 4359424C 		.ascii	"CYBLE_EVT_GATTC_FIND_INFO_RSP\000"
 795      455F4556 
 795      545F4741 
 795      5454435F 
 795      46494E44 
 796              	.LASF0:
 797 0552 7369676E 		.ascii	"signed char\000"
 797      65642063 
 797      68617200 
 798              	.LASF52:
 799 055e 4359424C 		.ascii	"CYBLE_EVT_GATTS_WRITE_REQ\000"
 799      455F4556 
 799      545F4741 
 799      5454535F 
 799      57524954 
 800              	.LASF48:
 801 0578 4359424C 		.ascii	"CYBLE_EVT_GATTC_FIND_BY_TYPE_VALUE_RSP\000"
 801      455F4556 
 801      545F4741 
 801      5454435F 
 801      46494E44 
 802              	.LASF24:
 803 059f 4359424C 		.ascii	"CYBLE_EVT_GAP_AUTH_COMPLETE\000"
 803      455F4556 
 803      545F4741 
 803      505F4155 
 803      54485F43 
 804              	.LASF8:
 805 05bb 756E7369 		.ascii	"unsigned int\000"
 805      676E6564 
 805      20696E74 
 805      00
 806              	.LASF41:
 807 05c8 4359424C 		.ascii	"CYBLE_EVT_GATT_CONNECT_IND\000"
 807      455F4556 
 807      545F4741 
 807      54545F43 
 807      4F4E4E45 
 808              	.LASF5:
 809 05e3 6C6F6E67 		.ascii	"long unsigned int\000"
 809      20756E73 
 809      69676E65 
 809      6420696E 
 809      7400
 810              	.LASF21:
 811 05f5 4359424C 		.ascii	"CYBLE_EVT_GAP_AUTH_REQ\000"
 811      455F4556 
 811      545F4741 
 811      505F4155 
 811      54485F52 
ARM GAS  C:\Users\ADMINI~1\AppData\Local\Temp\ccqbvTHt.s 			page 22


 812              	.LASF70:
 813 060c 4359424C 		.ascii	"CYBLE_EVT_L2CAP_CBFC_DISCONN_IND\000"
 813      455F4556 
 813      545F4C32 
 813      4341505F 
 813      43424643 
 814              	.LASF29:
 815 062d 4359424C 		.ascii	"CYBLE_EVT_GAP_ENCRYPT_CHANGE\000"
 815      455F4556 
 815      545F4741 
 815      505F454E 
 815      43525950 
 816              	.LASF64:
 817 064a 4359424C 		.ascii	"CYBLE_EVT_GATTC_LONG_PROCEDURE_END\000"
 817      455F4556 
 817      545F4741 
 817      5454435F 
 817      4C4F4E47 
 818              	.LASF32:
 819 066d 4359424C 		.ascii	"CYBLE_EVT_GAP_KEYINFO_EXCHNGE_CMPLT\000"
 819      455F4556 
 819      545F4741 
 819      505F4B45 
 819      59494E46 
 820              	.LASF30:
 821 0691 4359424C 		.ascii	"CYBLE_EVT_GAP_CONNECTION_UPDATE_COMPLETE\000"
 821      455F4556 
 821      545F4741 
 821      505F434F 
 821      4E4E4543 
 822              	.LASF39:
 823 06ba 4359424C 		.ascii	"CYBLE_EVT_GAP_SMP_NEGOTIATED_AUTH_INFO\000"
 823      455F4556 
 823      545F4741 
 823      505F534D 
 823      505F4E45 
 824              	.LASF11:
 825 06e1 63686172 		.ascii	"char\000"
 825      00
 826              	.LASF67:
 827 06e6 4359424C 		.ascii	"CYBLE_EVT_L2CAP_COMMAND_REJ\000"
 827      455F4556 
 827      545F4C32 
 827      4341505F 
 827      434F4D4D 
 828              	.LASF3:
 829 0702 73686F72 		.ascii	"short unsigned int\000"
 829      7420756E 
 829      7369676E 
 829      65642069 
 829      6E7400
 830              	.LASF94:
 831 0715 4359424C 		.ascii	"CYBLE_DIS_REG_CERT_DATA\000"
 831      455F4449 
 831      535F5245 
 831      475F4345 
 831      52545F44 
ARM GAS  C:\Users\ADMINI~1\AppData\Local\Temp\ccqbvTHt.s 			page 23


 832              	.LASF50:
 833 072d 4359424C 		.ascii	"CYBLE_EVT_GATTC_READ_BLOB_RSP\000"
 833      455F4556 
 833      545F4741 
 833      5454435F 
 833      52454144 
 834              	.LASF57:
 835 074b 4359424C 		.ascii	"CYBLE_EVT_GATTC_EXEC_WRITE_RSP\000"
 835      455F4556 
 835      545F4741 
 835      5454435F 
 835      45584543 
 836              	.LASF31:
 837 076a 4359424C 		.ascii	"CYBLE_EVT_GAPC_SCAN_START_STOP\000"
 837      455F4556 
 837      545F4741 
 837      50435F53 
 837      43414E5F 
 838              	.LASF76:
 839 0789 4359424C 		.ascii	"CYBLE_EVT_PENDING_FLASH_WRITE\000"
 839      455F4556 
 839      545F5045 
 839      4E44494E 
 839      475F464C 
 840              	.LASF73:
 841 07a7 4359424C 		.ascii	"CYBLE_EVT_L2CAP_CBFC_RX_CREDIT_IND\000"
 841      455F4556 
 841      545F4C32 
 841      4341505F 
 841      43424643 
 842              	.LASF10:
 843 07ca 646F7562 		.ascii	"double\000"
 843      6C6500
 844              	.LASF74:
 845 07d1 4359424C 		.ascii	"CYBLE_EVT_L2CAP_CBFC_TX_CREDIT_IND\000"
 845      455F4556 
 845      545F4C32 
 845      4341505F 
 845      43424643 
 846              	.LASF96:
 847 07f4 4359424C 		.ascii	"CYBLE_DIS_CHAR_COUNT\000"
 847      455F4449 
 847      535F4348 
 847      41525F43 
 847      4F554E54 
 848              	.LASF84:
 849 0809 63757374 		.ascii	"customServHandle\000"
 849      6F6D5365 
 849      72764861 
 849      6E646C65 
 849      00
 850              	.LASF16:
 851 081a 4359424C 		.ascii	"CYBLE_EVT_HARDWARE_ERROR\000"
 851      455F4556 
 851      545F4841 
 851      52445741 
 851      52455F45 
ARM GAS  C:\Users\ADMINI~1\AppData\Local\Temp\ccqbvTHt.s 			page 24


 852              	.LASF72:
 853 0833 4359424C 		.ascii	"CYBLE_EVT_L2CAP_CBFC_DATA_READ\000"
 853      455F4556 
 853      545F4C32 
 853      4341505F 
 853      43424643 
 854              	.LASF66:
 855 0852 4359424C 		.ascii	"CYBLE_EVT_L2CAP_CONN_PARAM_UPDATE_RSP\000"
 855      455F4556 
 855      545F4C32 
 855      4341505F 
 855      434F4E4E 
 856              	.LASF20:
 857 0878 4359424C 		.ascii	"CYBLE_EVT_GAPC_SCAN_PROGRESS_RESULT\000"
 857      455F4556 
 857      545F4741 
 857      50435F53 
 857      43414E5F 
 858              	.LASF87:
 859 089c 4359424C 		.ascii	"CYBLE_DIS_MANUFACTURER_NAME\000"
 859      455F4449 
 859      535F4D41 
 859      4E554641 
 859      43545552 
 860              	.LASF45:
 861 08b8 4359424C 		.ascii	"CYBLE_EVT_GATTC_READ_BY_GROUP_TYPE_RSP\000"
 861      455F4556 
 861      545F4741 
 861      5454435F 
 861      52454144 
 862              	.LASF91:
 863 08df 4359424C 		.ascii	"CYBLE_DIS_FIRMWARE_REV\000"
 863      455F4449 
 863      535F4649 
 863      524D5741 
 863      52455F52 
 864              	.LASF46:
 865 08f6 4359424C 		.ascii	"CYBLE_EVT_GATTC_READ_BY_TYPE_RSP\000"
 865      455F4556 
 865      545F4741 
 865      5454435F 
 865      52454144 
 866              	.LASF44:
 867 0917 4359424C 		.ascii	"CYBLE_EVT_GATTC_XCHNG_MTU_RSP\000"
 867      455F4556 
 867      545F4741 
 867      5454435F 
 867      5843484E 
 868              	.LASF90:
 869 0935 4359424C 		.ascii	"CYBLE_DIS_HARDWARE_REV\000"
 869      455F4449 
 869      535F4841 
 869      52445741 
 869      52455F52 
 870              	.LASF15:
 871 094c 4359424C 		.ascii	"CYBLE_EVT_TIMEOUT\000"
 871      455F4556 
ARM GAS  C:\Users\ADMINI~1\AppData\Local\Temp\ccqbvTHt.s 			page 25


 871      545F5449 
 871      4D454F55 
 871      5400
 872              	.LASF75:
 873 095e 4359424C 		.ascii	"CYBLE_EVT_L2CAP_CBFC_DATA_WRITE_IND\000"
 873      455F4556 
 873      545F4C32 
 873      4341505F 
 873      43424643 
 874              	.LASF98:
 875 0982 2E5C4765 		.ascii	".\\Generated_Source\\PSoC4\\CyBle_custom.c\000"
 875      6E657261 
 875      7465645F 
 875      536F7572 
 875      63655C50 
 876              	.LASF78:
 877 09aa 4359424C 		.ascii	"CYBLE_EVT_MAX\000"
 877      455F4556 
 877      545F4D41 
 877      5800
 878              	.LASF63:
 879 09b8 4359424C 		.ascii	"CYBLE_EVT_GATTS_READ_CHAR_VAL_ACCESS_REQ\000"
 879      455F4556 
 879      545F4741 
 879      5454535F 
 879      52454144 
 880              	.LASF62:
 881 09e1 4359424C 		.ascii	"CYBLE_EVT_GATTC_STOP_CMD_COMPLETE\000"
 881      455F4556 
 881      545F4741 
 881      5454435F 
 881      53544F50 
 882              	.LASF97:
 883 0a03 474E5520 		.ascii	"GNU C 4.9.3 20150303 (release) [ARM/embedded-4_9-br"
 883      4320342E 
 883      392E3320 
 883      32303135 
 883      30333033 
 884 0a36 616E6368 		.ascii	"anch revision 221220] -mcpu=cortex-m0 -mthumb -g -O"
 884      20726576 
 884      6973696F 
 884      6E203232 
 884      31323230 
 885 0a69 67202D66 		.ascii	"g -ffunction-sections -ffat-lto-objects\000"
 885      66756E63 
 885      74696F6E 
 885      2D736563 
 885      74696F6E 
 886              	.LASF56:
 887 0a91 4359424C 		.ascii	"CYBLE_EVT_GATTS_EXEC_WRITE_REQ\000"
 887      455F4556 
 887      545F4741 
 887      5454535F 
 887      45584543 
 888              	.LASF80:
 889 0ab0 4359424C 		.ascii	"CYBLE_GATT_DB_ATTR_HANDLE_T\000"
 889      455F4741 
ARM GAS  C:\Users\ADMINI~1\AppData\Local\Temp\ccqbvTHt.s 			page 26


 889      54545F44 
 889      425F4154 
 889      54525F48 
 890              	.LASF101:
 891 0acc 6379426C 		.ascii	"cyBle_customs\000"
 891      655F6375 
 891      73746F6D 
 891      7300
 892              	.LASF61:
 893 0ada 4359424C 		.ascii	"CYBLE_EVT_GATTS_DATA_SIGNED_CMD_REQ\000"
 893      455F4556 
 893      545F4741 
 893      5454535F 
 893      44415441 
 894              	.LASF42:
 895 0afe 4359424C 		.ascii	"CYBLE_EVT_GATT_DISCONNECT_IND\000"
 895      455F4556 
 895      545F4741 
 895      54545F44 
 895      4953434F 
 896              	.LASF93:
 897 0b1c 4359424C 		.ascii	"CYBLE_DIS_SYSTEM_ID\000"
 897      455F4449 
 897      535F5359 
 897      5354454D 
 897      5F494400 
 898              	.LASF35:
 899 0b30 4359424C 		.ascii	"CYBLE_EVT_GAP_OOB_GENERATED_NOTIFICATION\000"
 899      455F4556 
 899      545F4741 
 899      505F4F4F 
 899      425F4745 
 900              	.LASF95:
 901 0b59 4359424C 		.ascii	"CYBLE_DIS_PNP_ID\000"
 901      455F4449 
 901      535F504E 
 901      505F4944 
 901      00
 902              		.ident	"GCC: (GNU Tools for ARM Embedded Processors) 4.9.3 20150303 (release) [ARM/embedded-4_9-br
